2021-12-25 15:31:32 info: âš¡ï¸[server]: Server is running at http://localhost:3000
2021-12-25 15:31:32 info: âš¡ï¸[server]: API ROOT: http://localhost:3000/api/v1.0
2021-12-25 15:41:18 info: âš¡ï¸[server]: Server is running at http://localhost:3000
2021-12-25 15:41:18 info: âš¡ï¸[server]: API ROOT: http://localhost:3000/api/v1.0
2021-12-25 15:41:58 info: âš¡ï¸[server]: Server is running at http://localhost:3000
2021-12-25 15:41:58 info: âš¡ï¸[server]: API ROOT: http://localhost:3000/api/v1.0
2021-12-25 16:24:16 error: uncaughtException: @prisma/client did not initialize yet. Please run "prisma generate" and try to import it again.
In case this error is unexpected for you, please report it in https://github.com/prisma/prisma/issues
Error: @prisma/client did not initialize yet. Please run "prisma generate" and try to import it again.
In case this error is unexpected for you, please report it in https://github.com/prisma/prisma/issues
    at new PrismaClient (D:\Jay\Stock\stock-api\node_modules\.prisma\client\index.js:3:11)
    at new DatabaseService (D:\Jay\Stock\stock-api\src\config\db.ts:8:31)
    at _createInstance (D:\Jay\Stock\stock-api\node_modules\inversify\src\resolution\instantiation.ts:58:14)
    at resolveInstance (D:\Jay\Stock\stock-api\node_modules\inversify\src\resolution\instantiation.ts:145:18)
    at _getResolvedFromBinding (D:\Jay\Stock\stock-api\node_modules\inversify\src\resolution\resolver.ts:77:31)
    at D:\Jay\Stock\stock-api\node_modules\inversify\src\resolution\resolver.ts:111:18
    at _resolveInScope (D:\Jay\Stock\stock-api\node_modules\inversify\src\resolution\resolver.ts:100:12)
    at _resolveBinding (D:\Jay\Stock\stock-api\node_modules\inversify\src\resolution\resolver.ts:110:10)
    at D:\Jay\Stock\stock-api\node_modules\inversify\src\resolution\resolver.ts:41:14
    at childRequests.reduce.constructorInjections (D:\Jay\Stock\stock-api\node_modules\inversify\src\resolution\instantiation.ts:27:23)
2021-12-25 16:24:16 error: uncaughtException: @prisma/client did not initialize yet. Please run "prisma generate" and try to import it again.
In case this error is unexpected for you, please report it in https://github.com/prisma/prisma/issues
Error: @prisma/client did not initialize yet. Please run "prisma generate" and try to import it again.
In case this error is unexpected for you, please report it in https://github.com/prisma/prisma/issues
    at new PrismaClient (D:\Jay\Stock\stock-api\node_modules\.prisma\client\index.js:3:11)
    at new DatabaseService (D:\Jay\Stock\stock-api\src\config\db.ts:8:31)
    at _createInstance (D:\Jay\Stock\stock-api\node_modules\inversify\src\resolution\instantiation.ts:58:14)
    at resolveInstance (D:\Jay\Stock\stock-api\node_modules\inversify\src\resolution\instantiation.ts:145:18)
    at _getResolvedFromBinding (D:\Jay\Stock\stock-api\node_modules\inversify\src\resolution\resolver.ts:77:31)
    at D:\Jay\Stock\stock-api\node_modules\inversify\src\resolution\resolver.ts:111:18
    at _resolveInScope (D:\Jay\Stock\stock-api\node_modules\inversify\src\resolution\resolver.ts:100:12)
    at _resolveBinding (D:\Jay\Stock\stock-api\node_modules\inversify\src\resolution\resolver.ts:110:10)
    at D:\Jay\Stock\stock-api\node_modules\inversify\src\resolution\resolver.ts:41:14
    at childRequests.reduce.constructorInjections (D:\Jay\Stock\stock-api\node_modules\inversify\src\resolution\instantiation.ts:27:23)
2021-12-25 16:24:16 error: uncaughtException: @prisma/client did not initialize yet. Please run "prisma generate" and try to import it again.
In case this error is unexpected for you, please report it in https://github.com/prisma/prisma/issues
Error: @prisma/client did not initialize yet. Please run "prisma generate" and try to import it again.
In case this error is unexpected for you, please report it in https://github.com/prisma/prisma/issues
    at new PrismaClient (D:\Jay\Stock\stock-api\node_modules\.prisma\client\index.js:3:11)
    at new DatabaseService (D:\Jay\Stock\stock-api\src\config\db.ts:8:31)
    at _createInstance (D:\Jay\Stock\stock-api\node_modules\inversify\src\resolution\instantiation.ts:58:14)
    at resolveInstance (D:\Jay\Stock\stock-api\node_modules\inversify\src\resolution\instantiation.ts:145:18)
    at _getResolvedFromBinding (D:\Jay\Stock\stock-api\node_modules\inversify\src\resolution\resolver.ts:77:31)
    at D:\Jay\Stock\stock-api\node_modules\inversify\src\resolution\resolver.ts:111:18
    at _resolveInScope (D:\Jay\Stock\stock-api\node_modules\inversify\src\resolution\resolver.ts:100:12)
    at _resolveBinding (D:\Jay\Stock\stock-api\node_modules\inversify\src\resolution\resolver.ts:110:10)
    at D:\Jay\Stock\stock-api\node_modules\inversify\src\resolution\resolver.ts:41:14
    at childRequests.reduce.constructorInjections (D:\Jay\Stock\stock-api\node_modules\inversify\src\resolution\instantiation.ts:27:23)
2021-12-25 16:26:44 error: uncaughtException: @prisma/client did not initialize yet. Please run "prisma generate" and try to import it again.
In case this error is unexpected for you, please report it in https://github.com/prisma/prisma/issues
Error: @prisma/client did not initialize yet. Please run "prisma generate" and try to import it again.
In case this error is unexpected for you, please report it in https://github.com/prisma/prisma/issues
    at new PrismaClient (D:\Jay\Stock\stock-api\node_modules\.prisma\client\index.js:3:11)
    at new DatabaseService (D:\Jay\Stock\stock-api\src\config\db.ts:8:31)
    at _createInstance (D:\Jay\Stock\stock-api\node_modules\inversify\src\resolution\instantiation.ts:58:14)
    at resolveInstance (D:\Jay\Stock\stock-api\node_modules\inversify\src\resolution\instantiation.ts:145:18)
    at _getResolvedFromBinding (D:\Jay\Stock\stock-api\node_modules\inversify\src\resolution\resolver.ts:77:31)
    at D:\Jay\Stock\stock-api\node_modules\inversify\src\resolution\resolver.ts:111:18
    at _resolveInScope (D:\Jay\Stock\stock-api\node_modules\inversify\src\resolution\resolver.ts:100:12)
    at _resolveBinding (D:\Jay\Stock\stock-api\node_modules\inversify\src\resolution\resolver.ts:110:10)
    at D:\Jay\Stock\stock-api\node_modules\inversify\src\resolution\resolver.ts:41:14
    at childRequests.reduce.constructorInjections (D:\Jay\Stock\stock-api\node_modules\inversify\src\resolution\instantiation.ts:27:23)
2021-12-25 16:26:44 error: uncaughtException: @prisma/client did not initialize yet. Please run "prisma generate" and try to import it again.
In case this error is unexpected for you, please report it in https://github.com/prisma/prisma/issues
Error: @prisma/client did not initialize yet. Please run "prisma generate" and try to import it again.
In case this error is unexpected for you, please report it in https://github.com/prisma/prisma/issues
    at new PrismaClient (D:\Jay\Stock\stock-api\node_modules\.prisma\client\index.js:3:11)
    at new DatabaseService (D:\Jay\Stock\stock-api\src\config\db.ts:8:31)
    at _createInstance (D:\Jay\Stock\stock-api\node_modules\inversify\src\resolution\instantiation.ts:58:14)
    at resolveInstance (D:\Jay\Stock\stock-api\node_modules\inversify\src\resolution\instantiation.ts:145:18)
    at _getResolvedFromBinding (D:\Jay\Stock\stock-api\node_modules\inversify\src\resolution\resolver.ts:77:31)
    at D:\Jay\Stock\stock-api\node_modules\inversify\src\resolution\resolver.ts:111:18
    at _resolveInScope (D:\Jay\Stock\stock-api\node_modules\inversify\src\resolution\resolver.ts:100:12)
    at _resolveBinding (D:\Jay\Stock\stock-api\node_modules\inversify\src\resolution\resolver.ts:110:10)
    at D:\Jay\Stock\stock-api\node_modules\inversify\src\resolution\resolver.ts:41:14
    at childRequests.reduce.constructorInjections (D:\Jay\Stock\stock-api\node_modules\inversify\src\resolution\instantiation.ts:27:23)
2021-12-25 16:26:44 error: uncaughtException: @prisma/client did not initialize yet. Please run "prisma generate" and try to import it again.
In case this error is unexpected for you, please report it in https://github.com/prisma/prisma/issues
Error: @prisma/client did not initialize yet. Please run "prisma generate" and try to import it again.
In case this error is unexpected for you, please report it in https://github.com/prisma/prisma/issues
    at new PrismaClient (D:\Jay\Stock\stock-api\node_modules\.prisma\client\index.js:3:11)
    at new DatabaseService (D:\Jay\Stock\stock-api\src\config\db.ts:8:31)
    at _createInstance (D:\Jay\Stock\stock-api\node_modules\inversify\src\resolution\instantiation.ts:58:14)
    at resolveInstance (D:\Jay\Stock\stock-api\node_modules\inversify\src\resolution\instantiation.ts:145:18)
    at _getResolvedFromBinding (D:\Jay\Stock\stock-api\node_modules\inversify\src\resolution\resolver.ts:77:31)
    at D:\Jay\Stock\stock-api\node_modules\inversify\src\resolution\resolver.ts:111:18
    at _resolveInScope (D:\Jay\Stock\stock-api\node_modules\inversify\src\resolution\resolver.ts:100:12)
    at _resolveBinding (D:\Jay\Stock\stock-api\node_modules\inversify\src\resolution\resolver.ts:110:10)
    at D:\Jay\Stock\stock-api\node_modules\inversify\src\resolution\resolver.ts:41:14
    at childRequests.reduce.constructorInjections (D:\Jay\Stock\stock-api\node_modules\inversify\src\resolution\instantiation.ts:27:23)
2021-12-25 16:33:35 error: uncaughtException: Cannot read property 'getLogger' of undefined
TypeError: Cannot read property 'getLogger' of undefined
    at new TestService (D:\Jay\Stock\stock-api\src\services\TestService.ts:17:25)
    at createInstanceWithInjections (D:\Jay\Stock\stock-api\node_modules\inversify\src\resolution\instantiation.ts:67:17)
    at _createInstance (D:\Jay\Stock\stock-api\node_modules\inversify\src\resolution\instantiation.ts:55:16)
    at resolveInstance (D:\Jay\Stock\stock-api\node_modules\inversify\src\resolution\instantiation.ts:145:18)
    at _getResolvedFromBinding (D:\Jay\Stock\stock-api\node_modules\inversify\src\resolution\resolver.ts:77:31)
    at D:\Jay\Stock\stock-api\node_modules\inversify\src\resolution\resolver.ts:111:18
    at _resolveInScope (D:\Jay\Stock\stock-api\node_modules\inversify\src\resolution\resolver.ts:100:12)
    at _resolveBinding (D:\Jay\Stock\stock-api\node_modules\inversify\src\resolution\resolver.ts:110:10)
    at D:\Jay\Stock\stock-api\node_modules\inversify\src\resolution\resolver.ts:41:14
    at resolve (D:\Jay\Stock\stock-api\node_modules\inversify\src\resolution\resolver.ts:236:10)
2021-12-25 16:33:35 error: uncaughtException: Cannot read property 'getLogger' of undefined
TypeError: Cannot read property 'getLogger' of undefined
    at new TestService (D:\Jay\Stock\stock-api\src\services\TestService.ts:17:25)
    at createInstanceWithInjections (D:\Jay\Stock\stock-api\node_modules\inversify\src\resolution\instantiation.ts:67:17)
    at _createInstance (D:\Jay\Stock\stock-api\node_modules\inversify\src\resolution\instantiation.ts:55:16)
    at resolveInstance (D:\Jay\Stock\stock-api\node_modules\inversify\src\resolution\instantiation.ts:145:18)
    at _getResolvedFromBinding (D:\Jay\Stock\stock-api\node_modules\inversify\src\resolution\resolver.ts:77:31)
    at D:\Jay\Stock\stock-api\node_modules\inversify\src\resolution\resolver.ts:111:18
    at _resolveInScope (D:\Jay\Stock\stock-api\node_modules\inversify\src\resolution\resolver.ts:100:12)
    at _resolveBinding (D:\Jay\Stock\stock-api\node_modules\inversify\src\resolution\resolver.ts:110:10)
    at D:\Jay\Stock\stock-api\node_modules\inversify\src\resolution\resolver.ts:41:14
    at resolve (D:\Jay\Stock\stock-api\node_modules\inversify\src\resolution\resolver.ts:236:10)
2021-12-25 16:33:35 info: Creating: TestRepository
2021-12-25 16:33:35 error: uncaughtException: Cannot read property 'getLogger' of undefined
TypeError: Cannot read property 'getLogger' of undefined
    at new TestService (D:\Jay\Stock\stock-api\src\services\TestService.ts:17:25)
    at createInstanceWithInjections (D:\Jay\Stock\stock-api\node_modules\inversify\src\resolution\instantiation.ts:67:17)
    at _createInstance (D:\Jay\Stock\stock-api\node_modules\inversify\src\resolution\instantiation.ts:55:16)
    at resolveInstance (D:\Jay\Stock\stock-api\node_modules\inversify\src\resolution\instantiation.ts:145:18)
    at _getResolvedFromBinding (D:\Jay\Stock\stock-api\node_modules\inversify\src\resolution\resolver.ts:77:31)
    at D:\Jay\Stock\stock-api\node_modules\inversify\src\resolution\resolver.ts:111:18
    at _resolveInScope (D:\Jay\Stock\stock-api\node_modules\inversify\src\resolution\resolver.ts:100:12)
    at _resolveBinding (D:\Jay\Stock\stock-api\node_modules\inversify\src\resolution\resolver.ts:110:10)
    at D:\Jay\Stock\stock-api\node_modules\inversify\src\resolution\resolver.ts:41:14
    at resolve (D:\Jay\Stock\stock-api\node_modules\inversify\src\resolution\resolver.ts:236:10)
2021-12-25 16:36:03 info: Creating : TestController
2021-12-25 16:36:03 info: Creating: TestService
2021-12-25 16:36:03 info: Creating: TestRepository
2021-12-25 16:36:03 info: âš¡ï¸[server]: Server is running at http://localhost:3000
2021-12-25 16:36:03 info: âš¡ï¸[server]: API ROOT: http://localhost:3000/api/v1.0
2021-12-25 16:43:30 info: Creating: TestController
2021-12-25 16:43:30 info: Creating: TestService
2021-12-25 16:43:30 info: Creating: TestRepository
2021-12-25 16:43:30 info: âš¡ï¸[server]: Server is running at http://localhost:3000
2021-12-25 16:43:30 info: âš¡ï¸[server]: API ROOT: http://localhost:3000/api/v1.0
2021-12-25 16:45:36 info: Creating: TestController
2021-12-25 16:45:36 info: Creating: TestService
2021-12-25 16:45:36 info: Creating: TestRepository
2021-12-25 16:45:36 info: âš¡ï¸[server]: Server is running at http://localhost:3000
2021-12-25 16:45:36 info: âš¡ï¸[server]: API ROOT: http://localhost:3000/api/v1.0
2021-12-25 16:46:03 info: Creating: TestController
2021-12-25 16:46:03 info: Creating: TestService
2021-12-25 16:46:03 info: Creating: TestRepository
2021-12-25 16:46:03 info: âš¡ï¸[server]: Server is running at http://localhost:3000
2021-12-25 16:46:03 info: âš¡ï¸[server]: API ROOT: http://localhost:3000/api/v1.0
2021-12-25 16:46:19 info: Creating: TestController
2021-12-25 16:46:19 info: Creating: TestService
2021-12-25 16:46:19 info: Creating: TestRepository
2021-12-25 16:46:19 info: âš¡ï¸[server]: Server is running at http://localhost:3000
2021-12-25 16:46:19 info: âš¡ï¸[server]: API ROOT: http://localhost:3000/api/v1.0
2021-12-25 16:46:52 info: Creating: TestController
2021-12-25 16:46:52 info: Creating: TestService
2021-12-25 16:46:52 info: Creating: TestRepository
2021-12-25 16:46:52 info: âš¡ï¸[server]: Server is running at http://localhost:3000
2021-12-25 16:46:52 info: âš¡ï¸[server]: API ROOT: http://localhost:3000/api/v1.0
2021-12-25 16:47:09 info: Creating: TestController
2021-12-25 16:47:09 info: Creating: TestService
2021-12-25 16:47:09 info: Creating: TestRepository
2021-12-25 16:47:09 info: âš¡ï¸[server]: Server is running at http://localhost:3000
2021-12-25 16:47:09 info: âš¡ï¸[server]: API ROOT: http://localhost:3000/api/v1.0
2021-12-25 16:47:20 info: Creating: TestController
2021-12-25 16:47:20 info: Creating: TestService
2021-12-25 16:47:20 info: Creating: TestRepository
2021-12-25 16:47:20 info: âš¡ï¸[server]: Server is running at http://localhost:3000
2021-12-25 16:47:20 info: âš¡ï¸[server]: API ROOT: http://localhost:3000/api/v1.0
2021-12-25 16:47:59 info: Creating: TestController
2021-12-25 16:47:59 info: Creating: TestService
2021-12-25 16:47:59 info: Creating: TestRepository
2021-12-25 16:47:59 info: âš¡ï¸[server]: Server is running at http://localhost:3000
2021-12-25 16:47:59 info: âš¡ï¸[server]: API ROOT: http://localhost:3000/api/v1.0
2021-12-25 16:48:13 info: ::1 - - [25/Dec/2021:11:18:13 +0000] "POST /api/v1.0/test HTTP/1.1" 404 153 "-" "PostmanRuntime/7.28.4"
2021-12-25 16:48:52 info: Creating: TestController
2021-12-25 16:48:52 info: Creating: TestService
2021-12-25 16:48:52 info: Creating: TestRepository
2021-12-25 16:48:52 info: âš¡ï¸[server]: Server is running at http://localhost:3000
2021-12-25 16:48:52 info: âš¡ï¸[server]: API ROOT: http://localhost:3000/api/v1.0
2021-12-25 16:48:55 info: ::1 - - [25/Dec/2021:11:18:55 +0000] "POST /api/v1.0/test HTTP/1.1" 400 160 "-" "PostmanRuntime/7.28.4"
2021-12-25 16:49:14 info: ::1 - - [25/Dec/2021:11:19:14 +0000] "POST /api/v1.0/test HTTP/1.1" 200 95 "-" "PostmanRuntime/7.28.4"
2021-12-25 16:57:47 info: Creating: TestController
2021-12-25 16:57:47 info: Creating: TestService
2021-12-25 16:57:47 info: Creating: TestRepository
2021-12-25 16:57:47 info: âš¡ï¸[server]: Server is running at http://localhost:3000
2021-12-25 16:57:47 info: âš¡ï¸[server]: API ROOT: http://localhost:3000/api/v1.0
2021-12-25 16:57:52 info: ::1 - - [25/Dec/2021:11:27:52 +0000] "POST /api/v1.0/test HTTP/1.1" 200 95 "-" "PostmanRuntime/7.28.4"
2021-12-25 16:59:01 info: Creating: TestController
2021-12-25 16:59:01 info: Creating: TestService
2021-12-25 16:59:01 info: Creating: TestRepository
2021-12-25 16:59:01 info: âš¡ï¸[server]: Server is running at http://localhost:3000
2021-12-25 16:59:01 info: âš¡ï¸[server]: API ROOT: http://localhost:3000/api/v1.0
2021-12-25 17:02:08 info: ::1 - - [25/Dec/2021:11:32:08 +0000] "POST /api/v1.0/test HTTP/1.1" 200 95 "-" "PostmanRuntime/7.28.4"
2022-03-23 23:00:00 info: Creating: TestController
2022-03-23 23:00:00 info: Creating: TestService
2022-03-23 23:00:00 info: Creating: TestRepository
2022-03-23 23:00:00 error: uncaughtException: â¨¯ Unable to compile TypeScript:
[96msrc/subscribers/set-reset-password.subscriber.ts[0m:[93m1[0m:[93m30[0m - [91merror[0m[90m TS2307: [0mCannot find module '@sendgrid/helpers/classes' or its corresponding type declarations.

[7m1[0m import { EmailAddress } from "@sendgrid/helpers/classes";
[7m [0m [91m                             ~~~~~~~~~~~~~~~~~~~~~~~~~~~[0m
[96msrc/subscribers/set-reset-password.subscriber.ts[0m:[93m2[0m:[93m20[0m - [91merror[0m[90m TS2307: [0mCannot find module 'moment' or its corresponding type declarations.

[7m2[0m import moment from "moment";
[7m [0m [91m                   ~~~~~~~~[0m
[96msrc/subscribers/set-reset-password.subscriber.ts[0m:[93m416[0m:[93m65[0m - [91merror[0m[90m TS2339: [0mProperty 'NRG_FRONTED_URL' does not exist on type '{ NODE_ENV: string | undefined; APP_ROOT: string; PORT: string | undefined; API_ROOT: string; }'.

[7m416[0m                                                     href="${ENV.NRG_FRONTED_URL}${ENV.RESET_PASSWORD_URL}?userId=${args.userId}&nonce=${args.nonce}"
[7m   [0m [91m                                                                ~~~~~~~~~~~~~~~[0m
[96msrc/subscribers/set-reset-password.subscriber.ts[0m:[93m416[0m:[93m87[0m - [91merror[0m[90m TS2339: [0mProperty 'RESET_PASSWORD_URL' does not exist on type '{ NODE_ENV: string | undefined; APP_ROOT: string; PORT: string | undefined; API_ROOT: string; }'.

[7m416[0m                                                     href="${ENV.NRG_FRONTED_URL}${ENV.RESET_PASSWORD_URL}?userId=${args.userId}&nonce=${args.nonce}"
[7m   [0m [91m                                                                                      ~~~~~~~~~~~~~~~~~~[0m
[96msrc/subscribers/set-reset-password.subscriber.ts[0m:[93m492[0m:[93m57[0m - [91merror[0m[90m TS2339: [0mProperty 'NRG_FRONTED_URL' does not exist on type '{ NODE_ENV: string | undefined; APP_ROOT: string; PORT: string | undefined; API_ROOT: string; }'.

[7m492[0m                                             href="${ENV.NRG_FRONTED_URL}${ENV.RESET_PASSWORD_URL}?userId=${args.userId}&nonce=${args.nonce}"
[7m   [0m [91m                                                        ~~~~~~~~~~~~~~~[0m
[96msrc/subscribers/set-reset-password.subscriber.ts[0m:[93m492[0m:[93m79[0m - [91merror[0m[90m TS2339: [0mProperty 'RESET_PASSWORD_URL' does not exist on type '{ NODE_ENV: string | undefined; APP_ROOT: string; PORT: string | undefined; API_ROOT: string; }'.

[7m492[0m                                             href="${ENV.NRG_FRONTED_URL}${ENV.RESET_PASSWORD_URL}?userId=${args.userId}&nonce=${args.nonce}"
[7m   [0m [91m                                                                              ~~~~~~~~~~~~~~~~~~[0m
[96msrc/subscribers/set-reset-password.subscriber.ts[0m:[93m504[0m:[93m58[0m - [91merror[0m[90m TS2339: [0mProperty 'NRG_FRONTED_URL' does not exist on type '{ NODE_ENV: string | undefined; APP_ROOT: string; PORT: string | undefined; API_ROOT: string; }'.

[7m504[0m                                                   >${ENV.NRG_FRONTED_URL}${ENV.RESET_PASSWORD_URL}?userId=${args.userId}&nonce=${args.nonce}</a
[7m   [0m [91m                                                         ~~~~~~~~~~~~~~~[0m
[96msrc/subscribers/set-reset-password.subscriber.ts[0m:[93m504[0m:[93m80[0m - [91merror[0m[90m TS2339: [0mProperty 'RESET_PASSWORD_URL' does not exist on type '{ NODE_ENV: string | undefined; APP_ROOT: string; PORT: string | undefined; API_ROOT: string; }'.

[7m504[0m                                                   >${ENV.NRG_FRONTED_URL}${ENV.RESET_PASSWORD_URL}?userId=${args.userId}&nonce=${args.nonce}</a
[7m   [0m [91m                                                                               ~~~~~~~~~~~~~~~~~~[0m
[96msrc/subscribers/set-reset-password.subscriber.ts[0m:[93m996[0m:[93m11[0m - [91merror[0m[90m TS2339: [0mProperty 'SENDGRID_SENDER_ADDRESS' does not exist on type '{ NODE_ENV: string | undefined; APP_ROOT: string; PORT: string | undefined; API_ROOT: string; }'.

[7m996[0m       ENV.SENDGRID_SENDER_ADDRESS,
[7m   [0m [91m          ~~~~~~~~~~~~~~~~~~~~~~~[0m
[96msrc/subscribers/set-reset-password.subscriber.ts[0m:[93m1002[0m:[93m18[0m - [91merror[0m[90m TS2339: [0mProperty 'email' does not exist on type 'PrismaClient<PrismaClientOptions, never, RejectOnNotFound | RejectPerOperation | undefined>'.

[7m1002[0m     await client.email.create({
[7m    [0m [91m                 ~~~~~[0m
[96msrc/subscribers/set-reset-password.subscriber.ts[0m:[93m1012[0m:[93m18[0m - [91merror[0m[90m TS2339: [0mProperty 'email' does not exist on type 'PrismaClient<PrismaClientOptions, never, RejectOnNotFound | RejectPerOperation | undefined>'.

[7m1012[0m     await client.email.create({
[7m    [0m [91m                 ~~~~~[0m

TSError: â¨¯ Unable to compile TypeScript:
[96msrc/subscribers/set-reset-password.subscriber.ts[0m:[93m1[0m:[93m30[0m - [91merror[0m[90m TS2307: [0mCannot find module '@sendgrid/helpers/classes' or its corresponding type declarations.

[7m1[0m import { EmailAddress } from "@sendgrid/helpers/classes";
[7m [0m [91m                             ~~~~~~~~~~~~~~~~~~~~~~~~~~~[0m
[96msrc/subscribers/set-reset-password.subscriber.ts[0m:[93m2[0m:[93m20[0m - [91merror[0m[90m TS2307: [0mCannot find module 'moment' or its corresponding type declarations.

[7m2[0m import moment from "moment";
[7m [0m [91m                   ~~~~~~~~[0m
[96msrc/subscribers/set-reset-password.subscriber.ts[0m:[93m416[0m:[93m65[0m - [91merror[0m[90m TS2339: [0mProperty 'NRG_FRONTED_URL' does not exist on type '{ NODE_ENV: string | undefined; APP_ROOT: string; PORT: string | undefined; API_ROOT: string; }'.

[7m416[0m                                                     href="${ENV.NRG_FRONTED_URL}${ENV.RESET_PASSWORD_URL}?userId=${args.userId}&nonce=${args.nonce}"
[7m   [0m [91m                                                                ~~~~~~~~~~~~~~~[0m
[96msrc/subscribers/set-reset-password.subscriber.ts[0m:[93m416[0m:[93m87[0m - [91merror[0m[90m TS2339: [0mProperty 'RESET_PASSWORD_URL' does not exist on type '{ NODE_ENV: string | undefined; APP_ROOT: string; PORT: string | undefined; API_ROOT: string; }'.

[7m416[0m                                                     href="${ENV.NRG_FRONTED_URL}${ENV.RESET_PASSWORD_URL}?userId=${args.userId}&nonce=${args.nonce}"
[7m   [0m [91m                                                                                      ~~~~~~~~~~~~~~~~~~[0m
[96msrc/subscribers/set-reset-password.subscriber.ts[0m:[93m492[0m:[93m57[0m - [91merror[0m[90m TS2339: [0mProperty 'NRG_FRONTED_URL' does not exist on type '{ NODE_ENV: string | undefined; APP_ROOT: string; PORT: string | undefined; API_ROOT: string; }'.

[7m492[0m                                             href="${ENV.NRG_FRONTED_URL}${ENV.RESET_PASSWORD_URL}?userId=${args.userId}&nonce=${args.nonce}"
[7m   [0m [91m                                                        ~~~~~~~~~~~~~~~[0m
[96msrc/subscribers/set-reset-password.subscriber.ts[0m:[93m492[0m:[93m79[0m - [91merror[0m[90m TS2339: [0mProperty 'RESET_PASSWORD_URL' does not exist on type '{ NODE_ENV: string | undefined; APP_ROOT: string; PORT: string | undefined; API_ROOT: string; }'.

[7m492[0m                                             href="${ENV.NRG_FRONTED_URL}${ENV.RESET_PASSWORD_URL}?userId=${args.userId}&nonce=${args.nonce}"
[7m   [0m [91m                                                                              ~~~~~~~~~~~~~~~~~~[0m
[96msrc/subscribers/set-reset-password.subscriber.ts[0m:[93m504[0m:[93m58[0m - [91merror[0m[90m TS2339: [0mProperty 'NRG_FRONTED_URL' does not exist on type '{ NODE_ENV: string | undefined; APP_ROOT: string; PORT: string | undefined; API_ROOT: string; }'.

[7m504[0m                                                   >${ENV.NRG_FRONTED_URL}${ENV.RESET_PASSWORD_URL}?userId=${args.userId}&nonce=${args.nonce}</a
[7m   [0m [91m                                                         ~~~~~~~~~~~~~~~[0m
[96msrc/subscribers/set-reset-password.subscriber.ts[0m:[93m504[0m:[93m80[0m - [91merror[0m[90m TS2339: [0mProperty 'RESET_PASSWORD_URL' does not exist on type '{ NODE_ENV: string | undefined; APP_ROOT: string; PORT: string | undefined; API_ROOT: string; }'.

[7m504[0m                                                   >${ENV.NRG_FRONTED_URL}${ENV.RESET_PASSWORD_URL}?userId=${args.userId}&nonce=${args.nonce}</a
[7m   [0m [91m                                                                               ~~~~~~~~~~~~~~~~~~[0m
[96msrc/subscribers/set-reset-password.subscriber.ts[0m:[93m996[0m:[93m11[0m - [91merror[0m[90m TS2339: [0mProperty 'SENDGRID_SENDER_ADDRESS' does not exist on type '{ NODE_ENV: string | undefined; APP_ROOT: string; PORT: string | undefined; API_ROOT: string; }'.

[7m996[0m       ENV.SENDGRID_SENDER_ADDRESS,
[7m   [0m [91m          ~~~~~~~~~~~~~~~~~~~~~~~[0m
[96msrc/subscribers/set-reset-password.subscriber.ts[0m:[93m1002[0m:[93m18[0m - [91merror[0m[90m TS2339: [0mProperty 'email' does not exist on type 'PrismaClient<PrismaClientOptions, never, RejectOnNotFound | RejectPerOperation | undefined>'.

[7m1002[0m     await client.email.create({
[7m    [0m [91m                 ~~~~~[0m
[96msrc/subscribers/set-reset-password.subscriber.ts[0m:[93m1012[0m:[93m18[0m - [91merror[0m[90m TS2339: [0mProperty 'email' does not exist on type 'PrismaClient<PrismaClientOptions, never, RejectOnNotFound | RejectPerOperation | undefined>'.

[7m1012[0m     await client.email.create({
[7m    [0m [91m                 ~~~~~[0m

    at createTSError (D:\Jay\node-setup\node-setup-master\node_modules\ts-node\src\index.ts:820:12)
    at reportTSError (D:\Jay\node-setup\node-setup-master\node_modules\ts-node\src\index.ts:824:19)
    at getOutput (D:\Jay\node-setup\node-setup-master\node_modules\ts-node\src\index.ts:1014:36)
    at Object.compile (D:\Jay\node-setup\node-setup-master\node_modules\ts-node\src\index.ts:1322:43)
    at Module.m._compile (D:\Jay\node-setup\node-setup-master\node_modules\ts-node\src\index.ts:1454:30)
    at Module._extensions..js (node:internal/modules/cjs/loader:1157:10)
    at Object.require.extensions.<computed> [as .ts] (D:\Jay\node-setup\node-setup-master\node_modules\ts-node\src\index.ts:1458:12)
    at Module.load (node:internal/modules/cjs/loader:981:32)
    at Function.Module._load (node:internal/modules/cjs/loader:822:12)
    at Module.require (node:internal/modules/cjs/loader:1005:19)
2022-03-23 23:00:00 error: uncaughtException: [1;91merror[0m: [1mEnvironment variable not found: DATABASE_URL.[0m
  [1;94m-->[0m  [4mschema.prisma:10[0m
[1;94m   | [0m
[1;94m 9 | [0m  provider = "mysql"
[1;94m10 | [0m  url      = [1;91menv("DATABASE_URL")[0m
[1;94m   | [0m

Validation Error Count: 1
Error: [1;91merror[0m: [1mEnvironment variable not found: DATABASE_URL.[0m
  [1;94m-->[0m  [4mschema.prisma:10[0m
[1;94m   | [0m
[1;94m 9 | [0m  provider = "mysql"
[1;94m10 | [0m  url      = [1;91menv("DATABASE_URL")[0m
[1;94m   | [0m

Validation Error Count: 1
    at Object.loadEngine (D:\Jay\node-setup\node-setup-master\node_modules\@prisma\client\runtime\index.js:35591:19)
    at processTicksAndRejections (node:internal/process/task_queues:96:5)
    at async Object.instantiateLibrary (D:\Jay\node-setup\node-setup-master\node_modules\@prisma\client\runtime\index.js:35520:5)
2022-03-23 23:00:00 error: uncaughtException: [1;91merror[0m: [1mEnvironment variable not found: DATABASE_URL.[0m
  [1;94m-->[0m  [4mschema.prisma:10[0m
[1;94m   | [0m
[1;94m 9 | [0m  provider = "mysql"
[1;94m10 | [0m  url      = [1;91menv("DATABASE_URL")[0m
[1;94m   | [0m

Validation Error Count: 1
Error: [1;91merror[0m: [1mEnvironment variable not found: DATABASE_URL.[0m
  [1;94m-->[0m  [4mschema.prisma:10[0m
[1;94m   | [0m
[1;94m 9 | [0m  provider = "mysql"
[1;94m10 | [0m  url      = [1;91menv("DATABASE_URL")[0m
[1;94m   | [0m

Validation Error Count: 1
    at Object.loadEngine (D:\Jay\node-setup\node-setup-master\node_modules\@prisma\client\runtime\index.js:35591:19)
    at processTicksAndRejections (node:internal/process/task_queues:96:5)
    at async Object.instantiateLibrary (D:\Jay\node-setup\node-setup-master\node_modules\@prisma\client\runtime\index.js:35520:5)
2022-03-23 23:00:00 error: uncaughtException: â¨¯ Unable to compile TypeScript:
[96msrc/subscribers/set-reset-password.subscriber.ts[0m:[93m1[0m:[93m30[0m - [91merror[0m[90m TS2307: [0mCannot find module '@sendgrid/helpers/classes' or its corresponding type declarations.

[7m1[0m import { EmailAddress } from "@sendgrid/helpers/classes";
[7m [0m [91m                             ~~~~~~~~~~~~~~~~~~~~~~~~~~~[0m
[96msrc/subscribers/set-reset-password.subscriber.ts[0m:[93m2[0m:[93m20[0m - [91merror[0m[90m TS2307: [0mCannot find module 'moment' or its corresponding type declarations.

[7m2[0m import moment from "moment";
[7m [0m [91m                   ~~~~~~~~[0m
[96msrc/subscribers/set-reset-password.subscriber.ts[0m:[93m416[0m:[93m65[0m - [91merror[0m[90m TS2339: [0mProperty 'NRG_FRONTED_URL' does not exist on type '{ NODE_ENV: string | undefined; APP_ROOT: string; PORT: string | undefined; API_ROOT: string; }'.

[7m416[0m                                                     href="${ENV.NRG_FRONTED_URL}${ENV.RESET_PASSWORD_URL}?userId=${args.userId}&nonce=${args.nonce}"
[7m   [0m [91m                                                                ~~~~~~~~~~~~~~~[0m
[96msrc/subscribers/set-reset-password.subscriber.ts[0m:[93m416[0m:[93m87[0m - [91merror[0m[90m TS2339: [0mProperty 'RESET_PASSWORD_URL' does not exist on type '{ NODE_ENV: string | undefined; APP_ROOT: string; PORT: string | undefined; API_ROOT: string; }'.

[7m416[0m                                                     href="${ENV.NRG_FRONTED_URL}${ENV.RESET_PASSWORD_URL}?userId=${args.userId}&nonce=${args.nonce}"
[7m   [0m [91m                                                                                      ~~~~~~~~~~~~~~~~~~[0m
[96msrc/subscribers/set-reset-password.subscriber.ts[0m:[93m492[0m:[93m57[0m - [91merror[0m[90m TS2339: [0mProperty 'NRG_FRONTED_URL' does not exist on type '{ NODE_ENV: string | undefined; APP_ROOT: string; PORT: string | undefined; API_ROOT: string; }'.

[7m492[0m                                             href="${ENV.NRG_FRONTED_URL}${ENV.RESET_PASSWORD_URL}?userId=${args.userId}&nonce=${args.nonce}"
[7m   [0m [91m                                                        ~~~~~~~~~~~~~~~[0m
[96msrc/subscribers/set-reset-password.subscriber.ts[0m:[93m492[0m:[93m79[0m - [91merror[0m[90m TS2339: [0mProperty 'RESET_PASSWORD_URL' does not exist on type '{ NODE_ENV: string | undefined; APP_ROOT: string; PORT: string | undefined; API_ROOT: string; }'.

[7m492[0m                                             href="${ENV.NRG_FRONTED_URL}${ENV.RESET_PASSWORD_URL}?userId=${args.userId}&nonce=${args.nonce}"
[7m   [0m [91m                                                                              ~~~~~~~~~~~~~~~~~~[0m
[96msrc/subscribers/set-reset-password.subscriber.ts[0m:[93m504[0m:[93m58[0m - [91merror[0m[90m TS2339: [0mProperty 'NRG_FRONTED_URL' does not exist on type '{ NODE_ENV: string | undefined; APP_ROOT: string; PORT: string | undefined; API_ROOT: string; }'.

[7m504[0m                                                   >${ENV.NRG_FRONTED_URL}${ENV.RESET_PASSWORD_URL}?userId=${args.userId}&nonce=${args.nonce}</a
[7m   [0m [91m                                                         ~~~~~~~~~~~~~~~[0m
[96msrc/subscribers/set-reset-password.subscriber.ts[0m:[93m504[0m:[93m80[0m - [91merror[0m[90m TS2339: [0mProperty 'RESET_PASSWORD_URL' does not exist on type '{ NODE_ENV: string | undefined; APP_ROOT: string; PORT: string | undefined; API_ROOT: string; }'.

[7m504[0m                                                   >${ENV.NRG_FRONTED_URL}${ENV.RESET_PASSWORD_URL}?userId=${args.userId}&nonce=${args.nonce}</a
[7m   [0m [91m                                                                               ~~~~~~~~~~~~~~~~~~[0m
[96msrc/subscribers/set-reset-password.subscriber.ts[0m:[93m996[0m:[93m11[0m - [91merror[0m[90m TS2339: [0mProperty 'SENDGRID_SENDER_ADDRESS' does not exist on type '{ NODE_ENV: string | undefined; APP_ROOT: string; PORT: string | undefined; API_ROOT: string; }'.

[7m996[0m       ENV.SENDGRID_SENDER_ADDRESS,
[7m   [0m [91m          ~~~~~~~~~~~~~~~~~~~~~~~[0m
[96msrc/subscribers/set-reset-password.subscriber.ts[0m:[93m1002[0m:[93m18[0m - [91merror[0m[90m TS2339: [0mProperty 'email' does not exist on type 'PrismaClient<PrismaClientOptions, never, RejectOnNotFound | RejectPerOperation | undefined>'.

[7m1002[0m     await client.email.create({
[7m    [0m [91m                 ~~~~~[0m
[96msrc/subscribers/set-reset-password.subscriber.ts[0m:[93m1012[0m:[93m18[0m - [91merror[0m[90m TS2339: [0mProperty 'email' does not exist on type 'PrismaClient<PrismaClientOptions, never, RejectOnNotFound | RejectPerOperation | undefined>'.

[7m1012[0m     await client.email.create({
[7m    [0m [91m                 ~~~~~[0m

TSError: â¨¯ Unable to compile TypeScript:
[96msrc/subscribers/set-reset-password.subscriber.ts[0m:[93m1[0m:[93m30[0m - [91merror[0m[90m TS2307: [0mCannot find module '@sendgrid/helpers/classes' or its corresponding type declarations.

[7m1[0m import { EmailAddress } from "@sendgrid/helpers/classes";
[7m [0m [91m                             ~~~~~~~~~~~~~~~~~~~~~~~~~~~[0m
[96msrc/subscribers/set-reset-password.subscriber.ts[0m:[93m2[0m:[93m20[0m - [91merror[0m[90m TS2307: [0mCannot find module 'moment' or its corresponding type declarations.

[7m2[0m import moment from "moment";
[7m [0m [91m                   ~~~~~~~~[0m
[96msrc/subscribers/set-reset-password.subscriber.ts[0m:[93m416[0m:[93m65[0m - [91merror[0m[90m TS2339: [0mProperty 'NRG_FRONTED_URL' does not exist on type '{ NODE_ENV: string | undefined; APP_ROOT: string; PORT: string | undefined; API_ROOT: string; }'.

[7m416[0m                                                     href="${ENV.NRG_FRONTED_URL}${ENV.RESET_PASSWORD_URL}?userId=${args.userId}&nonce=${args.nonce}"
[7m   [0m [91m                                                                ~~~~~~~~~~~~~~~[0m
[96msrc/subscribers/set-reset-password.subscriber.ts[0m:[93m416[0m:[93m87[0m - [91merror[0m[90m TS2339: [0mProperty 'RESET_PASSWORD_URL' does not exist on type '{ NODE_ENV: string | undefined; APP_ROOT: string; PORT: string | undefined; API_ROOT: string; }'.

[7m416[0m                                                     href="${ENV.NRG_FRONTED_URL}${ENV.RESET_PASSWORD_URL}?userId=${args.userId}&nonce=${args.nonce}"
[7m   [0m [91m                                                                                      ~~~~~~~~~~~~~~~~~~[0m
[96msrc/subscribers/set-reset-password.subscriber.ts[0m:[93m492[0m:[93m57[0m - [91merror[0m[90m TS2339: [0mProperty 'NRG_FRONTED_URL' does not exist on type '{ NODE_ENV: string | undefined; APP_ROOT: string; PORT: string | undefined; API_ROOT: string; }'.

[7m492[0m                                             href="${ENV.NRG_FRONTED_URL}${ENV.RESET_PASSWORD_URL}?userId=${args.userId}&nonce=${args.nonce}"
[7m   [0m [91m                                                        ~~~~~~~~~~~~~~~[0m
[96msrc/subscribers/set-reset-password.subscriber.ts[0m:[93m492[0m:[93m79[0m - [91merror[0m[90m TS2339: [0mProperty 'RESET_PASSWORD_URL' does not exist on type '{ NODE_ENV: string | undefined; APP_ROOT: string; PORT: string | undefined; API_ROOT: string; }'.

[7m492[0m                                             href="${ENV.NRG_FRONTED_URL}${ENV.RESET_PASSWORD_URL}?userId=${args.userId}&nonce=${args.nonce}"
[7m   [0m [91m                                                                              ~~~~~~~~~~~~~~~~~~[0m
[96msrc/subscribers/set-reset-password.subscriber.ts[0m:[93m504[0m:[93m58[0m - [91merror[0m[90m TS2339: [0mProperty 'NRG_FRONTED_URL' does not exist on type '{ NODE_ENV: string | undefined; APP_ROOT: string; PORT: string | undefined; API_ROOT: string; }'.

[7m504[0m                                                   >${ENV.NRG_FRONTED_URL}${ENV.RESET_PASSWORD_URL}?userId=${args.userId}&nonce=${args.nonce}</a
[7m   [0m [91m                                                         ~~~~~~~~~~~~~~~[0m
[96msrc/subscribers/set-reset-password.subscriber.ts[0m:[93m504[0m:[93m80[0m - [91merror[0m[90m TS2339: [0mProperty 'RESET_PASSWORD_URL' does not exist on type '{ NODE_ENV: string | undefined; APP_ROOT: string; PORT: string | undefined; API_ROOT: string; }'.

[7m504[0m                                                   >${ENV.NRG_FRONTED_URL}${ENV.RESET_PASSWORD_URL}?userId=${args.userId}&nonce=${args.nonce}</a
[7m   [0m [91m                                                                               ~~~~~~~~~~~~~~~~~~[0m
[96msrc/subscribers/set-reset-password.subscriber.ts[0m:[93m996[0m:[93m11[0m - [91merror[0m[90m TS2339: [0mProperty 'SENDGRID_SENDER_ADDRESS' does not exist on type '{ NODE_ENV: string | undefined; APP_ROOT: string; PORT: string | undefined; API_ROOT: string; }'.

[7m996[0m       ENV.SENDGRID_SENDER_ADDRESS,
[7m   [0m [91m          ~~~~~~~~~~~~~~~~~~~~~~~[0m
[96msrc/subscribers/set-reset-password.subscriber.ts[0m:[93m1002[0m:[93m18[0m - [91merror[0m[90m TS2339: [0mProperty 'email' does not exist on type 'PrismaClient<PrismaClientOptions, never, RejectOnNotFound | RejectPerOperation | undefined>'.

[7m1002[0m     await client.email.create({
[7m    [0m [91m                 ~~~~~[0m
[96msrc/subscribers/set-reset-password.subscriber.ts[0m:[93m1012[0m:[93m18[0m - [91merror[0m[90m TS2339: [0mProperty 'email' does not exist on type 'PrismaClient<PrismaClientOptions, never, RejectOnNotFound | RejectPerOperation | undefined>'.

[7m1012[0m     await client.email.create({
[7m    [0m [91m                 ~~~~~[0m

    at createTSError (D:\Jay\node-setup\node-setup-master\node_modules\ts-node\src\index.ts:820:12)
    at reportTSError (D:\Jay\node-setup\node-setup-master\node_modules\ts-node\src\index.ts:824:19)
    at getOutput (D:\Jay\node-setup\node-setup-master\node_modules\ts-node\src\index.ts:1014:36)
    at Object.compile (D:\Jay\node-setup\node-setup-master\node_modules\ts-node\src\index.ts:1322:43)
    at Module.m._compile (D:\Jay\node-setup\node-setup-master\node_modules\ts-node\src\index.ts:1454:30)
    at Module._extensions..js (node:internal/modules/cjs/loader:1157:10)
    at Object.require.extensions.<computed> [as .ts] (D:\Jay\node-setup\node-setup-master\node_modules\ts-node\src\index.ts:1458:12)
    at Module.load (node:internal/modules/cjs/loader:981:32)
    at Function.Module._load (node:internal/modules/cjs/loader:822:12)
    at Module.require (node:internal/modules/cjs/loader:1005:19)
2022-03-23 23:00:00 error: uncaughtException: [1;91merror[0m: [1mEnvironment variable not found: DATABASE_URL.[0m
  [1;94m-->[0m  [4mschema.prisma:10[0m
[1;94m   | [0m
[1;94m 9 | [0m  provider = "mysql"
[1;94m10 | [0m  url      = [1;91menv("DATABASE_URL")[0m
[1;94m   | [0m

Validation Error Count: 1
Error: [1;91merror[0m: [1mEnvironment variable not found: DATABASE_URL.[0m
  [1;94m-->[0m  [4mschema.prisma:10[0m
[1;94m   | [0m
[1;94m 9 | [0m  provider = "mysql"
[1;94m10 | [0m  url      = [1;91menv("DATABASE_URL")[0m
[1;94m   | [0m

Validation Error Count: 1
    at Object.loadEngine (D:\Jay\node-setup\node-setup-master\node_modules\@prisma\client\runtime\index.js:35591:19)
    at processTicksAndRejections (node:internal/process/task_queues:96:5)
    at async Object.instantiateLibrary (D:\Jay\node-setup\node-setup-master\node_modules\@prisma\client\runtime\index.js:35520:5)
2022-03-23 23:00:00 error: uncaughtException: [1;91merror[0m: [1mEnvironment variable not found: DATABASE_URL.[0m
  [1;94m-->[0m  [4mschema.prisma:10[0m
[1;94m   | [0m
[1;94m 9 | [0m  provider = "mysql"
[1;94m10 | [0m  url      = [1;91menv("DATABASE_URL")[0m
[1;94m   | [0m

Validation Error Count: 1
Error: [1;91merror[0m: [1mEnvironment variable not found: DATABASE_URL.[0m
  [1;94m-->[0m  [4mschema.prisma:10[0m
[1;94m   | [0m
[1;94m 9 | [0m  provider = "mysql"
[1;94m10 | [0m  url      = [1;91menv("DATABASE_URL")[0m
[1;94m   | [0m

Validation Error Count: 1
    at Object.loadEngine (D:\Jay\node-setup\node-setup-master\node_modules\@prisma\client\runtime\index.js:35591:19)
    at processTicksAndRejections (node:internal/process/task_queues:96:5)
    at async Object.instantiateLibrary (D:\Jay\node-setup\node-setup-master\node_modules\@prisma\client\runtime\index.js:35520:5)
2022-03-23 23:00:00 error: uncaughtException: â¨¯ Unable to compile TypeScript:
[96msrc/subscribers/set-reset-password.subscriber.ts[0m:[93m1[0m:[93m30[0m - [91merror[0m[90m TS2307: [0mCannot find module '@sendgrid/helpers/classes' or its corresponding type declarations.

[7m1[0m import { EmailAddress } from "@sendgrid/helpers/classes";
[7m [0m [91m                             ~~~~~~~~~~~~~~~~~~~~~~~~~~~[0m
[96msrc/subscribers/set-reset-password.subscriber.ts[0m:[93m2[0m:[93m20[0m - [91merror[0m[90m TS2307: [0mCannot find module 'moment' or its corresponding type declarations.

[7m2[0m import moment from "moment";
[7m [0m [91m                   ~~~~~~~~[0m
[96msrc/subscribers/set-reset-password.subscriber.ts[0m:[93m416[0m:[93m65[0m - [91merror[0m[90m TS2339: [0mProperty 'NRG_FRONTED_URL' does not exist on type '{ NODE_ENV: string | undefined; APP_ROOT: string; PORT: string | undefined; API_ROOT: string; }'.

[7m416[0m                                                     href="${ENV.NRG_FRONTED_URL}${ENV.RESET_PASSWORD_URL}?userId=${args.userId}&nonce=${args.nonce}"
[7m   [0m [91m                                                                ~~~~~~~~~~~~~~~[0m
[96msrc/subscribers/set-reset-password.subscriber.ts[0m:[93m416[0m:[93m87[0m - [91merror[0m[90m TS2339: [0mProperty 'RESET_PASSWORD_URL' does not exist on type '{ NODE_ENV: string | undefined; APP_ROOT: string; PORT: string | undefined; API_ROOT: string; }'.

[7m416[0m                                                     href="${ENV.NRG_FRONTED_URL}${ENV.RESET_PASSWORD_URL}?userId=${args.userId}&nonce=${args.nonce}"
[7m   [0m [91m                                                                                      ~~~~~~~~~~~~~~~~~~[0m
[96msrc/subscribers/set-reset-password.subscriber.ts[0m:[93m492[0m:[93m57[0m - [91merror[0m[90m TS2339: [0mProperty 'NRG_FRONTED_URL' does not exist on type '{ NODE_ENV: string | undefined; APP_ROOT: string; PORT: string | undefined; API_ROOT: string; }'.

[7m492[0m                                             href="${ENV.NRG_FRONTED_URL}${ENV.RESET_PASSWORD_URL}?userId=${args.userId}&nonce=${args.nonce}"
[7m   [0m [91m                                                        ~~~~~~~~~~~~~~~[0m
[96msrc/subscribers/set-reset-password.subscriber.ts[0m:[93m492[0m:[93m79[0m - [91merror[0m[90m TS2339: [0mProperty 'RESET_PASSWORD_URL' does not exist on type '{ NODE_ENV: string | undefined; APP_ROOT: string; PORT: string | undefined; API_ROOT: string; }'.

[7m492[0m                                             href="${ENV.NRG_FRONTED_URL}${ENV.RESET_PASSWORD_URL}?userId=${args.userId}&nonce=${args.nonce}"
[7m   [0m [91m                                                                              ~~~~~~~~~~~~~~~~~~[0m
[96msrc/subscribers/set-reset-password.subscriber.ts[0m:[93m504[0m:[93m58[0m - [91merror[0m[90m TS2339: [0mProperty 'NRG_FRONTED_URL' does not exist on type '{ NODE_ENV: string | undefined; APP_ROOT: string; PORT: string | undefined; API_ROOT: string; }'.

[7m504[0m                                                   >${ENV.NRG_FRONTED_URL}${ENV.RESET_PASSWORD_URL}?userId=${args.userId}&nonce=${args.nonce}</a
[7m   [0m [91m                                                         ~~~~~~~~~~~~~~~[0m
[96msrc/subscribers/set-reset-password.subscriber.ts[0m:[93m504[0m:[93m80[0m - [91merror[0m[90m TS2339: [0mProperty 'RESET_PASSWORD_URL' does not exist on type '{ NODE_ENV: string | undefined; APP_ROOT: string; PORT: string | undefined; API_ROOT: string; }'.

[7m504[0m                                                   >${ENV.NRG_FRONTED_URL}${ENV.RESET_PASSWORD_URL}?userId=${args.userId}&nonce=${args.nonce}</a
[7m   [0m [91m                                                                               ~~~~~~~~~~~~~~~~~~[0m
[96msrc/subscribers/set-reset-password.subscriber.ts[0m:[93m996[0m:[93m11[0m - [91merror[0m[90m TS2339: [0mProperty 'SENDGRID_SENDER_ADDRESS' does not exist on type '{ NODE_ENV: string | undefined; APP_ROOT: string; PORT: string | undefined; API_ROOT: string; }'.

[7m996[0m       ENV.SENDGRID_SENDER_ADDRESS,
[7m   [0m [91m          ~~~~~~~~~~~~~~~~~~~~~~~[0m
[96msrc/subscribers/set-reset-password.subscriber.ts[0m:[93m1002[0m:[93m18[0m - [91merror[0m[90m TS2339: [0mProperty 'email' does not exist on type 'PrismaClient<PrismaClientOptions, never, RejectOnNotFound | RejectPerOperation | undefined>'.

[7m1002[0m     await client.email.create({
[7m    [0m [91m                 ~~~~~[0m
[96msrc/subscribers/set-reset-password.subscriber.ts[0m:[93m1012[0m:[93m18[0m - [91merror[0m[90m TS2339: [0mProperty 'email' does not exist on type 'PrismaClient<PrismaClientOptions, never, RejectOnNotFound | RejectPerOperation | undefined>'.

[7m1012[0m     await client.email.create({
[7m    [0m [91m                 ~~~~~[0m

TSError: â¨¯ Unable to compile TypeScript:
[96msrc/subscribers/set-reset-password.subscriber.ts[0m:[93m1[0m:[93m30[0m - [91merror[0m[90m TS2307: [0mCannot find module '@sendgrid/helpers/classes' or its corresponding type declarations.

[7m1[0m import { EmailAddress } from "@sendgrid/helpers/classes";
[7m [0m [91m                             ~~~~~~~~~~~~~~~~~~~~~~~~~~~[0m
[96msrc/subscribers/set-reset-password.subscriber.ts[0m:[93m2[0m:[93m20[0m - [91merror[0m[90m TS2307: [0mCannot find module 'moment' or its corresponding type declarations.

[7m2[0m import moment from "moment";
[7m [0m [91m                   ~~~~~~~~[0m
[96msrc/subscribers/set-reset-password.subscriber.ts[0m:[93m416[0m:[93m65[0m - [91merror[0m[90m TS2339: [0mProperty 'NRG_FRONTED_URL' does not exist on type '{ NODE_ENV: string | undefined; APP_ROOT: string; PORT: string | undefined; API_ROOT: string; }'.

[7m416[0m                                                     href="${ENV.NRG_FRONTED_URL}${ENV.RESET_PASSWORD_URL}?userId=${args.userId}&nonce=${args.nonce}"
[7m   [0m [91m                                                                ~~~~~~~~~~~~~~~[0m
[96msrc/subscribers/set-reset-password.subscriber.ts[0m:[93m416[0m:[93m87[0m - [91merror[0m[90m TS2339: [0mProperty 'RESET_PASSWORD_URL' does not exist on type '{ NODE_ENV: string | undefined; APP_ROOT: string; PORT: string | undefined; API_ROOT: string; }'.

[7m416[0m                                                     href="${ENV.NRG_FRONTED_URL}${ENV.RESET_PASSWORD_URL}?userId=${args.userId}&nonce=${args.nonce}"
[7m   [0m [91m                                                                                      ~~~~~~~~~~~~~~~~~~[0m
[96msrc/subscribers/set-reset-password.subscriber.ts[0m:[93m492[0m:[93m57[0m - [91merror[0m[90m TS2339: [0mProperty 'NRG_FRONTED_URL' does not exist on type '{ NODE_ENV: string | undefined; APP_ROOT: string; PORT: string | undefined; API_ROOT: string; }'.

[7m492[0m                                             href="${ENV.NRG_FRONTED_URL}${ENV.RESET_PASSWORD_URL}?userId=${args.userId}&nonce=${args.nonce}"
[7m   [0m [91m                                                        ~~~~~~~~~~~~~~~[0m
[96msrc/subscribers/set-reset-password.subscriber.ts[0m:[93m492[0m:[93m79[0m - [91merror[0m[90m TS2339: [0mProperty 'RESET_PASSWORD_URL' does not exist on type '{ NODE_ENV: string | undefined; APP_ROOT: string; PORT: string | undefined; API_ROOT: string; }'.

[7m492[0m                                             href="${ENV.NRG_FRONTED_URL}${ENV.RESET_PASSWORD_URL}?userId=${args.userId}&nonce=${args.nonce}"
[7m   [0m [91m                                                                              ~~~~~~~~~~~~~~~~~~[0m
[96msrc/subscribers/set-reset-password.subscriber.ts[0m:[93m504[0m:[93m58[0m - [91merror[0m[90m TS2339: [0mProperty 'NRG_FRONTED_URL' does not exist on type '{ NODE_ENV: string | undefined; APP_ROOT: string; PORT: string | undefined; API_ROOT: string; }'.

[7m504[0m                                                   >${ENV.NRG_FRONTED_URL}${ENV.RESET_PASSWORD_URL}?userId=${args.userId}&nonce=${args.nonce}</a
[7m   [0m [91m                                                         ~~~~~~~~~~~~~~~[0m
[96msrc/subscribers/set-reset-password.subscriber.ts[0m:[93m504[0m:[93m80[0m - [91merror[0m[90m TS2339: [0mProperty 'RESET_PASSWORD_URL' does not exist on type '{ NODE_ENV: string | undefined; APP_ROOT: string; PORT: string | undefined; API_ROOT: string; }'.

[7m504[0m                                                   >${ENV.NRG_FRONTED_URL}${ENV.RESET_PASSWORD_URL}?userId=${args.userId}&nonce=${args.nonce}</a
[7m   [0m [91m                                                                               ~~~~~~~~~~~~~~~~~~[0m
[96msrc/subscribers/set-reset-password.subscriber.ts[0m:[93m996[0m:[93m11[0m - [91merror[0m[90m TS2339: [0mProperty 'SENDGRID_SENDER_ADDRESS' does not exist on type '{ NODE_ENV: string | undefined; APP_ROOT: string; PORT: string | undefined; API_ROOT: string; }'.

[7m996[0m       ENV.SENDGRID_SENDER_ADDRESS,
[7m   [0m [91m          ~~~~~~~~~~~~~~~~~~~~~~~[0m
[96msrc/subscribers/set-reset-password.subscriber.ts[0m:[93m1002[0m:[93m18[0m - [91merror[0m[90m TS2339: [0mProperty 'email' does not exist on type 'PrismaClient<PrismaClientOptions, never, RejectOnNotFound | RejectPerOperation | undefined>'.

[7m1002[0m     await client.email.create({
[7m    [0m [91m                 ~~~~~[0m
[96msrc/subscribers/set-reset-password.subscriber.ts[0m:[93m1012[0m:[93m18[0m - [91merror[0m[90m TS2339: [0mProperty 'email' does not exist on type 'PrismaClient<PrismaClientOptions, never, RejectOnNotFound | RejectPerOperation | undefined>'.

[7m1012[0m     await client.email.create({
[7m    [0m [91m                 ~~~~~[0m

    at createTSError (D:\Jay\node-setup\node-setup-master\node_modules\ts-node\src\index.ts:820:12)
    at reportTSError (D:\Jay\node-setup\node-setup-master\node_modules\ts-node\src\index.ts:824:19)
    at getOutput (D:\Jay\node-setup\node-setup-master\node_modules\ts-node\src\index.ts:1014:36)
    at Object.compile (D:\Jay\node-setup\node-setup-master\node_modules\ts-node\src\index.ts:1322:43)
    at Module.m._compile (D:\Jay\node-setup\node-setup-master\node_modules\ts-node\src\index.ts:1454:30)
    at Module._extensions..js (node:internal/modules/cjs/loader:1157:10)
    at Object.require.extensions.<computed> [as .ts] (D:\Jay\node-setup\node-setup-master\node_modules\ts-node\src\index.ts:1458:12)
    at Module.load (node:internal/modules/cjs/loader:981:32)
    at Function.Module._load (node:internal/modules/cjs/loader:822:12)
    at Module.require (node:internal/modules/cjs/loader:1005:19)
2022-03-23 23:00:00 error: uncaughtException: [1;91merror[0m: [1mEnvironment variable not found: DATABASE_URL.[0m
  [1;94m-->[0m  [4mschema.prisma:10[0m
[1;94m   | [0m
[1;94m 9 | [0m  provider = "mysql"
[1;94m10 | [0m  url      = [1;91menv("DATABASE_URL")[0m
[1;94m   | [0m

Validation Error Count: 1
Error: [1;91merror[0m: [1mEnvironment variable not found: DATABASE_URL.[0m
  [1;94m-->[0m  [4mschema.prisma:10[0m
[1;94m   | [0m
[1;94m 9 | [0m  provider = "mysql"
[1;94m10 | [0m  url      = [1;91menv("DATABASE_URL")[0m
[1;94m   | [0m

Validation Error Count: 1
    at Object.loadEngine (D:\Jay\node-setup\node-setup-master\node_modules\@prisma\client\runtime\index.js:35591:19)
    at processTicksAndRejections (node:internal/process/task_queues:96:5)
    at async Object.instantiateLibrary (D:\Jay\node-setup\node-setup-master\node_modules\@prisma\client\runtime\index.js:35520:5)
2022-03-23 23:00:00 error: uncaughtException: [1;91merror[0m: [1mEnvironment variable not found: DATABASE_URL.[0m
  [1;94m-->[0m  [4mschema.prisma:10[0m
[1;94m   | [0m
[1;94m 9 | [0m  provider = "mysql"
[1;94m10 | [0m  url      = [1;91menv("DATABASE_URL")[0m
[1;94m   | [0m

Validation Error Count: 1
Error: [1;91merror[0m: [1mEnvironment variable not found: DATABASE_URL.[0m
  [1;94m-->[0m  [4mschema.prisma:10[0m
[1;94m   | [0m
[1;94m 9 | [0m  provider = "mysql"
[1;94m10 | [0m  url      = [1;91menv("DATABASE_URL")[0m
[1;94m   | [0m

Validation Error Count: 1
    at Object.loadEngine (D:\Jay\node-setup\node-setup-master\node_modules\@prisma\client\runtime\index.js:35591:19)
    at processTicksAndRejections (node:internal/process/task_queues:96:5)
    at async Object.instantiateLibrary (D:\Jay\node-setup\node-setup-master\node_modules\@prisma\client\runtime\index.js:35520:5)
2022-03-23 23:00:37 info: Creating: TestController
2022-03-23 23:00:37 info: Creating: TestService
2022-03-23 23:00:37 info: Creating: TestRepository
2022-03-23 23:00:38 error: uncaughtException: â¨¯ Unable to compile TypeScript:
[96msrc/subscribers/set-reset-password.subscriber.ts[0m:[93m1[0m:[93m30[0m - [91merror[0m[90m TS2307: [0mCannot find module '@sendgrid/helpers/classes' or its corresponding type declarations.

[7m1[0m import { EmailAddress } from "@sendgrid/helpers/classes";
[7m [0m [91m                             ~~~~~~~~~~~~~~~~~~~~~~~~~~~[0m
[96msrc/subscribers/set-reset-password.subscriber.ts[0m:[93m2[0m:[93m20[0m - [91merror[0m[90m TS2307: [0mCannot find module 'moment' or its corresponding type declarations.

[7m2[0m import moment from "moment";
[7m [0m [91m                   ~~~~~~~~[0m
[96msrc/subscribers/set-reset-password.subscriber.ts[0m:[93m416[0m:[93m65[0m - [91merror[0m[90m TS2339: [0mProperty 'NRG_FRONTED_URL' does not exist on type '{ NODE_ENV: string | undefined; APP_ROOT: string; PORT: string | undefined; API_ROOT: string; }'.

[7m416[0m                                                     href="${ENV.NRG_FRONTED_URL}${ENV.RESET_PASSWORD_URL}?userId=${args.userId}&nonce=${args.nonce}"
[7m   [0m [91m                                                                ~~~~~~~~~~~~~~~[0m
[96msrc/subscribers/set-reset-password.subscriber.ts[0m:[93m416[0m:[93m87[0m - [91merror[0m[90m TS2339: [0mProperty 'RESET_PASSWORD_URL' does not exist on type '{ NODE_ENV: string | undefined; APP_ROOT: string; PORT: string | undefined; API_ROOT: string; }'.

[7m416[0m                                                     href="${ENV.NRG_FRONTED_URL}${ENV.RESET_PASSWORD_URL}?userId=${args.userId}&nonce=${args.nonce}"
[7m   [0m [91m                                                                                      ~~~~~~~~~~~~~~~~~~[0m
[96msrc/subscribers/set-reset-password.subscriber.ts[0m:[93m492[0m:[93m57[0m - [91merror[0m[90m TS2339: [0mProperty 'NRG_FRONTED_URL' does not exist on type '{ NODE_ENV: string | undefined; APP_ROOT: string; PORT: string | undefined; API_ROOT: string; }'.

[7m492[0m                                             href="${ENV.NRG_FRONTED_URL}${ENV.RESET_PASSWORD_URL}?userId=${args.userId}&nonce=${args.nonce}"
[7m   [0m [91m                                                        ~~~~~~~~~~~~~~~[0m
[96msrc/subscribers/set-reset-password.subscriber.ts[0m:[93m492[0m:[93m79[0m - [91merror[0m[90m TS2339: [0mProperty 'RESET_PASSWORD_URL' does not exist on type '{ NODE_ENV: string | undefined; APP_ROOT: string; PORT: string | undefined; API_ROOT: string; }'.

[7m492[0m                                             href="${ENV.NRG_FRONTED_URL}${ENV.RESET_PASSWORD_URL}?userId=${args.userId}&nonce=${args.nonce}"
[7m   [0m [91m                                                                              ~~~~~~~~~~~~~~~~~~[0m
[96msrc/subscribers/set-reset-password.subscriber.ts[0m:[93m504[0m:[93m58[0m - [91merror[0m[90m TS2339: [0mProperty 'NRG_FRONTED_URL' does not exist on type '{ NODE_ENV: string | undefined; APP_ROOT: string; PORT: string | undefined; API_ROOT: string; }'.

[7m504[0m                                                   >${ENV.NRG_FRONTED_URL}${ENV.RESET_PASSWORD_URL}?userId=${args.userId}&nonce=${args.nonce}</a
[7m   [0m [91m                                                         ~~~~~~~~~~~~~~~[0m
[96msrc/subscribers/set-reset-password.subscriber.ts[0m:[93m504[0m:[93m80[0m - [91merror[0m[90m TS2339: [0mProperty 'RESET_PASSWORD_URL' does not exist on type '{ NODE_ENV: string | undefined; APP_ROOT: string; PORT: string | undefined; API_ROOT: string; }'.

[7m504[0m                                                   >${ENV.NRG_FRONTED_URL}${ENV.RESET_PASSWORD_URL}?userId=${args.userId}&nonce=${args.nonce}</a
[7m   [0m [91m                                                                               ~~~~~~~~~~~~~~~~~~[0m
[96msrc/subscribers/set-reset-password.subscriber.ts[0m:[93m996[0m:[93m11[0m - [91merror[0m[90m TS2339: [0mProperty 'SENDGRID_SENDER_ADDRESS' does not exist on type '{ NODE_ENV: string | undefined; APP_ROOT: string; PORT: string | undefined; API_ROOT: string; }'.

[7m996[0m       ENV.SENDGRID_SENDER_ADDRESS,
[7m   [0m [91m          ~~~~~~~~~~~~~~~~~~~~~~~[0m
[96msrc/subscribers/set-reset-password.subscriber.ts[0m:[93m1002[0m:[93m18[0m - [91merror[0m[90m TS2339: [0mProperty 'email' does not exist on type 'PrismaClient<PrismaClientOptions, never, RejectOnNotFound | RejectPerOperation | undefined>'.

[7m1002[0m     await client.email.create({
[7m    [0m [91m                 ~~~~~[0m
[96msrc/subscribers/set-reset-password.subscriber.ts[0m:[93m1012[0m:[93m18[0m - [91merror[0m[90m TS2339: [0mProperty 'email' does not exist on type 'PrismaClient<PrismaClientOptions, never, RejectOnNotFound | RejectPerOperation | undefined>'.

[7m1012[0m     await client.email.create({
[7m    [0m [91m                 ~~~~~[0m

TSError: â¨¯ Unable to compile TypeScript:
[96msrc/subscribers/set-reset-password.subscriber.ts[0m:[93m1[0m:[93m30[0m - [91merror[0m[90m TS2307: [0mCannot find module '@sendgrid/helpers/classes' or its corresponding type declarations.

[7m1[0m import { EmailAddress } from "@sendgrid/helpers/classes";
[7m [0m [91m                             ~~~~~~~~~~~~~~~~~~~~~~~~~~~[0m
[96msrc/subscribers/set-reset-password.subscriber.ts[0m:[93m2[0m:[93m20[0m - [91merror[0m[90m TS2307: [0mCannot find module 'moment' or its corresponding type declarations.

[7m2[0m import moment from "moment";
[7m [0m [91m                   ~~~~~~~~[0m
[96msrc/subscribers/set-reset-password.subscriber.ts[0m:[93m416[0m:[93m65[0m - [91merror[0m[90m TS2339: [0mProperty 'NRG_FRONTED_URL' does not exist on type '{ NODE_ENV: string | undefined; APP_ROOT: string; PORT: string | undefined; API_ROOT: string; }'.

[7m416[0m                                                     href="${ENV.NRG_FRONTED_URL}${ENV.RESET_PASSWORD_URL}?userId=${args.userId}&nonce=${args.nonce}"
[7m   [0m [91m                                                                ~~~~~~~~~~~~~~~[0m
[96msrc/subscribers/set-reset-password.subscriber.ts[0m:[93m416[0m:[93m87[0m - [91merror[0m[90m TS2339: [0mProperty 'RESET_PASSWORD_URL' does not exist on type '{ NODE_ENV: string | undefined; APP_ROOT: string; PORT: string | undefined; API_ROOT: string; }'.

[7m416[0m                                                     href="${ENV.NRG_FRONTED_URL}${ENV.RESET_PASSWORD_URL}?userId=${args.userId}&nonce=${args.nonce}"
[7m   [0m [91m                                                                                      ~~~~~~~~~~~~~~~~~~[0m
[96msrc/subscribers/set-reset-password.subscriber.ts[0m:[93m492[0m:[93m57[0m - [91merror[0m[90m TS2339: [0mProperty 'NRG_FRONTED_URL' does not exist on type '{ NODE_ENV: string | undefined; APP_ROOT: string; PORT: string | undefined; API_ROOT: string; }'.

[7m492[0m                                             href="${ENV.NRG_FRONTED_URL}${ENV.RESET_PASSWORD_URL}?userId=${args.userId}&nonce=${args.nonce}"
[7m   [0m [91m                                                        ~~~~~~~~~~~~~~~[0m
[96msrc/subscribers/set-reset-password.subscriber.ts[0m:[93m492[0m:[93m79[0m - [91merror[0m[90m TS2339: [0mProperty 'RESET_PASSWORD_URL' does not exist on type '{ NODE_ENV: string | undefined; APP_ROOT: string; PORT: string | undefined; API_ROOT: string; }'.

[7m492[0m                                             href="${ENV.NRG_FRONTED_URL}${ENV.RESET_PASSWORD_URL}?userId=${args.userId}&nonce=${args.nonce}"
[7m   [0m [91m                                                                              ~~~~~~~~~~~~~~~~~~[0m
[96msrc/subscribers/set-reset-password.subscriber.ts[0m:[93m504[0m:[93m58[0m - [91merror[0m[90m TS2339: [0mProperty 'NRG_FRONTED_URL' does not exist on type '{ NODE_ENV: string | undefined; APP_ROOT: string; PORT: string | undefined; API_ROOT: string; }'.

[7m504[0m                                                   >${ENV.NRG_FRONTED_URL}${ENV.RESET_PASSWORD_URL}?userId=${args.userId}&nonce=${args.nonce}</a
[7m   [0m [91m                                                         ~~~~~~~~~~~~~~~[0m
[96msrc/subscribers/set-reset-password.subscriber.ts[0m:[93m504[0m:[93m80[0m - [91merror[0m[90m TS2339: [0mProperty 'RESET_PASSWORD_URL' does not exist on type '{ NODE_ENV: string | undefined; APP_ROOT: string; PORT: string | undefined; API_ROOT: string; }'.

[7m504[0m                                                   >${ENV.NRG_FRONTED_URL}${ENV.RESET_PASSWORD_URL}?userId=${args.userId}&nonce=${args.nonce}</a
[7m   [0m [91m                                                                               ~~~~~~~~~~~~~~~~~~[0m
[96msrc/subscribers/set-reset-password.subscriber.ts[0m:[93m996[0m:[93m11[0m - [91merror[0m[90m TS2339: [0mProperty 'SENDGRID_SENDER_ADDRESS' does not exist on type '{ NODE_ENV: string | undefined; APP_ROOT: string; PORT: string | undefined; API_ROOT: string; }'.

[7m996[0m       ENV.SENDGRID_SENDER_ADDRESS,
[7m   [0m [91m          ~~~~~~~~~~~~~~~~~~~~~~~[0m
[96msrc/subscribers/set-reset-password.subscriber.ts[0m:[93m1002[0m:[93m18[0m - [91merror[0m[90m TS2339: [0mProperty 'email' does not exist on type 'PrismaClient<PrismaClientOptions, never, RejectOnNotFound | RejectPerOperation | undefined>'.

[7m1002[0m     await client.email.create({
[7m    [0m [91m                 ~~~~~[0m
[96msrc/subscribers/set-reset-password.subscriber.ts[0m:[93m1012[0m:[93m18[0m - [91merror[0m[90m TS2339: [0mProperty 'email' does not exist on type 'PrismaClient<PrismaClientOptions, never, RejectOnNotFound | RejectPerOperation | undefined>'.

[7m1012[0m     await client.email.create({
[7m    [0m [91m                 ~~~~~[0m

    at createTSError (D:\Jay\node-setup\node-setup-master\node_modules\ts-node\src\index.ts:820:12)
    at reportTSError (D:\Jay\node-setup\node-setup-master\node_modules\ts-node\src\index.ts:824:19)
    at getOutput (D:\Jay\node-setup\node-setup-master\node_modules\ts-node\src\index.ts:1014:36)
    at Object.compile (D:\Jay\node-setup\node-setup-master\node_modules\ts-node\src\index.ts:1322:43)
    at Module.m._compile (D:\Jay\node-setup\node-setup-master\node_modules\ts-node\src\index.ts:1454:30)
    at Module._extensions..js (node:internal/modules/cjs/loader:1157:10)
    at Object.require.extensions.<computed> [as .ts] (D:\Jay\node-setup\node-setup-master\node_modules\ts-node\src\index.ts:1458:12)
    at Module.load (node:internal/modules/cjs/loader:981:32)
    at Function.Module._load (node:internal/modules/cjs/loader:822:12)
    at Module.require (node:internal/modules/cjs/loader:1005:19)
2022-03-23 23:00:38 error: uncaughtException: â¨¯ Unable to compile TypeScript:
[96msrc/subscribers/set-reset-password.subscriber.ts[0m:[93m1[0m:[93m30[0m - [91merror[0m[90m TS2307: [0mCannot find module '@sendgrid/helpers/classes' or its corresponding type declarations.

[7m1[0m import { EmailAddress } from "@sendgrid/helpers/classes";
[7m [0m [91m                             ~~~~~~~~~~~~~~~~~~~~~~~~~~~[0m
[96msrc/subscribers/set-reset-password.subscriber.ts[0m:[93m2[0m:[93m20[0m - [91merror[0m[90m TS2307: [0mCannot find module 'moment' or its corresponding type declarations.

[7m2[0m import moment from "moment";
[7m [0m [91m                   ~~~~~~~~[0m
[96msrc/subscribers/set-reset-password.subscriber.ts[0m:[93m416[0m:[93m65[0m - [91merror[0m[90m TS2339: [0mProperty 'NRG_FRONTED_URL' does not exist on type '{ NODE_ENV: string | undefined; APP_ROOT: string; PORT: string | undefined; API_ROOT: string; }'.

[7m416[0m                                                     href="${ENV.NRG_FRONTED_URL}${ENV.RESET_PASSWORD_URL}?userId=${args.userId}&nonce=${args.nonce}"
[7m   [0m [91m                                                                ~~~~~~~~~~~~~~~[0m
[96msrc/subscribers/set-reset-password.subscriber.ts[0m:[93m416[0m:[93m87[0m - [91merror[0m[90m TS2339: [0mProperty 'RESET_PASSWORD_URL' does not exist on type '{ NODE_ENV: string | undefined; APP_ROOT: string; PORT: string | undefined; API_ROOT: string; }'.

[7m416[0m                                                     href="${ENV.NRG_FRONTED_URL}${ENV.RESET_PASSWORD_URL}?userId=${args.userId}&nonce=${args.nonce}"
[7m   [0m [91m                                                                                      ~~~~~~~~~~~~~~~~~~[0m
[96msrc/subscribers/set-reset-password.subscriber.ts[0m:[93m492[0m:[93m57[0m - [91merror[0m[90m TS2339: [0mProperty 'NRG_FRONTED_URL' does not exist on type '{ NODE_ENV: string | undefined; APP_ROOT: string; PORT: string | undefined; API_ROOT: string; }'.

[7m492[0m                                             href="${ENV.NRG_FRONTED_URL}${ENV.RESET_PASSWORD_URL}?userId=${args.userId}&nonce=${args.nonce}"
[7m   [0m [91m                                                        ~~~~~~~~~~~~~~~[0m
[96msrc/subscribers/set-reset-password.subscriber.ts[0m:[93m492[0m:[93m79[0m - [91merror[0m[90m TS2339: [0mProperty 'RESET_PASSWORD_URL' does not exist on type '{ NODE_ENV: string | undefined; APP_ROOT: string; PORT: string | undefined; API_ROOT: string; }'.

[7m492[0m                                             href="${ENV.NRG_FRONTED_URL}${ENV.RESET_PASSWORD_URL}?userId=${args.userId}&nonce=${args.nonce}"
[7m   [0m [91m                                                                              ~~~~~~~~~~~~~~~~~~[0m
[96msrc/subscribers/set-reset-password.subscriber.ts[0m:[93m504[0m:[93m58[0m - [91merror[0m[90m TS2339: [0mProperty 'NRG_FRONTED_URL' does not exist on type '{ NODE_ENV: string | undefined; APP_ROOT: string; PORT: string | undefined; API_ROOT: string; }'.

[7m504[0m                                                   >${ENV.NRG_FRONTED_URL}${ENV.RESET_PASSWORD_URL}?userId=${args.userId}&nonce=${args.nonce}</a
[7m   [0m [91m                                                         ~~~~~~~~~~~~~~~[0m
[96msrc/subscribers/set-reset-password.subscriber.ts[0m:[93m504[0m:[93m80[0m - [91merror[0m[90m TS2339: [0mProperty 'RESET_PASSWORD_URL' does not exist on type '{ NODE_ENV: string | undefined; APP_ROOT: string; PORT: string | undefined; API_ROOT: string; }'.

[7m504[0m                                                   >${ENV.NRG_FRONTED_URL}${ENV.RESET_PASSWORD_URL}?userId=${args.userId}&nonce=${args.nonce}</a
[7m   [0m [91m                                                                               ~~~~~~~~~~~~~~~~~~[0m
[96msrc/subscribers/set-reset-password.subscriber.ts[0m:[93m996[0m:[93m11[0m - [91merror[0m[90m TS2339: [0mProperty 'SENDGRID_SENDER_ADDRESS' does not exist on type '{ NODE_ENV: string | undefined; APP_ROOT: string; PORT: string | undefined; API_ROOT: string; }'.

[7m996[0m       ENV.SENDGRID_SENDER_ADDRESS,
[7m   [0m [91m          ~~~~~~~~~~~~~~~~~~~~~~~[0m
[96msrc/subscribers/set-reset-password.subscriber.ts[0m:[93m1002[0m:[93m18[0m - [91merror[0m[90m TS2339: [0mProperty 'email' does not exist on type 'PrismaClient<PrismaClientOptions, never, RejectOnNotFound | RejectPerOperation | undefined>'.

[7m1002[0m     await client.email.create({
[7m    [0m [91m                 ~~~~~[0m
[96msrc/subscribers/set-reset-password.subscriber.ts[0m:[93m1012[0m:[93m18[0m - [91merror[0m[90m TS2339: [0mProperty 'email' does not exist on type 'PrismaClient<PrismaClientOptions, never, RejectOnNotFound | RejectPerOperation | undefined>'.

[7m1012[0m     await client.email.create({
[7m    [0m [91m                 ~~~~~[0m

TSError: â¨¯ Unable to compile TypeScript:
[96msrc/subscribers/set-reset-password.subscriber.ts[0m:[93m1[0m:[93m30[0m - [91merror[0m[90m TS2307: [0mCannot find module '@sendgrid/helpers/classes' or its corresponding type declarations.

[7m1[0m import { EmailAddress } from "@sendgrid/helpers/classes";
[7m [0m [91m                             ~~~~~~~~~~~~~~~~~~~~~~~~~~~[0m
[96msrc/subscribers/set-reset-password.subscriber.ts[0m:[93m2[0m:[93m20[0m - [91merror[0m[90m TS2307: [0mCannot find module 'moment' or its corresponding type declarations.

[7m2[0m import moment from "moment";
[7m [0m [91m                   ~~~~~~~~[0m
[96msrc/subscribers/set-reset-password.subscriber.ts[0m:[93m416[0m:[93m65[0m - [91merror[0m[90m TS2339: [0mProperty 'NRG_FRONTED_URL' does not exist on type '{ NODE_ENV: string | undefined; APP_ROOT: string; PORT: string | undefined; API_ROOT: string; }'.

[7m416[0m                                                     href="${ENV.NRG_FRONTED_URL}${ENV.RESET_PASSWORD_URL}?userId=${args.userId}&nonce=${args.nonce}"
[7m   [0m [91m                                                                ~~~~~~~~~~~~~~~[0m
[96msrc/subscribers/set-reset-password.subscriber.ts[0m:[93m416[0m:[93m87[0m - [91merror[0m[90m TS2339: [0mProperty 'RESET_PASSWORD_URL' does not exist on type '{ NODE_ENV: string | undefined; APP_ROOT: string; PORT: string | undefined; API_ROOT: string; }'.

[7m416[0m                                                     href="${ENV.NRG_FRONTED_URL}${ENV.RESET_PASSWORD_URL}?userId=${args.userId}&nonce=${args.nonce}"
[7m   [0m [91m                                                                                      ~~~~~~~~~~~~~~~~~~[0m
[96msrc/subscribers/set-reset-password.subscriber.ts[0m:[93m492[0m:[93m57[0m - [91merror[0m[90m TS2339: [0mProperty 'NRG_FRONTED_URL' does not exist on type '{ NODE_ENV: string | undefined; APP_ROOT: string; PORT: string | undefined; API_ROOT: string; }'.

[7m492[0m                                             href="${ENV.NRG_FRONTED_URL}${ENV.RESET_PASSWORD_URL}?userId=${args.userId}&nonce=${args.nonce}"
[7m   [0m [91m                                                        ~~~~~~~~~~~~~~~[0m
[96msrc/subscribers/set-reset-password.subscriber.ts[0m:[93m492[0m:[93m79[0m - [91merror[0m[90m TS2339: [0mProperty 'RESET_PASSWORD_URL' does not exist on type '{ NODE_ENV: string | undefined; APP_ROOT: string; PORT: string | undefined; API_ROOT: string; }'.

[7m492[0m                                             href="${ENV.NRG_FRONTED_URL}${ENV.RESET_PASSWORD_URL}?userId=${args.userId}&nonce=${args.nonce}"
[7m   [0m [91m                                                                              ~~~~~~~~~~~~~~~~~~[0m
[96msrc/subscribers/set-reset-password.subscriber.ts[0m:[93m504[0m:[93m58[0m - [91merror[0m[90m TS2339: [0mProperty 'NRG_FRONTED_URL' does not exist on type '{ NODE_ENV: string | undefined; APP_ROOT: string; PORT: string | undefined; API_ROOT: string; }'.

[7m504[0m                                                   >${ENV.NRG_FRONTED_URL}${ENV.RESET_PASSWORD_URL}?userId=${args.userId}&nonce=${args.nonce}</a
[7m   [0m [91m                                                         ~~~~~~~~~~~~~~~[0m
[96msrc/subscribers/set-reset-password.subscriber.ts[0m:[93m504[0m:[93m80[0m - [91merror[0m[90m TS2339: [0mProperty 'RESET_PASSWORD_URL' does not exist on type '{ NODE_ENV: string | undefined; APP_ROOT: string; PORT: string | undefined; API_ROOT: string; }'.

[7m504[0m                                                   >${ENV.NRG_FRONTED_URL}${ENV.RESET_PASSWORD_URL}?userId=${args.userId}&nonce=${args.nonce}</a
[7m   [0m [91m                                                                               ~~~~~~~~~~~~~~~~~~[0m
[96msrc/subscribers/set-reset-password.subscriber.ts[0m:[93m996[0m:[93m11[0m - [91merror[0m[90m TS2339: [0mProperty 'SENDGRID_SENDER_ADDRESS' does not exist on type '{ NODE_ENV: string | undefined; APP_ROOT: string; PORT: string | undefined; API_ROOT: string; }'.

[7m996[0m       ENV.SENDGRID_SENDER_ADDRESS,
[7m   [0m [91m          ~~~~~~~~~~~~~~~~~~~~~~~[0m
[96msrc/subscribers/set-reset-password.subscriber.ts[0m:[93m1002[0m:[93m18[0m - [91merror[0m[90m TS2339: [0mProperty 'email' does not exist on type 'PrismaClient<PrismaClientOptions, never, RejectOnNotFound | RejectPerOperation | undefined>'.

[7m1002[0m     await client.email.create({
[7m    [0m [91m                 ~~~~~[0m
[96msrc/subscribers/set-reset-password.subscriber.ts[0m:[93m1012[0m:[93m18[0m - [91merror[0m[90m TS2339: [0mProperty 'email' does not exist on type 'PrismaClient<PrismaClientOptions, never, RejectOnNotFound | RejectPerOperation | undefined>'.

[7m1012[0m     await client.email.create({
[7m    [0m [91m                 ~~~~~[0m

    at createTSError (D:\Jay\node-setup\node-setup-master\node_modules\ts-node\src\index.ts:820:12)
    at reportTSError (D:\Jay\node-setup\node-setup-master\node_modules\ts-node\src\index.ts:824:19)
    at getOutput (D:\Jay\node-setup\node-setup-master\node_modules\ts-node\src\index.ts:1014:36)
    at Object.compile (D:\Jay\node-setup\node-setup-master\node_modules\ts-node\src\index.ts:1322:43)
    at Module.m._compile (D:\Jay\node-setup\node-setup-master\node_modules\ts-node\src\index.ts:1454:30)
    at Module._extensions..js (node:internal/modules/cjs/loader:1157:10)
    at Object.require.extensions.<computed> [as .ts] (D:\Jay\node-setup\node-setup-master\node_modules\ts-node\src\index.ts:1458:12)
    at Module.load (node:internal/modules/cjs/loader:981:32)
    at Function.Module._load (node:internal/modules/cjs/loader:822:12)
    at Module.require (node:internal/modules/cjs/loader:1005:19)
2022-03-23 23:00:38 error: uncaughtException: â¨¯ Unable to compile TypeScript:
[96msrc/subscribers/set-reset-password.subscriber.ts[0m:[93m1[0m:[93m30[0m - [91merror[0m[90m TS2307: [0mCannot find module '@sendgrid/helpers/classes' or its corresponding type declarations.

[7m1[0m import { EmailAddress } from "@sendgrid/helpers/classes";
[7m [0m [91m                             ~~~~~~~~~~~~~~~~~~~~~~~~~~~[0m
[96msrc/subscribers/set-reset-password.subscriber.ts[0m:[93m2[0m:[93m20[0m - [91merror[0m[90m TS2307: [0mCannot find module 'moment' or its corresponding type declarations.

[7m2[0m import moment from "moment";
[7m [0m [91m                   ~~~~~~~~[0m
[96msrc/subscribers/set-reset-password.subscriber.ts[0m:[93m416[0m:[93m65[0m - [91merror[0m[90m TS2339: [0mProperty 'NRG_FRONTED_URL' does not exist on type '{ NODE_ENV: string | undefined; APP_ROOT: string; PORT: string | undefined; API_ROOT: string; }'.

[7m416[0m                                                     href="${ENV.NRG_FRONTED_URL}${ENV.RESET_PASSWORD_URL}?userId=${args.userId}&nonce=${args.nonce}"
[7m   [0m [91m                                                                ~~~~~~~~~~~~~~~[0m
[96msrc/subscribers/set-reset-password.subscriber.ts[0m:[93m416[0m:[93m87[0m - [91merror[0m[90m TS2339: [0mProperty 'RESET_PASSWORD_URL' does not exist on type '{ NODE_ENV: string | undefined; APP_ROOT: string; PORT: string | undefined; API_ROOT: string; }'.

[7m416[0m                                                     href="${ENV.NRG_FRONTED_URL}${ENV.RESET_PASSWORD_URL}?userId=${args.userId}&nonce=${args.nonce}"
[7m   [0m [91m                                                                                      ~~~~~~~~~~~~~~~~~~[0m
[96msrc/subscribers/set-reset-password.subscriber.ts[0m:[93m492[0m:[93m57[0m - [91merror[0m[90m TS2339: [0mProperty 'NRG_FRONTED_URL' does not exist on type '{ NODE_ENV: string | undefined; APP_ROOT: string; PORT: string | undefined; API_ROOT: string; }'.

[7m492[0m                                             href="${ENV.NRG_FRONTED_URL}${ENV.RESET_PASSWORD_URL}?userId=${args.userId}&nonce=${args.nonce}"
[7m   [0m [91m                                                        ~~~~~~~~~~~~~~~[0m
[96msrc/subscribers/set-reset-password.subscriber.ts[0m:[93m492[0m:[93m79[0m - [91merror[0m[90m TS2339: [0mProperty 'RESET_PASSWORD_URL' does not exist on type '{ NODE_ENV: string | undefined; APP_ROOT: string; PORT: string | undefined; API_ROOT: string; }'.

[7m492[0m                                             href="${ENV.NRG_FRONTED_URL}${ENV.RESET_PASSWORD_URL}?userId=${args.userId}&nonce=${args.nonce}"
[7m   [0m [91m                                                                              ~~~~~~~~~~~~~~~~~~[0m
[96msrc/subscribers/set-reset-password.subscriber.ts[0m:[93m504[0m:[93m58[0m - [91merror[0m[90m TS2339: [0mProperty 'NRG_FRONTED_URL' does not exist on type '{ NODE_ENV: string | undefined; APP_ROOT: string; PORT: string | undefined; API_ROOT: string; }'.

[7m504[0m                                                   >${ENV.NRG_FRONTED_URL}${ENV.RESET_PASSWORD_URL}?userId=${args.userId}&nonce=${args.nonce}</a
[7m   [0m [91m                                                         ~~~~~~~~~~~~~~~[0m
[96msrc/subscribers/set-reset-password.subscriber.ts[0m:[93m504[0m:[93m80[0m - [91merror[0m[90m TS2339: [0mProperty 'RESET_PASSWORD_URL' does not exist on type '{ NODE_ENV: string | undefined; APP_ROOT: string; PORT: string | undefined; API_ROOT: string; }'.

[7m504[0m                                                   >${ENV.NRG_FRONTED_URL}${ENV.RESET_PASSWORD_URL}?userId=${args.userId}&nonce=${args.nonce}</a
[7m   [0m [91m                                                                               ~~~~~~~~~~~~~~~~~~[0m
[96msrc/subscribers/set-reset-password.subscriber.ts[0m:[93m996[0m:[93m11[0m - [91merror[0m[90m TS2339: [0mProperty 'SENDGRID_SENDER_ADDRESS' does not exist on type '{ NODE_ENV: string | undefined; APP_ROOT: string; PORT: string | undefined; API_ROOT: string; }'.

[7m996[0m       ENV.SENDGRID_SENDER_ADDRESS,
[7m   [0m [91m          ~~~~~~~~~~~~~~~~~~~~~~~[0m
[96msrc/subscribers/set-reset-password.subscriber.ts[0m:[93m1002[0m:[93m18[0m - [91merror[0m[90m TS2339: [0mProperty 'email' does not exist on type 'PrismaClient<PrismaClientOptions, never, RejectOnNotFound | RejectPerOperation | undefined>'.

[7m1002[0m     await client.email.create({
[7m    [0m [91m                 ~~~~~[0m
[96msrc/subscribers/set-reset-password.subscriber.ts[0m:[93m1012[0m:[93m18[0m - [91merror[0m[90m TS2339: [0mProperty 'email' does not exist on type 'PrismaClient<PrismaClientOptions, never, RejectOnNotFound | RejectPerOperation | undefined>'.

[7m1012[0m     await client.email.create({
[7m    [0m [91m                 ~~~~~[0m

TSError: â¨¯ Unable to compile TypeScript:
[96msrc/subscribers/set-reset-password.subscriber.ts[0m:[93m1[0m:[93m30[0m - [91merror[0m[90m TS2307: [0mCannot find module '@sendgrid/helpers/classes' or its corresponding type declarations.

[7m1[0m import { EmailAddress } from "@sendgrid/helpers/classes";
[7m [0m [91m                             ~~~~~~~~~~~~~~~~~~~~~~~~~~~[0m
[96msrc/subscribers/set-reset-password.subscriber.ts[0m:[93m2[0m:[93m20[0m - [91merror[0m[90m TS2307: [0mCannot find module 'moment' or its corresponding type declarations.

[7m2[0m import moment from "moment";
[7m [0m [91m                   ~~~~~~~~[0m
[96msrc/subscribers/set-reset-password.subscriber.ts[0m:[93m416[0m:[93m65[0m - [91merror[0m[90m TS2339: [0mProperty 'NRG_FRONTED_URL' does not exist on type '{ NODE_ENV: string | undefined; APP_ROOT: string; PORT: string | undefined; API_ROOT: string; }'.

[7m416[0m                                                     href="${ENV.NRG_FRONTED_URL}${ENV.RESET_PASSWORD_URL}?userId=${args.userId}&nonce=${args.nonce}"
[7m   [0m [91m                                                                ~~~~~~~~~~~~~~~[0m
[96msrc/subscribers/set-reset-password.subscriber.ts[0m:[93m416[0m:[93m87[0m - [91merror[0m[90m TS2339: [0mProperty 'RESET_PASSWORD_URL' does not exist on type '{ NODE_ENV: string | undefined; APP_ROOT: string; PORT: string | undefined; API_ROOT: string; }'.

[7m416[0m                                                     href="${ENV.NRG_FRONTED_URL}${ENV.RESET_PASSWORD_URL}?userId=${args.userId}&nonce=${args.nonce}"
[7m   [0m [91m                                                                                      ~~~~~~~~~~~~~~~~~~[0m
[96msrc/subscribers/set-reset-password.subscriber.ts[0m:[93m492[0m:[93m57[0m - [91merror[0m[90m TS2339: [0mProperty 'NRG_FRONTED_URL' does not exist on type '{ NODE_ENV: string | undefined; APP_ROOT: string; PORT: string | undefined; API_ROOT: string; }'.

[7m492[0m                                             href="${ENV.NRG_FRONTED_URL}${ENV.RESET_PASSWORD_URL}?userId=${args.userId}&nonce=${args.nonce}"
[7m   [0m [91m                                                        ~~~~~~~~~~~~~~~[0m
[96msrc/subscribers/set-reset-password.subscriber.ts[0m:[93m492[0m:[93m79[0m - [91merror[0m[90m TS2339: [0mProperty 'RESET_PASSWORD_URL' does not exist on type '{ NODE_ENV: string | undefined; APP_ROOT: string; PORT: string | undefined; API_ROOT: string; }'.

[7m492[0m                                             href="${ENV.NRG_FRONTED_URL}${ENV.RESET_PASSWORD_URL}?userId=${args.userId}&nonce=${args.nonce}"
[7m   [0m [91m                                                                              ~~~~~~~~~~~~~~~~~~[0m
[96msrc/subscribers/set-reset-password.subscriber.ts[0m:[93m504[0m:[93m58[0m - [91merror[0m[90m TS2339: [0mProperty 'NRG_FRONTED_URL' does not exist on type '{ NODE_ENV: string | undefined; APP_ROOT: string; PORT: string | undefined; API_ROOT: string; }'.

[7m504[0m                                                   >${ENV.NRG_FRONTED_URL}${ENV.RESET_PASSWORD_URL}?userId=${args.userId}&nonce=${args.nonce}</a
[7m   [0m [91m                                                         ~~~~~~~~~~~~~~~[0m
[96msrc/subscribers/set-reset-password.subscriber.ts[0m:[93m504[0m:[93m80[0m - [91merror[0m[90m TS2339: [0mProperty 'RESET_PASSWORD_URL' does not exist on type '{ NODE_ENV: string | undefined; APP_ROOT: string; PORT: string | undefined; API_ROOT: string; }'.

[7m504[0m                                                   >${ENV.NRG_FRONTED_URL}${ENV.RESET_PASSWORD_URL}?userId=${args.userId}&nonce=${args.nonce}</a
[7m   [0m [91m                                                                               ~~~~~~~~~~~~~~~~~~[0m
[96msrc/subscribers/set-reset-password.subscriber.ts[0m:[93m996[0m:[93m11[0m - [91merror[0m[90m TS2339: [0mProperty 'SENDGRID_SENDER_ADDRESS' does not exist on type '{ NODE_ENV: string | undefined; APP_ROOT: string; PORT: string | undefined; API_ROOT: string; }'.

[7m996[0m       ENV.SENDGRID_SENDER_ADDRESS,
[7m   [0m [91m          ~~~~~~~~~~~~~~~~~~~~~~~[0m
[96msrc/subscribers/set-reset-password.subscriber.ts[0m:[93m1002[0m:[93m18[0m - [91merror[0m[90m TS2339: [0mProperty 'email' does not exist on type 'PrismaClient<PrismaClientOptions, never, RejectOnNotFound | RejectPerOperation | undefined>'.

[7m1002[0m     await client.email.create({
[7m    [0m [91m                 ~~~~~[0m
[96msrc/subscribers/set-reset-password.subscriber.ts[0m:[93m1012[0m:[93m18[0m - [91merror[0m[90m TS2339: [0mProperty 'email' does not exist on type 'PrismaClient<PrismaClientOptions, never, RejectOnNotFound | RejectPerOperation | undefined>'.

[7m1012[0m     await client.email.create({
[7m    [0m [91m                 ~~~~~[0m

    at createTSError (D:\Jay\node-setup\node-setup-master\node_modules\ts-node\src\index.ts:820:12)
    at reportTSError (D:\Jay\node-setup\node-setup-master\node_modules\ts-node\src\index.ts:824:19)
    at getOutput (D:\Jay\node-setup\node-setup-master\node_modules\ts-node\src\index.ts:1014:36)
    at Object.compile (D:\Jay\node-setup\node-setup-master\node_modules\ts-node\src\index.ts:1322:43)
    at Module.m._compile (D:\Jay\node-setup\node-setup-master\node_modules\ts-node\src\index.ts:1454:30)
    at Module._extensions..js (node:internal/modules/cjs/loader:1157:10)
    at Object.require.extensions.<computed> [as .ts] (D:\Jay\node-setup\node-setup-master\node_modules\ts-node\src\index.ts:1458:12)
    at Module.load (node:internal/modules/cjs/loader:981:32)
    at Function.Module._load (node:internal/modules/cjs/loader:822:12)
    at Module.require (node:internal/modules/cjs/loader:1005:19)
2022-03-23 23:01:50 info: Creating: TestController
2022-03-23 23:01:50 info: Creating: TestService
2022-03-23 23:01:50 info: Creating: TestRepository
2022-03-23 23:01:50 error: uncaughtException: â¨¯ Unable to compile TypeScript:
[96msrc/subscribers/set-reset-password.subscriber.ts[0m:[93m28[0m:[93m7[0m - [91merror[0m[90m TS2304: [0mCannot find name 'html1'.

[7m28[0m       html1
[7m  [0m [91m      ~~~~~[0m
[96msrc/subscribers/set-reset-password.subscriber.ts[0m:[93m31[0m:[93m18[0m - [91merror[0m[90m TS2339: [0mProperty 'email' does not exist on type 'PrismaClient<PrismaClientOptions, never, RejectOnNotFound | RejectPerOperation | undefined>'.

[7m31[0m     await client.email.create({
[7m  [0m [91m                 ~~~~~[0m
[96msrc/subscribers/set-reset-password.subscriber.ts[0m:[93m34[0m:[93m18[0m - [91merror[0m[90m TS2304: [0mCannot find name 'html1'.

[7m34[0m         content: html1,
[7m  [0m [91m                 ~~~~~[0m
[96msrc/subscribers/set-reset-password.subscriber.ts[0m:[93m37[0m:[93m20[0m - [91merror[0m[90m TS2304: [0mCannot find name 'moment'.

[7m37[0m         createdAt: moment().format(),
[7m  [0m [91m                   ~~~~~~[0m
[96msrc/subscribers/set-reset-password.subscriber.ts[0m:[93m41[0m:[93m18[0m - [91merror[0m[90m TS2339: [0mProperty 'email' does not exist on type 'PrismaClient<PrismaClientOptions, never, RejectOnNotFound | RejectPerOperation | undefined>'.

[7m41[0m     await client.email.create({
[7m  [0m [91m                 ~~~~~[0m
[96msrc/subscribers/set-reset-password.subscriber.ts[0m:[93m44[0m:[93m18[0m - [91merror[0m[90m TS2304: [0mCannot find name 'html1'.

[7m44[0m         content: html1,
[7m  [0m [91m                 ~~~~~[0m
[96msrc/subscribers/set-reset-password.subscriber.ts[0m:[93m48[0m:[93m20[0m - [91merror[0m[90m TS2304: [0mCannot find name 'moment'.

[7m48[0m         createdAt: moment().format(),
[7m  [0m [91m                   ~~~~~~[0m

TSError: â¨¯ Unable to compile TypeScript:
[96msrc/subscribers/set-reset-password.subscriber.ts[0m:[93m28[0m:[93m7[0m - [91merror[0m[90m TS2304: [0mCannot find name 'html1'.

[7m28[0m       html1
[7m  [0m [91m      ~~~~~[0m
[96msrc/subscribers/set-reset-password.subscriber.ts[0m:[93m31[0m:[93m18[0m - [91merror[0m[90m TS2339: [0mProperty 'email' does not exist on type 'PrismaClient<PrismaClientOptions, never, RejectOnNotFound | RejectPerOperation | undefined>'.

[7m31[0m     await client.email.create({
[7m  [0m [91m                 ~~~~~[0m
[96msrc/subscribers/set-reset-password.subscriber.ts[0m:[93m34[0m:[93m18[0m - [91merror[0m[90m TS2304: [0mCannot find name 'html1'.

[7m34[0m         content: html1,
[7m  [0m [91m                 ~~~~~[0m
[96msrc/subscribers/set-reset-password.subscriber.ts[0m:[93m37[0m:[93m20[0m - [91merror[0m[90m TS2304: [0mCannot find name 'moment'.

[7m37[0m         createdAt: moment().format(),
[7m  [0m [91m                   ~~~~~~[0m
[96msrc/subscribers/set-reset-password.subscriber.ts[0m:[93m41[0m:[93m18[0m - [91merror[0m[90m TS2339: [0mProperty 'email' does not exist on type 'PrismaClient<PrismaClientOptions, never, RejectOnNotFound | RejectPerOperation | undefined>'.

[7m41[0m     await client.email.create({
[7m  [0m [91m                 ~~~~~[0m
[96msrc/subscribers/set-reset-password.subscriber.ts[0m:[93m44[0m:[93m18[0m - [91merror[0m[90m TS2304: [0mCannot find name 'html1'.

[7m44[0m         content: html1,
[7m  [0m [91m                 ~~~~~[0m
[96msrc/subscribers/set-reset-password.subscriber.ts[0m:[93m48[0m:[93m20[0m - [91merror[0m[90m TS2304: [0mCannot find name 'moment'.

[7m48[0m         createdAt: moment().format(),
[7m  [0m [91m                   ~~~~~~[0m

    at createTSError (D:\Jay\node-setup\node-setup-master\node_modules\ts-node\src\index.ts:820:12)
    at reportTSError (D:\Jay\node-setup\node-setup-master\node_modules\ts-node\src\index.ts:824:19)
    at getOutput (D:\Jay\node-setup\node-setup-master\node_modules\ts-node\src\index.ts:1014:36)
    at Object.compile (D:\Jay\node-setup\node-setup-master\node_modules\ts-node\src\index.ts:1322:43)
    at Module.m._compile (D:\Jay\node-setup\node-setup-master\node_modules\ts-node\src\index.ts:1454:30)
    at Module._extensions..js (node:internal/modules/cjs/loader:1157:10)
    at Object.require.extensions.<computed> [as .ts] (D:\Jay\node-setup\node-setup-master\node_modules\ts-node\src\index.ts:1458:12)
    at Module.load (node:internal/modules/cjs/loader:981:32)
    at Function.Module._load (node:internal/modules/cjs/loader:822:12)
    at Module.require (node:internal/modules/cjs/loader:1005:19)
2022-03-23 23:01:50 error: uncaughtException: â¨¯ Unable to compile TypeScript:
[96msrc/subscribers/set-reset-password.subscriber.ts[0m:[93m28[0m:[93m7[0m - [91merror[0m[90m TS2304: [0mCannot find name 'html1'.

[7m28[0m       html1
[7m  [0m [91m      ~~~~~[0m
[96msrc/subscribers/set-reset-password.subscriber.ts[0m:[93m31[0m:[93m18[0m - [91merror[0m[90m TS2339: [0mProperty 'email' does not exist on type 'PrismaClient<PrismaClientOptions, never, RejectOnNotFound | RejectPerOperation | undefined>'.

[7m31[0m     await client.email.create({
[7m  [0m [91m                 ~~~~~[0m
[96msrc/subscribers/set-reset-password.subscriber.ts[0m:[93m34[0m:[93m18[0m - [91merror[0m[90m TS2304: [0mCannot find name 'html1'.

[7m34[0m         content: html1,
[7m  [0m [91m                 ~~~~~[0m
[96msrc/subscribers/set-reset-password.subscriber.ts[0m:[93m37[0m:[93m20[0m - [91merror[0m[90m TS2304: [0mCannot find name 'moment'.

[7m37[0m         createdAt: moment().format(),
[7m  [0m [91m                   ~~~~~~[0m
[96msrc/subscribers/set-reset-password.subscriber.ts[0m:[93m41[0m:[93m18[0m - [91merror[0m[90m TS2339: [0mProperty 'email' does not exist on type 'PrismaClient<PrismaClientOptions, never, RejectOnNotFound | RejectPerOperation | undefined>'.

[7m41[0m     await client.email.create({
[7m  [0m [91m                 ~~~~~[0m
[96msrc/subscribers/set-reset-password.subscriber.ts[0m:[93m44[0m:[93m18[0m - [91merror[0m[90m TS2304: [0mCannot find name 'html1'.

[7m44[0m         content: html1,
[7m  [0m [91m                 ~~~~~[0m
[96msrc/subscribers/set-reset-password.subscriber.ts[0m:[93m48[0m:[93m20[0m - [91merror[0m[90m TS2304: [0mCannot find name 'moment'.

[7m48[0m         createdAt: moment().format(),
[7m  [0m [91m                   ~~~~~~[0m

TSError: â¨¯ Unable to compile TypeScript:
[96msrc/subscribers/set-reset-password.subscriber.ts[0m:[93m28[0m:[93m7[0m - [91merror[0m[90m TS2304: [0mCannot find name 'html1'.

[7m28[0m       html1
[7m  [0m [91m      ~~~~~[0m
[96msrc/subscribers/set-reset-password.subscriber.ts[0m:[93m31[0m:[93m18[0m - [91merror[0m[90m TS2339: [0mProperty 'email' does not exist on type 'PrismaClient<PrismaClientOptions, never, RejectOnNotFound | RejectPerOperation | undefined>'.

[7m31[0m     await client.email.create({
[7m  [0m [91m                 ~~~~~[0m
[96msrc/subscribers/set-reset-password.subscriber.ts[0m:[93m34[0m:[93m18[0m - [91merror[0m[90m TS2304: [0mCannot find name 'html1'.

[7m34[0m         content: html1,
[7m  [0m [91m                 ~~~~~[0m
[96msrc/subscribers/set-reset-password.subscriber.ts[0m:[93m37[0m:[93m20[0m - [91merror[0m[90m TS2304: [0mCannot find name 'moment'.

[7m37[0m         createdAt: moment().format(),
[7m  [0m [91m                   ~~~~~~[0m
[96msrc/subscribers/set-reset-password.subscriber.ts[0m:[93m41[0m:[93m18[0m - [91merror[0m[90m TS2339: [0mProperty 'email' does not exist on type 'PrismaClient<PrismaClientOptions, never, RejectOnNotFound | RejectPerOperation | undefined>'.

[7m41[0m     await client.email.create({
[7m  [0m [91m                 ~~~~~[0m
[96msrc/subscribers/set-reset-password.subscriber.ts[0m:[93m44[0m:[93m18[0m - [91merror[0m[90m TS2304: [0mCannot find name 'html1'.

[7m44[0m         content: html1,
[7m  [0m [91m                 ~~~~~[0m
[96msrc/subscribers/set-reset-password.subscriber.ts[0m:[93m48[0m:[93m20[0m - [91merror[0m[90m TS2304: [0mCannot find name 'moment'.

[7m48[0m         createdAt: moment().format(),
[7m  [0m [91m                   ~~~~~~[0m

    at createTSError (D:\Jay\node-setup\node-setup-master\node_modules\ts-node\src\index.ts:820:12)
    at reportTSError (D:\Jay\node-setup\node-setup-master\node_modules\ts-node\src\index.ts:824:19)
    at getOutput (D:\Jay\node-setup\node-setup-master\node_modules\ts-node\src\index.ts:1014:36)
    at Object.compile (D:\Jay\node-setup\node-setup-master\node_modules\ts-node\src\index.ts:1322:43)
    at Module.m._compile (D:\Jay\node-setup\node-setup-master\node_modules\ts-node\src\index.ts:1454:30)
    at Module._extensions..js (node:internal/modules/cjs/loader:1157:10)
    at Object.require.extensions.<computed> [as .ts] (D:\Jay\node-setup\node-setup-master\node_modules\ts-node\src\index.ts:1458:12)
    at Module.load (node:internal/modules/cjs/loader:981:32)
    at Function.Module._load (node:internal/modules/cjs/loader:822:12)
    at Module.require (node:internal/modules/cjs/loader:1005:19)
2022-03-23 23:01:50 error: uncaughtException: â¨¯ Unable to compile TypeScript:
[96msrc/subscribers/set-reset-password.subscriber.ts[0m:[93m28[0m:[93m7[0m - [91merror[0m[90m TS2304: [0mCannot find name 'html1'.

[7m28[0m       html1
[7m  [0m [91m      ~~~~~[0m
[96msrc/subscribers/set-reset-password.subscriber.ts[0m:[93m31[0m:[93m18[0m - [91merror[0m[90m TS2339: [0mProperty 'email' does not exist on type 'PrismaClient<PrismaClientOptions, never, RejectOnNotFound | RejectPerOperation | undefined>'.

[7m31[0m     await client.email.create({
[7m  [0m [91m                 ~~~~~[0m
[96msrc/subscribers/set-reset-password.subscriber.ts[0m:[93m34[0m:[93m18[0m - [91merror[0m[90m TS2304: [0mCannot find name 'html1'.

[7m34[0m         content: html1,
[7m  [0m [91m                 ~~~~~[0m
[96msrc/subscribers/set-reset-password.subscriber.ts[0m:[93m37[0m:[93m20[0m - [91merror[0m[90m TS2304: [0mCannot find name 'moment'.

[7m37[0m         createdAt: moment().format(),
[7m  [0m [91m                   ~~~~~~[0m
[96msrc/subscribers/set-reset-password.subscriber.ts[0m:[93m41[0m:[93m18[0m - [91merror[0m[90m TS2339: [0mProperty 'email' does not exist on type 'PrismaClient<PrismaClientOptions, never, RejectOnNotFound | RejectPerOperation | undefined>'.

[7m41[0m     await client.email.create({
[7m  [0m [91m                 ~~~~~[0m
[96msrc/subscribers/set-reset-password.subscriber.ts[0m:[93m44[0m:[93m18[0m - [91merror[0m[90m TS2304: [0mCannot find name 'html1'.

[7m44[0m         content: html1,
[7m  [0m [91m                 ~~~~~[0m
[96msrc/subscribers/set-reset-password.subscriber.ts[0m:[93m48[0m:[93m20[0m - [91merror[0m[90m TS2304: [0mCannot find name 'moment'.

[7m48[0m         createdAt: moment().format(),
[7m  [0m [91m                   ~~~~~~[0m

TSError: â¨¯ Unable to compile TypeScript:
[96msrc/subscribers/set-reset-password.subscriber.ts[0m:[93m28[0m:[93m7[0m - [91merror[0m[90m TS2304: [0mCannot find name 'html1'.

[7m28[0m       html1
[7m  [0m [91m      ~~~~~[0m
[96msrc/subscribers/set-reset-password.subscriber.ts[0m:[93m31[0m:[93m18[0m - [91merror[0m[90m TS2339: [0mProperty 'email' does not exist on type 'PrismaClient<PrismaClientOptions, never, RejectOnNotFound | RejectPerOperation | undefined>'.

[7m31[0m     await client.email.create({
[7m  [0m [91m                 ~~~~~[0m
[96msrc/subscribers/set-reset-password.subscriber.ts[0m:[93m34[0m:[93m18[0m - [91merror[0m[90m TS2304: [0mCannot find name 'html1'.

[7m34[0m         content: html1,
[7m  [0m [91m                 ~~~~~[0m
[96msrc/subscribers/set-reset-password.subscriber.ts[0m:[93m37[0m:[93m20[0m - [91merror[0m[90m TS2304: [0mCannot find name 'moment'.

[7m37[0m         createdAt: moment().format(),
[7m  [0m [91m                   ~~~~~~[0m
[96msrc/subscribers/set-reset-password.subscriber.ts[0m:[93m41[0m:[93m18[0m - [91merror[0m[90m TS2339: [0mProperty 'email' does not exist on type 'PrismaClient<PrismaClientOptions, never, RejectOnNotFound | RejectPerOperation | undefined>'.

[7m41[0m     await client.email.create({
[7m  [0m [91m                 ~~~~~[0m
[96msrc/subscribers/set-reset-password.subscriber.ts[0m:[93m44[0m:[93m18[0m - [91merror[0m[90m TS2304: [0mCannot find name 'html1'.

[7m44[0m         content: html1,
[7m  [0m [91m                 ~~~~~[0m
[96msrc/subscribers/set-reset-password.subscriber.ts[0m:[93m48[0m:[93m20[0m - [91merror[0m[90m TS2304: [0mCannot find name 'moment'.

[7m48[0m         createdAt: moment().format(),
[7m  [0m [91m                   ~~~~~~[0m

    at createTSError (D:\Jay\node-setup\node-setup-master\node_modules\ts-node\src\index.ts:820:12)
    at reportTSError (D:\Jay\node-setup\node-setup-master\node_modules\ts-node\src\index.ts:824:19)
    at getOutput (D:\Jay\node-setup\node-setup-master\node_modules\ts-node\src\index.ts:1014:36)
    at Object.compile (D:\Jay\node-setup\node-setup-master\node_modules\ts-node\src\index.ts:1322:43)
    at Module.m._compile (D:\Jay\node-setup\node-setup-master\node_modules\ts-node\src\index.ts:1454:30)
    at Module._extensions..js (node:internal/modules/cjs/loader:1157:10)
    at Object.require.extensions.<computed> [as .ts] (D:\Jay\node-setup\node-setup-master\node_modules\ts-node\src\index.ts:1458:12)
    at Module.load (node:internal/modules/cjs/loader:981:32)
    at Function.Module._load (node:internal/modules/cjs/loader:822:12)
    at Module.require (node:internal/modules/cjs/loader:1005:19)
2022-03-23 23:02:04 info: Creating: TestController
2022-03-23 23:02:04 info: Creating: TestService
2022-03-23 23:02:04 info: Creating: TestRepository
2022-03-23 23:02:04 error: uncaughtException: â¨¯ Unable to compile TypeScript:
[96msrc/subscribers/set-reset-password.subscriber.ts[0m:[93m32[0m:[93m18[0m - [91merror[0m[90m TS2339: [0mProperty 'email' does not exist on type 'PrismaClient<PrismaClientOptions, never, RejectOnNotFound | RejectPerOperation | undefined>'.

[7m32[0m     await client.email.create({
[7m  [0m [91m                 ~~~~~[0m
[96msrc/subscribers/set-reset-password.subscriber.ts[0m:[93m38[0m:[93m20[0m - [91merror[0m[90m TS2304: [0mCannot find name 'moment'.

[7m38[0m         createdAt: moment().format(),
[7m  [0m [91m                   ~~~~~~[0m
[96msrc/subscribers/set-reset-password.subscriber.ts[0m:[93m42[0m:[93m18[0m - [91merror[0m[90m TS2339: [0mProperty 'email' does not exist on type 'PrismaClient<PrismaClientOptions, never, RejectOnNotFound | RejectPerOperation | undefined>'.

[7m42[0m     await client.email.create({
[7m  [0m [91m                 ~~~~~[0m
[96msrc/subscribers/set-reset-password.subscriber.ts[0m:[93m49[0m:[93m20[0m - [91merror[0m[90m TS2304: [0mCannot find name 'moment'.

[7m49[0m         createdAt: moment().format(),
[7m  [0m [91m                   ~~~~~~[0m

TSError: â¨¯ Unable to compile TypeScript:
[96msrc/subscribers/set-reset-password.subscriber.ts[0m:[93m32[0m:[93m18[0m - [91merror[0m[90m TS2339: [0mProperty 'email' does not exist on type 'PrismaClient<PrismaClientOptions, never, RejectOnNotFound | RejectPerOperation | undefined>'.

[7m32[0m     await client.email.create({
[7m  [0m [91m                 ~~~~~[0m
[96msrc/subscribers/set-reset-password.subscriber.ts[0m:[93m38[0m:[93m20[0m - [91merror[0m[90m TS2304: [0mCannot find name 'moment'.

[7m38[0m         createdAt: moment().format(),
[7m  [0m [91m                   ~~~~~~[0m
[96msrc/subscribers/set-reset-password.subscriber.ts[0m:[93m42[0m:[93m18[0m - [91merror[0m[90m TS2339: [0mProperty 'email' does not exist on type 'PrismaClient<PrismaClientOptions, never, RejectOnNotFound | RejectPerOperation | undefined>'.

[7m42[0m     await client.email.create({
[7m  [0m [91m                 ~~~~~[0m
[96msrc/subscribers/set-reset-password.subscriber.ts[0m:[93m49[0m:[93m20[0m - [91merror[0m[90m TS2304: [0mCannot find name 'moment'.

[7m49[0m         createdAt: moment().format(),
[7m  [0m [91m                   ~~~~~~[0m

    at createTSError (D:\Jay\node-setup\node-setup-master\node_modules\ts-node\src\index.ts:820:12)
    at reportTSError (D:\Jay\node-setup\node-setup-master\node_modules\ts-node\src\index.ts:824:19)
    at getOutput (D:\Jay\node-setup\node-setup-master\node_modules\ts-node\src\index.ts:1014:36)
    at Object.compile (D:\Jay\node-setup\node-setup-master\node_modules\ts-node\src\index.ts:1322:43)
    at Module.m._compile (D:\Jay\node-setup\node-setup-master\node_modules\ts-node\src\index.ts:1454:30)
    at Module._extensions..js (node:internal/modules/cjs/loader:1157:10)
    at Object.require.extensions.<computed> [as .ts] (D:\Jay\node-setup\node-setup-master\node_modules\ts-node\src\index.ts:1458:12)
    at Module.load (node:internal/modules/cjs/loader:981:32)
    at Function.Module._load (node:internal/modules/cjs/loader:822:12)
    at Module.require (node:internal/modules/cjs/loader:1005:19)
2022-03-23 23:02:04 error: uncaughtException: â¨¯ Unable to compile TypeScript:
[96msrc/subscribers/set-reset-password.subscriber.ts[0m:[93m32[0m:[93m18[0m - [91merror[0m[90m TS2339: [0mProperty 'email' does not exist on type 'PrismaClient<PrismaClientOptions, never, RejectOnNotFound | RejectPerOperation | undefined>'.

[7m32[0m     await client.email.create({
[7m  [0m [91m                 ~~~~~[0m
[96msrc/subscribers/set-reset-password.subscriber.ts[0m:[93m38[0m:[93m20[0m - [91merror[0m[90m TS2304: [0mCannot find name 'moment'.

[7m38[0m         createdAt: moment().format(),
[7m  [0m [91m                   ~~~~~~[0m
[96msrc/subscribers/set-reset-password.subscriber.ts[0m:[93m42[0m:[93m18[0m - [91merror[0m[90m TS2339: [0mProperty 'email' does not exist on type 'PrismaClient<PrismaClientOptions, never, RejectOnNotFound | RejectPerOperation | undefined>'.

[7m42[0m     await client.email.create({
[7m  [0m [91m                 ~~~~~[0m
[96msrc/subscribers/set-reset-password.subscriber.ts[0m:[93m49[0m:[93m20[0m - [91merror[0m[90m TS2304: [0mCannot find name 'moment'.

[7m49[0m         createdAt: moment().format(),
[7m  [0m [91m                   ~~~~~~[0m

TSError: â¨¯ Unable to compile TypeScript:
[96msrc/subscribers/set-reset-password.subscriber.ts[0m:[93m32[0m:[93m18[0m - [91merror[0m[90m TS2339: [0mProperty 'email' does not exist on type 'PrismaClient<PrismaClientOptions, never, RejectOnNotFound | RejectPerOperation | undefined>'.

[7m32[0m     await client.email.create({
[7m  [0m [91m                 ~~~~~[0m
[96msrc/subscribers/set-reset-password.subscriber.ts[0m:[93m38[0m:[93m20[0m - [91merror[0m[90m TS2304: [0mCannot find name 'moment'.

[7m38[0m         createdAt: moment().format(),
[7m  [0m [91m                   ~~~~~~[0m
[96msrc/subscribers/set-reset-password.subscriber.ts[0m:[93m42[0m:[93m18[0m - [91merror[0m[90m TS2339: [0mProperty 'email' does not exist on type 'PrismaClient<PrismaClientOptions, never, RejectOnNotFound | RejectPerOperation | undefined>'.

[7m42[0m     await client.email.create({
[7m  [0m [91m                 ~~~~~[0m
[96msrc/subscribers/set-reset-password.subscriber.ts[0m:[93m49[0m:[93m20[0m - [91merror[0m[90m TS2304: [0mCannot find name 'moment'.

[7m49[0m         createdAt: moment().format(),
[7m  [0m [91m                   ~~~~~~[0m

    at createTSError (D:\Jay\node-setup\node-setup-master\node_modules\ts-node\src\index.ts:820:12)
    at reportTSError (D:\Jay\node-setup\node-setup-master\node_modules\ts-node\src\index.ts:824:19)
    at getOutput (D:\Jay\node-setup\node-setup-master\node_modules\ts-node\src\index.ts:1014:36)
    at Object.compile (D:\Jay\node-setup\node-setup-master\node_modules\ts-node\src\index.ts:1322:43)
    at Module.m._compile (D:\Jay\node-setup\node-setup-master\node_modules\ts-node\src\index.ts:1454:30)
    at Module._extensions..js (node:internal/modules/cjs/loader:1157:10)
    at Object.require.extensions.<computed> [as .ts] (D:\Jay\node-setup\node-setup-master\node_modules\ts-node\src\index.ts:1458:12)
    at Module.load (node:internal/modules/cjs/loader:981:32)
    at Function.Module._load (node:internal/modules/cjs/loader:822:12)
    at Module.require (node:internal/modules/cjs/loader:1005:19)
2022-03-23 23:02:04 error: uncaughtException: â¨¯ Unable to compile TypeScript:
[96msrc/subscribers/set-reset-password.subscriber.ts[0m:[93m32[0m:[93m18[0m - [91merror[0m[90m TS2339: [0mProperty 'email' does not exist on type 'PrismaClient<PrismaClientOptions, never, RejectOnNotFound | RejectPerOperation | undefined>'.

[7m32[0m     await client.email.create({
[7m  [0m [91m                 ~~~~~[0m
[96msrc/subscribers/set-reset-password.subscriber.ts[0m:[93m38[0m:[93m20[0m - [91merror[0m[90m TS2304: [0mCannot find name 'moment'.

[7m38[0m         createdAt: moment().format(),
[7m  [0m [91m                   ~~~~~~[0m
[96msrc/subscribers/set-reset-password.subscriber.ts[0m:[93m42[0m:[93m18[0m - [91merror[0m[90m TS2339: [0mProperty 'email' does not exist on type 'PrismaClient<PrismaClientOptions, never, RejectOnNotFound | RejectPerOperation | undefined>'.

[7m42[0m     await client.email.create({
[7m  [0m [91m                 ~~~~~[0m
[96msrc/subscribers/set-reset-password.subscriber.ts[0m:[93m49[0m:[93m20[0m - [91merror[0m[90m TS2304: [0mCannot find name 'moment'.

[7m49[0m         createdAt: moment().format(),
[7m  [0m [91m                   ~~~~~~[0m

TSError: â¨¯ Unable to compile TypeScript:
[96msrc/subscribers/set-reset-password.subscriber.ts[0m:[93m32[0m:[93m18[0m - [91merror[0m[90m TS2339: [0mProperty 'email' does not exist on type 'PrismaClient<PrismaClientOptions, never, RejectOnNotFound | RejectPerOperation | undefined>'.

[7m32[0m     await client.email.create({
[7m  [0m [91m                 ~~~~~[0m
[96msrc/subscribers/set-reset-password.subscriber.ts[0m:[93m38[0m:[93m20[0m - [91merror[0m[90m TS2304: [0mCannot find name 'moment'.

[7m38[0m         createdAt: moment().format(),
[7m  [0m [91m                   ~~~~~~[0m
[96msrc/subscribers/set-reset-password.subscriber.ts[0m:[93m42[0m:[93m18[0m - [91merror[0m[90m TS2339: [0mProperty 'email' does not exist on type 'PrismaClient<PrismaClientOptions, never, RejectOnNotFound | RejectPerOperation | undefined>'.

[7m42[0m     await client.email.create({
[7m  [0m [91m                 ~~~~~[0m
[96msrc/subscribers/set-reset-password.subscriber.ts[0m:[93m49[0m:[93m20[0m - [91merror[0m[90m TS2304: [0mCannot find name 'moment'.

[7m49[0m         createdAt: moment().format(),
[7m  [0m [91m                   ~~~~~~[0m

    at createTSError (D:\Jay\node-setup\node-setup-master\node_modules\ts-node\src\index.ts:820:12)
    at reportTSError (D:\Jay\node-setup\node-setup-master\node_modules\ts-node\src\index.ts:824:19)
    at getOutput (D:\Jay\node-setup\node-setup-master\node_modules\ts-node\src\index.ts:1014:36)
    at Object.compile (D:\Jay\node-setup\node-setup-master\node_modules\ts-node\src\index.ts:1322:43)
    at Module.m._compile (D:\Jay\node-setup\node-setup-master\node_modules\ts-node\src\index.ts:1454:30)
    at Module._extensions..js (node:internal/modules/cjs/loader:1157:10)
    at Object.require.extensions.<computed> [as .ts] (D:\Jay\node-setup\node-setup-master\node_modules\ts-node\src\index.ts:1458:12)
    at Module.load (node:internal/modules/cjs/loader:981:32)
    at Function.Module._load (node:internal/modules/cjs/loader:822:12)
    at Module.require (node:internal/modules/cjs/loader:1005:19)
2022-03-23 23:02:34 info: Creating: TestController
2022-03-23 23:02:34 info: Creating: TestService
2022-03-23 23:02:34 info: Creating: TestRepository
2022-03-23 23:02:34 error: uncaughtException: â¨¯ Unable to compile TypeScript:
[96msrc/subscribers/set-reset-password.subscriber.ts[0m:[93m32[0m:[93m18[0m - [91merror[0m[90m TS2339: [0mProperty 'email' does not exist on type 'PrismaClient<PrismaClientOptions, never, RejectOnNotFound | RejectPerOperation | undefined>'.

[7m32[0m     await client.email.create({
[7m  [0m [91m                 ~~~~~[0m
[96msrc/subscribers/set-reset-password.subscriber.ts[0m:[93m42[0m:[93m18[0m - [91merror[0m[90m TS2339: [0mProperty 'email' does not exist on type 'PrismaClient<PrismaClientOptions, never, RejectOnNotFound | RejectPerOperation | undefined>'.

[7m42[0m     await client.email.create({
[7m  [0m [91m                 ~~~~~[0m

TSError: â¨¯ Unable to compile TypeScript:
[96msrc/subscribers/set-reset-password.subscriber.ts[0m:[93m32[0m:[93m18[0m - [91merror[0m[90m TS2339: [0mProperty 'email' does not exist on type 'PrismaClient<PrismaClientOptions, never, RejectOnNotFound | RejectPerOperation | undefined>'.

[7m32[0m     await client.email.create({
[7m  [0m [91m                 ~~~~~[0m
[96msrc/subscribers/set-reset-password.subscriber.ts[0m:[93m42[0m:[93m18[0m - [91merror[0m[90m TS2339: [0mProperty 'email' does not exist on type 'PrismaClient<PrismaClientOptions, never, RejectOnNotFound | RejectPerOperation | undefined>'.

[7m42[0m     await client.email.create({
[7m  [0m [91m                 ~~~~~[0m

    at createTSError (D:\Jay\node-setup\node-setup-master\node_modules\ts-node\src\index.ts:820:12)
    at reportTSError (D:\Jay\node-setup\node-setup-master\node_modules\ts-node\src\index.ts:824:19)
    at getOutput (D:\Jay\node-setup\node-setup-master\node_modules\ts-node\src\index.ts:1014:36)
    at Object.compile (D:\Jay\node-setup\node-setup-master\node_modules\ts-node\src\index.ts:1322:43)
    at Module.m._compile (D:\Jay\node-setup\node-setup-master\node_modules\ts-node\src\index.ts:1454:30)
    at Module._extensions..js (node:internal/modules/cjs/loader:1157:10)
    at Object.require.extensions.<computed> [as .ts] (D:\Jay\node-setup\node-setup-master\node_modules\ts-node\src\index.ts:1458:12)
    at Module.load (node:internal/modules/cjs/loader:981:32)
    at Function.Module._load (node:internal/modules/cjs/loader:822:12)
    at Module.require (node:internal/modules/cjs/loader:1005:19)
2022-03-23 23:02:34 error: uncaughtException: â¨¯ Unable to compile TypeScript:
[96msrc/subscribers/set-reset-password.subscriber.ts[0m:[93m32[0m:[93m18[0m - [91merror[0m[90m TS2339: [0mProperty 'email' does not exist on type 'PrismaClient<PrismaClientOptions, never, RejectOnNotFound | RejectPerOperation | undefined>'.

[7m32[0m     await client.email.create({
[7m  [0m [91m                 ~~~~~[0m
[96msrc/subscribers/set-reset-password.subscriber.ts[0m:[93m42[0m:[93m18[0m - [91merror[0m[90m TS2339: [0mProperty 'email' does not exist on type 'PrismaClient<PrismaClientOptions, never, RejectOnNotFound | RejectPerOperation | undefined>'.

[7m42[0m     await client.email.create({
[7m  [0m [91m                 ~~~~~[0m

TSError: â¨¯ Unable to compile TypeScript:
[96msrc/subscribers/set-reset-password.subscriber.ts[0m:[93m32[0m:[93m18[0m - [91merror[0m[90m TS2339: [0mProperty 'email' does not exist on type 'PrismaClient<PrismaClientOptions, never, RejectOnNotFound | RejectPerOperation | undefined>'.

[7m32[0m     await client.email.create({
[7m  [0m [91m                 ~~~~~[0m
[96msrc/subscribers/set-reset-password.subscriber.ts[0m:[93m42[0m:[93m18[0m - [91merror[0m[90m TS2339: [0mProperty 'email' does not exist on type 'PrismaClient<PrismaClientOptions, never, RejectOnNotFound | RejectPerOperation | undefined>'.

[7m42[0m     await client.email.create({
[7m  [0m [91m                 ~~~~~[0m

    at createTSError (D:\Jay\node-setup\node-setup-master\node_modules\ts-node\src\index.ts:820:12)
    at reportTSError (D:\Jay\node-setup\node-setup-master\node_modules\ts-node\src\index.ts:824:19)
    at getOutput (D:\Jay\node-setup\node-setup-master\node_modules\ts-node\src\index.ts:1014:36)
    at Object.compile (D:\Jay\node-setup\node-setup-master\node_modules\ts-node\src\index.ts:1322:43)
    at Module.m._compile (D:\Jay\node-setup\node-setup-master\node_modules\ts-node\src\index.ts:1454:30)
    at Module._extensions..js (node:internal/modules/cjs/loader:1157:10)
    at Object.require.extensions.<computed> [as .ts] (D:\Jay\node-setup\node-setup-master\node_modules\ts-node\src\index.ts:1458:12)
    at Module.load (node:internal/modules/cjs/loader:981:32)
    at Function.Module._load (node:internal/modules/cjs/loader:822:12)
    at Module.require (node:internal/modules/cjs/loader:1005:19)
2022-03-23 23:02:34 error: uncaughtException: â¨¯ Unable to compile TypeScript:
[96msrc/subscribers/set-reset-password.subscriber.ts[0m:[93m32[0m:[93m18[0m - [91merror[0m[90m TS2339: [0mProperty 'email' does not exist on type 'PrismaClient<PrismaClientOptions, never, RejectOnNotFound | RejectPerOperation | undefined>'.

[7m32[0m     await client.email.create({
[7m  [0m [91m                 ~~~~~[0m
[96msrc/subscribers/set-reset-password.subscriber.ts[0m:[93m42[0m:[93m18[0m - [91merror[0m[90m TS2339: [0mProperty 'email' does not exist on type 'PrismaClient<PrismaClientOptions, never, RejectOnNotFound | RejectPerOperation | undefined>'.

[7m42[0m     await client.email.create({
[7m  [0m [91m                 ~~~~~[0m

TSError: â¨¯ Unable to compile TypeScript:
[96msrc/subscribers/set-reset-password.subscriber.ts[0m:[93m32[0m:[93m18[0m - [91merror[0m[90m TS2339: [0mProperty 'email' does not exist on type 'PrismaClient<PrismaClientOptions, never, RejectOnNotFound | RejectPerOperation | undefined>'.

[7m32[0m     await client.email.create({
[7m  [0m [91m                 ~~~~~[0m
[96msrc/subscribers/set-reset-password.subscriber.ts[0m:[93m42[0m:[93m18[0m - [91merror[0m[90m TS2339: [0mProperty 'email' does not exist on type 'PrismaClient<PrismaClientOptions, never, RejectOnNotFound | RejectPerOperation | undefined>'.

[7m42[0m     await client.email.create({
[7m  [0m [91m                 ~~~~~[0m

    at createTSError (D:\Jay\node-setup\node-setup-master\node_modules\ts-node\src\index.ts:820:12)
    at reportTSError (D:\Jay\node-setup\node-setup-master\node_modules\ts-node\src\index.ts:824:19)
    at getOutput (D:\Jay\node-setup\node-setup-master\node_modules\ts-node\src\index.ts:1014:36)
    at Object.compile (D:\Jay\node-setup\node-setup-master\node_modules\ts-node\src\index.ts:1322:43)
    at Module.m._compile (D:\Jay\node-setup\node-setup-master\node_modules\ts-node\src\index.ts:1454:30)
    at Module._extensions..js (node:internal/modules/cjs/loader:1157:10)
    at Object.require.extensions.<computed> [as .ts] (D:\Jay\node-setup\node-setup-master\node_modules\ts-node\src\index.ts:1458:12)
    at Module.load (node:internal/modules/cjs/loader:981:32)
    at Function.Module._load (node:internal/modules/cjs/loader:822:12)
    at Module.require (node:internal/modules/cjs/loader:1005:19)
2022-03-23 23:02:54 info: Creating: TestController
2022-03-23 23:02:54 info: Creating: TestService
2022-03-23 23:02:54 info: Creating: TestRepository
2022-03-23 23:02:54 error: uncaughtException: â¨¯ Unable to compile TypeScript:
[96msrc/subscribers/set-reset-password.subscriber.ts[0m:[93m32[0m:[93m18[0m - [91merror[0m[90m TS2339: [0mProperty 'email' does not exist on type 'PrismaClient<PrismaClientOptions, never, RejectOnNotFound | RejectPerOperation | undefined>'.

[7m32[0m     await client.email.create({
[7m  [0m [91m                 ~~~~~[0m
[96msrc/subscribers/set-reset-password.subscriber.ts[0m:[93m42[0m:[93m18[0m - [91merror[0m[90m TS2339: [0mProperty 'email' does not exist on type 'PrismaClient<PrismaClientOptions, never, RejectOnNotFound | RejectPerOperation | undefined>'.

[7m42[0m     await client.email.create({
[7m  [0m [91m                 ~~~~~[0m

TSError: â¨¯ Unable to compile TypeScript:
[96msrc/subscribers/set-reset-password.subscriber.ts[0m:[93m32[0m:[93m18[0m - [91merror[0m[90m TS2339: [0mProperty 'email' does not exist on type 'PrismaClient<PrismaClientOptions, never, RejectOnNotFound | RejectPerOperation | undefined>'.

[7m32[0m     await client.email.create({
[7m  [0m [91m                 ~~~~~[0m
[96msrc/subscribers/set-reset-password.subscriber.ts[0m:[93m42[0m:[93m18[0m - [91merror[0m[90m TS2339: [0mProperty 'email' does not exist on type 'PrismaClient<PrismaClientOptions, never, RejectOnNotFound | RejectPerOperation | undefined>'.

[7m42[0m     await client.email.create({
[7m  [0m [91m                 ~~~~~[0m

    at createTSError (D:\Jay\node-setup\node-setup-master\node_modules\ts-node\src\index.ts:820:12)
    at reportTSError (D:\Jay\node-setup\node-setup-master\node_modules\ts-node\src\index.ts:824:19)
    at getOutput (D:\Jay\node-setup\node-setup-master\node_modules\ts-node\src\index.ts:1014:36)
    at Object.compile (D:\Jay\node-setup\node-setup-master\node_modules\ts-node\src\index.ts:1322:43)
    at Module.m._compile (D:\Jay\node-setup\node-setup-master\node_modules\ts-node\src\index.ts:1454:30)
    at Module._extensions..js (node:internal/modules/cjs/loader:1157:10)
    at Object.require.extensions.<computed> [as .ts] (D:\Jay\node-setup\node-setup-master\node_modules\ts-node\src\index.ts:1458:12)
    at Module.load (node:internal/modules/cjs/loader:981:32)
    at Function.Module._load (node:internal/modules/cjs/loader:822:12)
    at Module.require (node:internal/modules/cjs/loader:1005:19)
2022-03-23 23:02:54 error: uncaughtException: â¨¯ Unable to compile TypeScript:
[96msrc/subscribers/set-reset-password.subscriber.ts[0m:[93m32[0m:[93m18[0m - [91merror[0m[90m TS2339: [0mProperty 'email' does not exist on type 'PrismaClient<PrismaClientOptions, never, RejectOnNotFound | RejectPerOperation | undefined>'.

[7m32[0m     await client.email.create({
[7m  [0m [91m                 ~~~~~[0m
[96msrc/subscribers/set-reset-password.subscriber.ts[0m:[93m42[0m:[93m18[0m - [91merror[0m[90m TS2339: [0mProperty 'email' does not exist on type 'PrismaClient<PrismaClientOptions, never, RejectOnNotFound | RejectPerOperation | undefined>'.

[7m42[0m     await client.email.create({
[7m  [0m [91m                 ~~~~~[0m

TSError: â¨¯ Unable to compile TypeScript:
[96msrc/subscribers/set-reset-password.subscriber.ts[0m:[93m32[0m:[93m18[0m - [91merror[0m[90m TS2339: [0mProperty 'email' does not exist on type 'PrismaClient<PrismaClientOptions, never, RejectOnNotFound | RejectPerOperation | undefined>'.

[7m32[0m     await client.email.create({
[7m  [0m [91m                 ~~~~~[0m
[96msrc/subscribers/set-reset-password.subscriber.ts[0m:[93m42[0m:[93m18[0m - [91merror[0m[90m TS2339: [0mProperty 'email' does not exist on type 'PrismaClient<PrismaClientOptions, never, RejectOnNotFound | RejectPerOperation | undefined>'.

[7m42[0m     await client.email.create({
[7m  [0m [91m                 ~~~~~[0m

    at createTSError (D:\Jay\node-setup\node-setup-master\node_modules\ts-node\src\index.ts:820:12)
    at reportTSError (D:\Jay\node-setup\node-setup-master\node_modules\ts-node\src\index.ts:824:19)
    at getOutput (D:\Jay\node-setup\node-setup-master\node_modules\ts-node\src\index.ts:1014:36)
    at Object.compile (D:\Jay\node-setup\node-setup-master\node_modules\ts-node\src\index.ts:1322:43)
    at Module.m._compile (D:\Jay\node-setup\node-setup-master\node_modules\ts-node\src\index.ts:1454:30)
    at Module._extensions..js (node:internal/modules/cjs/loader:1157:10)
    at Object.require.extensions.<computed> [as .ts] (D:\Jay\node-setup\node-setup-master\node_modules\ts-node\src\index.ts:1458:12)
    at Module.load (node:internal/modules/cjs/loader:981:32)
    at Function.Module._load (node:internal/modules/cjs/loader:822:12)
    at Module.require (node:internal/modules/cjs/loader:1005:19)
2022-03-23 23:02:54 error: uncaughtException: â¨¯ Unable to compile TypeScript:
[96msrc/subscribers/set-reset-password.subscriber.ts[0m:[93m32[0m:[93m18[0m - [91merror[0m[90m TS2339: [0mProperty 'email' does not exist on type 'PrismaClient<PrismaClientOptions, never, RejectOnNotFound | RejectPerOperation | undefined>'.

[7m32[0m     await client.email.create({
[7m  [0m [91m                 ~~~~~[0m
[96msrc/subscribers/set-reset-password.subscriber.ts[0m:[93m42[0m:[93m18[0m - [91merror[0m[90m TS2339: [0mProperty 'email' does not exist on type 'PrismaClient<PrismaClientOptions, never, RejectOnNotFound | RejectPerOperation | undefined>'.

[7m42[0m     await client.email.create({
[7m  [0m [91m                 ~~~~~[0m

TSError: â¨¯ Unable to compile TypeScript:
[96msrc/subscribers/set-reset-password.subscriber.ts[0m:[93m32[0m:[93m18[0m - [91merror[0m[90m TS2339: [0mProperty 'email' does not exist on type 'PrismaClient<PrismaClientOptions, never, RejectOnNotFound | RejectPerOperation | undefined>'.

[7m32[0m     await client.email.create({
[7m  [0m [91m                 ~~~~~[0m
[96msrc/subscribers/set-reset-password.subscriber.ts[0m:[93m42[0m:[93m18[0m - [91merror[0m[90m TS2339: [0mProperty 'email' does not exist on type 'PrismaClient<PrismaClientOptions, never, RejectOnNotFound | RejectPerOperation | undefined>'.

[7m42[0m     await client.email.create({
[7m  [0m [91m                 ~~~~~[0m

    at createTSError (D:\Jay\node-setup\node-setup-master\node_modules\ts-node\src\index.ts:820:12)
    at reportTSError (D:\Jay\node-setup\node-setup-master\node_modules\ts-node\src\index.ts:824:19)
    at getOutput (D:\Jay\node-setup\node-setup-master\node_modules\ts-node\src\index.ts:1014:36)
    at Object.compile (D:\Jay\node-setup\node-setup-master\node_modules\ts-node\src\index.ts:1322:43)
    at Module.m._compile (D:\Jay\node-setup\node-setup-master\node_modules\ts-node\src\index.ts:1454:30)
    at Module._extensions..js (node:internal/modules/cjs/loader:1157:10)
    at Object.require.extensions.<computed> [as .ts] (D:\Jay\node-setup\node-setup-master\node_modules\ts-node\src\index.ts:1458:12)
    at Module.load (node:internal/modules/cjs/loader:981:32)
    at Function.Module._load (node:internal/modules/cjs/loader:822:12)
    at Module.require (node:internal/modules/cjs/loader:1005:19)
2022-03-23 23:03:13 info: Creating: TestController
2022-03-23 23:03:13 info: Creating: TestService
2022-03-23 23:03:13 info: Creating: TestRepository
2022-03-23 23:03:13 error: uncaughtException: â¨¯ Unable to compile TypeScript:
[96msrc/subscribers/set-reset-password.subscriber.ts[0m:[93m32[0m:[93m18[0m - [91merror[0m[90m TS2339: [0mProperty 'email' does not exist on type 'PrismaClient<PrismaClientOptions, never, RejectOnNotFound | RejectPerOperation | undefined>'.

[7m32[0m     await client.email.create({
[7m  [0m [91m                 ~~~~~[0m
[96msrc/subscribers/set-reset-password.subscriber.ts[0m:[93m42[0m:[93m18[0m - [91merror[0m[90m TS2339: [0mProperty 'email' does not exist on type 'PrismaClient<PrismaClientOptions, never, RejectOnNotFound | RejectPerOperation | undefined>'.

[7m42[0m     await client.email.create({
[7m  [0m [91m                 ~~~~~[0m

TSError: â¨¯ Unable to compile TypeScript:
[96msrc/subscribers/set-reset-password.subscriber.ts[0m:[93m32[0m:[93m18[0m - [91merror[0m[90m TS2339: [0mProperty 'email' does not exist on type 'PrismaClient<PrismaClientOptions, never, RejectOnNotFound | RejectPerOperation | undefined>'.

[7m32[0m     await client.email.create({
[7m  [0m [91m                 ~~~~~[0m
[96msrc/subscribers/set-reset-password.subscriber.ts[0m:[93m42[0m:[93m18[0m - [91merror[0m[90m TS2339: [0mProperty 'email' does not exist on type 'PrismaClient<PrismaClientOptions, never, RejectOnNotFound | RejectPerOperation | undefined>'.

[7m42[0m     await client.email.create({
[7m  [0m [91m                 ~~~~~[0m

    at createTSError (D:\Jay\node-setup\node-setup-master\node_modules\ts-node\src\index.ts:820:12)
    at reportTSError (D:\Jay\node-setup\node-setup-master\node_modules\ts-node\src\index.ts:824:19)
    at getOutput (D:\Jay\node-setup\node-setup-master\node_modules\ts-node\src\index.ts:1014:36)
    at Object.compile (D:\Jay\node-setup\node-setup-master\node_modules\ts-node\src\index.ts:1322:43)
    at Module.m._compile (D:\Jay\node-setup\node-setup-master\node_modules\ts-node\src\index.ts:1454:30)
    at Module._extensions..js (node:internal/modules/cjs/loader:1157:10)
    at Object.require.extensions.<computed> [as .ts] (D:\Jay\node-setup\node-setup-master\node_modules\ts-node\src\index.ts:1458:12)
    at Module.load (node:internal/modules/cjs/loader:981:32)
    at Function.Module._load (node:internal/modules/cjs/loader:822:12)
    at Module.require (node:internal/modules/cjs/loader:1005:19)
2022-03-23 23:03:13 error: uncaughtException: â¨¯ Unable to compile TypeScript:
[96msrc/subscribers/set-reset-password.subscriber.ts[0m:[93m32[0m:[93m18[0m - [91merror[0m[90m TS2339: [0mProperty 'email' does not exist on type 'PrismaClient<PrismaClientOptions, never, RejectOnNotFound | RejectPerOperation | undefined>'.

[7m32[0m     await client.email.create({
[7m  [0m [91m                 ~~~~~[0m
[96msrc/subscribers/set-reset-password.subscriber.ts[0m:[93m42[0m:[93m18[0m - [91merror[0m[90m TS2339: [0mProperty 'email' does not exist on type 'PrismaClient<PrismaClientOptions, never, RejectOnNotFound | RejectPerOperation | undefined>'.

[7m42[0m     await client.email.create({
[7m  [0m [91m                 ~~~~~[0m

TSError: â¨¯ Unable to compile TypeScript:
[96msrc/subscribers/set-reset-password.subscriber.ts[0m:[93m32[0m:[93m18[0m - [91merror[0m[90m TS2339: [0mProperty 'email' does not exist on type 'PrismaClient<PrismaClientOptions, never, RejectOnNotFound | RejectPerOperation | undefined>'.

[7m32[0m     await client.email.create({
[7m  [0m [91m                 ~~~~~[0m
[96msrc/subscribers/set-reset-password.subscriber.ts[0m:[93m42[0m:[93m18[0m - [91merror[0m[90m TS2339: [0mProperty 'email' does not exist on type 'PrismaClient<PrismaClientOptions, never, RejectOnNotFound | RejectPerOperation | undefined>'.

[7m42[0m     await client.email.create({
[7m  [0m [91m                 ~~~~~[0m

    at createTSError (D:\Jay\node-setup\node-setup-master\node_modules\ts-node\src\index.ts:820:12)
    at reportTSError (D:\Jay\node-setup\node-setup-master\node_modules\ts-node\src\index.ts:824:19)
    at getOutput (D:\Jay\node-setup\node-setup-master\node_modules\ts-node\src\index.ts:1014:36)
    at Object.compile (D:\Jay\node-setup\node-setup-master\node_modules\ts-node\src\index.ts:1322:43)
    at Module.m._compile (D:\Jay\node-setup\node-setup-master\node_modules\ts-node\src\index.ts:1454:30)
    at Module._extensions..js (node:internal/modules/cjs/loader:1157:10)
    at Object.require.extensions.<computed> [as .ts] (D:\Jay\node-setup\node-setup-master\node_modules\ts-node\src\index.ts:1458:12)
    at Module.load (node:internal/modules/cjs/loader:981:32)
    at Function.Module._load (node:internal/modules/cjs/loader:822:12)
    at Module.require (node:internal/modules/cjs/loader:1005:19)
2022-03-23 23:03:13 error: uncaughtException: â¨¯ Unable to compile TypeScript:
[96msrc/subscribers/set-reset-password.subscriber.ts[0m:[93m32[0m:[93m18[0m - [91merror[0m[90m TS2339: [0mProperty 'email' does not exist on type 'PrismaClient<PrismaClientOptions, never, RejectOnNotFound | RejectPerOperation | undefined>'.

[7m32[0m     await client.email.create({
[7m  [0m [91m                 ~~~~~[0m
[96msrc/subscribers/set-reset-password.subscriber.ts[0m:[93m42[0m:[93m18[0m - [91merror[0m[90m TS2339: [0mProperty 'email' does not exist on type 'PrismaClient<PrismaClientOptions, never, RejectOnNotFound | RejectPerOperation | undefined>'.

[7m42[0m     await client.email.create({
[7m  [0m [91m                 ~~~~~[0m

TSError: â¨¯ Unable to compile TypeScript:
[96msrc/subscribers/set-reset-password.subscriber.ts[0m:[93m32[0m:[93m18[0m - [91merror[0m[90m TS2339: [0mProperty 'email' does not exist on type 'PrismaClient<PrismaClientOptions, never, RejectOnNotFound | RejectPerOperation | undefined>'.

[7m32[0m     await client.email.create({
[7m  [0m [91m                 ~~~~~[0m
[96msrc/subscribers/set-reset-password.subscriber.ts[0m:[93m42[0m:[93m18[0m - [91merror[0m[90m TS2339: [0mProperty 'email' does not exist on type 'PrismaClient<PrismaClientOptions, never, RejectOnNotFound | RejectPerOperation | undefined>'.

[7m42[0m     await client.email.create({
[7m  [0m [91m                 ~~~~~[0m

    at createTSError (D:\Jay\node-setup\node-setup-master\node_modules\ts-node\src\index.ts:820:12)
    at reportTSError (D:\Jay\node-setup\node-setup-master\node_modules\ts-node\src\index.ts:824:19)
    at getOutput (D:\Jay\node-setup\node-setup-master\node_modules\ts-node\src\index.ts:1014:36)
    at Object.compile (D:\Jay\node-setup\node-setup-master\node_modules\ts-node\src\index.ts:1322:43)
    at Module.m._compile (D:\Jay\node-setup\node-setup-master\node_modules\ts-node\src\index.ts:1454:30)
    at Module._extensions..js (node:internal/modules/cjs/loader:1157:10)
    at Object.require.extensions.<computed> [as .ts] (D:\Jay\node-setup\node-setup-master\node_modules\ts-node\src\index.ts:1458:12)
    at Module.load (node:internal/modules/cjs/loader:981:32)
    at Function.Module._load (node:internal/modules/cjs/loader:822:12)
    at Module.require (node:internal/modules/cjs/loader:1005:19)
2022-03-23 23:03:24 info: Creating: TestController
2022-03-23 23:03:24 info: Creating: TestService
2022-03-23 23:03:24 info: Creating: TestRepository
2022-03-23 23:03:24 error: uncaughtException: â¨¯ Unable to compile TypeScript:
[96msrc/subscribers/set-reset-password.subscriber.ts[0m:[93m32[0m:[93m18[0m - [91merror[0m[90m TS2339: [0mProperty 'email' does not exist on type 'PrismaClient<PrismaClientOptions, never, RejectOnNotFound | RejectPerOperation | undefined>'.

[7m32[0m     await client.email.create({
[7m  [0m [91m                 ~~~~~[0m
[96msrc/subscribers/set-reset-password.subscriber.ts[0m:[93m42[0m:[93m18[0m - [91merror[0m[90m TS2339: [0mProperty 'email' does not exist on type 'PrismaClient<PrismaClientOptions, never, RejectOnNotFound | RejectPerOperation | undefined>'.

[7m42[0m     await client.email.create({
[7m  [0m [91m                 ~~~~~[0m

TSError: â¨¯ Unable to compile TypeScript:
[96msrc/subscribers/set-reset-password.subscriber.ts[0m:[93m32[0m:[93m18[0m - [91merror[0m[90m TS2339: [0mProperty 'email' does not exist on type 'PrismaClient<PrismaClientOptions, never, RejectOnNotFound | RejectPerOperation | undefined>'.

[7m32[0m     await client.email.create({
[7m  [0m [91m                 ~~~~~[0m
[96msrc/subscribers/set-reset-password.subscriber.ts[0m:[93m42[0m:[93m18[0m - [91merror[0m[90m TS2339: [0mProperty 'email' does not exist on type 'PrismaClient<PrismaClientOptions, never, RejectOnNotFound | RejectPerOperation | undefined>'.

[7m42[0m     await client.email.create({
[7m  [0m [91m                 ~~~~~[0m

    at createTSError (D:\Jay\node-setup\node-setup-master\node_modules\ts-node\src\index.ts:820:12)
    at reportTSError (D:\Jay\node-setup\node-setup-master\node_modules\ts-node\src\index.ts:824:19)
    at getOutput (D:\Jay\node-setup\node-setup-master\node_modules\ts-node\src\index.ts:1014:36)
    at Object.compile (D:\Jay\node-setup\node-setup-master\node_modules\ts-node\src\index.ts:1322:43)
    at Module.m._compile (D:\Jay\node-setup\node-setup-master\node_modules\ts-node\src\index.ts:1454:30)
    at Module._extensions..js (node:internal/modules/cjs/loader:1157:10)
    at Object.require.extensions.<computed> [as .ts] (D:\Jay\node-setup\node-setup-master\node_modules\ts-node\src\index.ts:1458:12)
    at Module.load (node:internal/modules/cjs/loader:981:32)
    at Function.Module._load (node:internal/modules/cjs/loader:822:12)
    at Module.require (node:internal/modules/cjs/loader:1005:19)
2022-03-23 23:03:24 error: uncaughtException: â¨¯ Unable to compile TypeScript:
[96msrc/subscribers/set-reset-password.subscriber.ts[0m:[93m32[0m:[93m18[0m - [91merror[0m[90m TS2339: [0mProperty 'email' does not exist on type 'PrismaClient<PrismaClientOptions, never, RejectOnNotFound | RejectPerOperation | undefined>'.

[7m32[0m     await client.email.create({
[7m  [0m [91m                 ~~~~~[0m
[96msrc/subscribers/set-reset-password.subscriber.ts[0m:[93m42[0m:[93m18[0m - [91merror[0m[90m TS2339: [0mProperty 'email' does not exist on type 'PrismaClient<PrismaClientOptions, never, RejectOnNotFound | RejectPerOperation | undefined>'.

[7m42[0m     await client.email.create({
[7m  [0m [91m                 ~~~~~[0m

TSError: â¨¯ Unable to compile TypeScript:
[96msrc/subscribers/set-reset-password.subscriber.ts[0m:[93m32[0m:[93m18[0m - [91merror[0m[90m TS2339: [0mProperty 'email' does not exist on type 'PrismaClient<PrismaClientOptions, never, RejectOnNotFound | RejectPerOperation | undefined>'.

[7m32[0m     await client.email.create({
[7m  [0m [91m                 ~~~~~[0m
[96msrc/subscribers/set-reset-password.subscriber.ts[0m:[93m42[0m:[93m18[0m - [91merror[0m[90m TS2339: [0mProperty 'email' does not exist on type 'PrismaClient<PrismaClientOptions, never, RejectOnNotFound | RejectPerOperation | undefined>'.

[7m42[0m     await client.email.create({
[7m  [0m [91m                 ~~~~~[0m

    at createTSError (D:\Jay\node-setup\node-setup-master\node_modules\ts-node\src\index.ts:820:12)
    at reportTSError (D:\Jay\node-setup\node-setup-master\node_modules\ts-node\src\index.ts:824:19)
    at getOutput (D:\Jay\node-setup\node-setup-master\node_modules\ts-node\src\index.ts:1014:36)
    at Object.compile (D:\Jay\node-setup\node-setup-master\node_modules\ts-node\src\index.ts:1322:43)
    at Module.m._compile (D:\Jay\node-setup\node-setup-master\node_modules\ts-node\src\index.ts:1454:30)
    at Module._extensions..js (node:internal/modules/cjs/loader:1157:10)
    at Object.require.extensions.<computed> [as .ts] (D:\Jay\node-setup\node-setup-master\node_modules\ts-node\src\index.ts:1458:12)
    at Module.load (node:internal/modules/cjs/loader:981:32)
    at Function.Module._load (node:internal/modules/cjs/loader:822:12)
    at Module.require (node:internal/modules/cjs/loader:1005:19)
2022-03-23 23:03:24 error: uncaughtException: â¨¯ Unable to compile TypeScript:
[96msrc/subscribers/set-reset-password.subscriber.ts[0m:[93m32[0m:[93m18[0m - [91merror[0m[90m TS2339: [0mProperty 'email' does not exist on type 'PrismaClient<PrismaClientOptions, never, RejectOnNotFound | RejectPerOperation | undefined>'.

[7m32[0m     await client.email.create({
[7m  [0m [91m                 ~~~~~[0m
[96msrc/subscribers/set-reset-password.subscriber.ts[0m:[93m42[0m:[93m18[0m - [91merror[0m[90m TS2339: [0mProperty 'email' does not exist on type 'PrismaClient<PrismaClientOptions, never, RejectOnNotFound | RejectPerOperation | undefined>'.

[7m42[0m     await client.email.create({
[7m  [0m [91m                 ~~~~~[0m

TSError: â¨¯ Unable to compile TypeScript:
[96msrc/subscribers/set-reset-password.subscriber.ts[0m:[93m32[0m:[93m18[0m - [91merror[0m[90m TS2339: [0mProperty 'email' does not exist on type 'PrismaClient<PrismaClientOptions, never, RejectOnNotFound | RejectPerOperation | undefined>'.

[7m32[0m     await client.email.create({
[7m  [0m [91m                 ~~~~~[0m
[96msrc/subscribers/set-reset-password.subscriber.ts[0m:[93m42[0m:[93m18[0m - [91merror[0m[90m TS2339: [0mProperty 'email' does not exist on type 'PrismaClient<PrismaClientOptions, never, RejectOnNotFound | RejectPerOperation | undefined>'.

[7m42[0m     await client.email.create({
[7m  [0m [91m                 ~~~~~[0m

    at createTSError (D:\Jay\node-setup\node-setup-master\node_modules\ts-node\src\index.ts:820:12)
    at reportTSError (D:\Jay\node-setup\node-setup-master\node_modules\ts-node\src\index.ts:824:19)
    at getOutput (D:\Jay\node-setup\node-setup-master\node_modules\ts-node\src\index.ts:1014:36)
    at Object.compile (D:\Jay\node-setup\node-setup-master\node_modules\ts-node\src\index.ts:1322:43)
    at Module.m._compile (D:\Jay\node-setup\node-setup-master\node_modules\ts-node\src\index.ts:1454:30)
    at Module._extensions..js (node:internal/modules/cjs/loader:1157:10)
    at Object.require.extensions.<computed> [as .ts] (D:\Jay\node-setup\node-setup-master\node_modules\ts-node\src\index.ts:1458:12)
    at Module.load (node:internal/modules/cjs/loader:981:32)
    at Function.Module._load (node:internal/modules/cjs/loader:822:12)
    at Module.require (node:internal/modules/cjs/loader:1005:19)
2022-03-23 23:04:07 info: Creating: TestController
2022-03-23 23:04:07 info: Creating: TestService
2022-03-23 23:04:07 info: Creating: TestRepository
2022-03-23 23:04:07 info: âš¡ï¸[server]: Server is running at http://localhost:3000
2022-03-23 23:04:07 info: âš¡ï¸[server]: API ROOT: http://localhost:3000/api/v1.0
2022-03-23 23:34:06 info: Creating: TestController
2022-03-23 23:34:06 info: âš¡ï¸[server]: Server is running at http://localhost:3000
2022-03-23 23:34:06 info: Creating: TestRepository
2022-03-23 23:34:06 info: Creating: TestService
2022-03-23 23:34:06 info: âš¡ï¸[server]: API ROOT: http://localhost:3000/api/v1.0
2022-03-24 12:01:46 info: Creating: TestService
2022-03-24 12:07:39 info: Creating: TestService
2022-03-24 12:08:19 info: Creating: TestService
2022-03-24 12:20:22 info: Creating: TestService
2022-03-24 12:21:28 info: Creating: TestService
2022-03-24 13:32:36 info: Creating: TestController
2022-03-24 13:32:36 info: Creating: TestService
2022-03-24 13:32:36 info: Creating: TestRepository
2022-03-24 13:32:36 info: ::ffff:127.0.0.1 - - [24/Mar/2022:08:02:36 +0000] "POST /api/v1.0/test HTTP/1.1" 400 160 "-" "-"
2022-03-24 13:33:16 info: Creating: TestController
2022-03-24 13:33:16 info: Creating: TestService
2022-03-24 13:33:16 info: Creating: TestRepository
2022-03-24 13:33:16 info: ::ffff:127.0.0.1 - - [24/Mar/2022:08:03:16 +0000] "POST /api/v1.0/test HTTP/1.1" 400 160 "-" "-"
2022-03-24 13:34:01 info: Creating: TestController
2022-03-24 13:34:01 info: Creating: TestService
2022-03-24 13:34:01 info: Creating: TestRepository
2022-03-24 13:34:01 info: ::ffff:127.0.0.1 - - [24/Mar/2022:08:04:01 +0000] "POST /api/v1.0/test HTTP/1.1" 400 160 "-" "-"
2022-03-24 14:31:45 info: Creating: TestController
2022-03-24 14:31:45 info: Creating: TestService
2022-03-24 14:31:45 info: Creating: TestRepository
2022-03-24 14:31:46 info: ::ffff:127.0.0.1 - - [24/Mar/2022:09:01:46 +0000] "POST /api/v1.0/test?test=Hello HTTP/1.1" 400 160 "-" "-"
2022-03-24 14:32:44 info: Creating: TestController
2022-03-24 14:32:44 info: Creating: TestService
2022-03-24 14:32:44 info: Creating: TestRepository
2022-03-24 14:32:44 info: ::ffff:127.0.0.1 - - [24/Mar/2022:09:02:44 +0000] "POST /api/v1.0/test?test=Hello HTTP/1.1" 400 160 "-" "-"
2022-03-24 14:33:11 info: Creating: TestController
2022-03-24 14:33:11 info: Creating: TestService
2022-03-24 14:33:11 info: Creating: TestRepository
2022-03-24 14:33:11 info: ::ffff:127.0.0.1 - - [24/Mar/2022:09:03:11 +0000] "POST /api/v1.0/test?test=Hello HTTP/1.1" 200 96 "-" "-"
2022-03-24 14:34:08 info: Creating: TestController
2022-03-24 14:34:08 info: Creating: TestService
2022-03-24 14:34:08 info: Creating: TestRepository
2022-03-24 14:34:08 info: ::ffff:127.0.0.1 - - [24/Mar/2022:09:04:08 +0000] "POST /api/v1.0/test HTTP/1.1" 400 160 "-" "-"
2022-03-24 14:36:46 info: Creating: TestController
2022-03-24 14:36:46 info: Creating: TestService
2022-03-24 14:36:46 info: Creating: TestRepository
2022-03-24 14:36:46 info: ::ffff:127.0.0.1 - - [24/Mar/2022:09:06:46 +0000] "POST /api/v1.0/test HTTP/1.1" 400 160 "-" "-"
2022-03-24 14:38:38 info: Creating: TestController
2022-03-24 14:38:38 info: Creating: TestService
2022-03-24 14:38:38 info: Creating: TestRepository
2022-03-24 14:38:39 info: ::ffff:127.0.0.1 - - [24/Mar/2022:09:08:39 +0000] "POST /api/v1.0/test HTTP/1.1" 400 160 "-" "-"
2022-03-24 14:40:38 info: Creating: TestController
2022-03-24 14:40:38 info: Creating: TestService
2022-03-24 14:40:38 info: Creating: TestRepository
2022-03-24 14:40:38 info: ::ffff:127.0.0.1 - - [24/Mar/2022:09:10:38 +0000] "POST /api/v1.0/test HTTP/1.1" 200 96 "-" "-"
2022-03-24 16:35:47 info: Creating: TestService
2022-03-24 16:35:51 info: Creating: TestController
2022-03-24 16:35:51 info: Creating: TestRepository
2022-03-24 16:35:51 info: Creating: TestService
2022-03-24 16:35:51 info: ::ffff:127.0.0.1 - - [24/Mar/2022:11:05:51 +0000] "POST /api/v1.0/test HTTP/1.1" 200 96 "-" "-"
2022-03-24 17:00:38 info: Creating: TestService
2022-03-24 17:00:38 info: Creating: TestRepository
2022-03-24 17:00:38 info: Creating: TestController
2022-03-24 17:00:38 info: âš¡ï¸[server]: Server is running at http://localhost:3000
2022-03-24 17:00:38 info: âš¡ï¸[server]: API ROOT: http://localhost:3000/api/v1.0
2022-03-24 17:00:38 info: âš¡ï¸[server]: API DOCS: http://localhost:3000/api/v1.0/docs
2022-03-24 17:00:47 info: ::1 - - [24/Mar/2022:11:30:47 +0000] "GET /api/v1.0/docs/ HTTP/1.1" 200 3102 "-" "Mozilla/5.0 (Windows NT 10.0; Win64; x64) AppleWebKit/537.36 (KHTML, like Gecko) Chrome/99.0.4844.82 Safari/537.36"
2022-03-24 17:00:47 info: ::1 - - [24/Mar/2022:11:30:47 +0000] "GET /api/v1.0/docs/swagger-ui-init.js HTTP/1.1" 200 6722 "-" "Mozilla/5.0 (Windows NT 10.0; Win64; x64) AppleWebKit/537.36 (KHTML, like Gecko) Chrome/99.0.4844.82 Safari/537.36"
2022-03-24 17:00:47 info: ::1 - - [24/Mar/2022:11:30:47 +0000] "GET /api/v1.0/docs/swagger-ui-standalone-preset.js HTTP/1.1" 200 339500 "-" "Mozilla/5.0 (Windows NT 10.0; Win64; x64) AppleWebKit/537.36 (KHTML, like Gecko) Chrome/99.0.4844.82 Safari/537.36"
2022-03-24 17:00:47 info: ::1 - - [24/Mar/2022:11:30:47 +0000] "GET /api/v1.0/docs/swagger-ui.css HTTP/1.1" 200 143976 "-" "Mozilla/5.0 (Windows NT 10.0; Win64; x64) AppleWebKit/537.36 (KHTML, like Gecko) Chrome/99.0.4844.82 Safari/537.36"
2022-03-24 17:00:47 info: ::1 - - [24/Mar/2022:11:30:47 +0000] "GET /api/v1.0/docs/swagger-ui-bundle.js HTTP/1.1" 200 1095107 "-" "Mozilla/5.0 (Windows NT 10.0; Win64; x64) AppleWebKit/537.36 (KHTML, like Gecko) Chrome/99.0.4844.82 Safari/537.36"
2022-03-24 17:00:50 info: ::1 - - [24/Mar/2022:11:30:50 +0000] "GET /service-worker.js?pusherBeamsWebSDKVersion=1.1.0 HTTP/1.1" 404 156 "http://localhost:3000/service-worker.js?pusherBeamsWebSDKVersion=1.1.0" "Mozilla/5.0 (Windows NT 10.0; Win64; x64) AppleWebKit/537.36 (KHTML, like Gecko) Chrome/99.0.4844.82 Safari/537.36"
2022-03-24 17:02:14 info: ::1 - - [24/Mar/2022:11:32:14 +0000] "GET /api/v1.0/docs/ HTTP/1.1" 304 - "-" "Mozilla/5.0 (Windows NT 10.0; Win64; x64) AppleWebKit/537.36 (KHTML, like Gecko) Chrome/99.0.4844.82 Safari/537.36"
2022-03-24 17:02:14 info: ::1 - - [24/Mar/2022:11:32:14 +0000] "GET /api/v1.0/docs/swagger-ui.css HTTP/1.1" 304 - "-" "Mozilla/5.0 (Windows NT 10.0; Win64; x64) AppleWebKit/537.36 (KHTML, like Gecko) Chrome/99.0.4844.82 Safari/537.36"
2022-03-24 17:02:14 info: ::1 - - [24/Mar/2022:11:32:14 +0000] "GET /api/v1.0/docs/swagger-ui-init.js HTTP/1.1" 304 - "-" "Mozilla/5.0 (Windows NT 10.0; Win64; x64) AppleWebKit/537.36 (KHTML, like Gecko) Chrome/99.0.4844.82 Safari/537.36"
2022-03-24 17:02:14 info: ::1 - - [24/Mar/2022:11:32:14 +0000] "GET /api/v1.0/docs/swagger-ui-bundle.js HTTP/1.1" 304 - "-" "Mozilla/5.0 (Windows NT 10.0; Win64; x64) AppleWebKit/537.36 (KHTML, like Gecko) Chrome/99.0.4844.82 Safari/537.36"
2022-03-24 17:02:14 info: ::1 - - [24/Mar/2022:11:32:14 +0000] "GET /api/v1.0/docs/swagger-ui-standalone-preset.js HTTP/1.1" 304 - "-" "Mozilla/5.0 (Windows NT 10.0; Win64; x64) AppleWebKit/537.36 (KHTML, like Gecko) Chrome/99.0.4844.82 Safari/537.36"
2022-03-24 17:02:14 info: ::1 - - [24/Mar/2022:11:32:14 +0000] "GET /api/v1.0/docs/favicon-32x32.png HTTP/1.1" 200 628 "-" "Mozilla/5.0 (Windows NT 10.0; Win64; x64) AppleWebKit/537.36 (KHTML, like Gecko) Chrome/99.0.4844.82 Safari/537.36"
2022-03-24 17:02:16 info: ::1 - - [24/Mar/2022:11:32:16 +0000] "GET /service-worker.js?pusherBeamsWebSDKVersion=1.1.0 HTTP/1.1" 404 156 "http://localhost:3000/service-worker.js?pusherBeamsWebSDKVersion=1.1.0" "Mozilla/5.0 (Windows NT 10.0; Win64; x64) AppleWebKit/537.36 (KHTML, like Gecko) Chrome/99.0.4844.82 Safari/537.36"
2022-03-24 17:02:33 info: Creating: TestController
2022-03-24 17:02:33 info: Creating: TestService
2022-03-24 17:02:33 info: Creating: TestRepository
2022-03-24 17:02:34 info: âš¡ï¸[server]: Server is running at http://localhost:3000
2022-03-24 17:02:34 info: âš¡ï¸[server]: API ROOT: http://localhost:3000/api/v1.0
2022-03-24 17:02:34 info: âš¡ï¸[server]: API DOCS: http://localhost:3000/api/v1.0/docs
2022-03-24 17:02:36 info: ::1 - - [24/Mar/2022:11:32:36 +0000] "GET /api/v1.0/docs/ HTTP/1.1" 304 - "-" "Mozilla/5.0 (Windows NT 10.0; Win64; x64) AppleWebKit/537.36 (KHTML, like Gecko) Chrome/99.0.4844.82 Safari/537.36"
2022-03-24 17:02:36 info: ::1 - - [24/Mar/2022:11:32:36 +0000] "GET /api/v1.0/docs/swagger-ui.css HTTP/1.1" 304 - "-" "Mozilla/5.0 (Windows NT 10.0; Win64; x64) AppleWebKit/537.36 (KHTML, like Gecko) Chrome/99.0.4844.82 Safari/537.36"
2022-03-24 17:02:36 info: ::1 - - [24/Mar/2022:11:32:36 +0000] "GET /api/v1.0/docs/swagger-ui-standalone-preset.js HTTP/1.1" 304 - "-" "Mozilla/5.0 (Windows NT 10.0; Win64; x64) AppleWebKit/537.36 (KHTML, like Gecko) Chrome/99.0.4844.82 Safari/537.36"
2022-03-24 17:02:36 info: ::1 - - [24/Mar/2022:11:32:36 +0000] "GET /api/v1.0/docs/swagger-ui-bundle.js HTTP/1.1" 304 - "-" "Mozilla/5.0 (Windows NT 10.0; Win64; x64) AppleWebKit/537.36 (KHTML, like Gecko) Chrome/99.0.4844.82 Safari/537.36"
2022-03-24 17:02:36 info: ::1 - - [24/Mar/2022:11:32:36 +0000] "GET /api/v1.0/docs/swagger-ui-init.js HTTP/1.1" 200 6268 "-" "Mozilla/5.0 (Windows NT 10.0; Win64; x64) AppleWebKit/537.36 (KHTML, like Gecko) Chrome/99.0.4844.82 Safari/537.36"
2022-03-24 17:02:38 info: ::1 - - [24/Mar/2022:11:32:38 +0000] "GET /service-worker.js?pusherBeamsWebSDKVersion=1.1.0 HTTP/1.1" 404 156 "http://localhost:3000/service-worker.js?pusherBeamsWebSDKVersion=1.1.0" "Mozilla/5.0 (Windows NT 10.0; Win64; x64) AppleWebKit/537.36 (KHTML, like Gecko) Chrome/99.0.4844.82 Safari/537.36"
2022-03-24 17:05:28 info: Creating: TestController
2022-03-24 17:05:28 info: Creating: TestService
2022-03-24 17:05:28 info: Creating: TestRepository
2022-03-24 17:05:28 info: âš¡ï¸[server]: Server is running at http://localhost:3000
2022-03-24 17:05:28 info: âš¡ï¸[server]: API ROOT: http://localhost:3000/api/v1.0
2022-03-24 17:05:28 info: âš¡ï¸[server]: API DOCS: http://localhost:3000/api/v1.0/docs
2022-03-24 17:08:07 info: Creating: TestController
2022-03-24 17:08:07 info: Creating: TestService
2022-03-24 17:08:07 info: Creating: TestRepository
2022-03-24 17:08:07 info: âš¡ï¸[server]: Server is running at http://localhost:3000
2022-03-24 17:08:07 info: âš¡ï¸[server]: API ROOT: http://localhost:3000/api/v1.0
2022-03-24 17:08:07 info: âš¡ï¸[server]: API DOCS: http://localhost:3000/api/v1.0/docs
2022-03-24 17:08:08 info: ::1 - - [24/Mar/2022:11:38:08 +0000] "GET /api/v1.0/docs HTTP/1.1" 301 193 "-" "Mozilla/5.0 (Windows NT 10.0; Win64; x64) AppleWebKit/537.36 (KHTML, like Gecko) Chrome/99.0.4844.82 Safari/537.36"
2022-03-24 17:08:08 info: ::1 - - [24/Mar/2022:11:38:08 +0000] "GET /api/v1.0/docs/ HTTP/1.1" 200 3102 "-" "Mozilla/5.0 (Windows NT 10.0; Win64; x64) AppleWebKit/537.36 (KHTML, like Gecko) Chrome/99.0.4844.82 Safari/537.36"
2022-03-24 17:08:08 info: ::1 - - [24/Mar/2022:11:38:08 +0000] "GET /api/v1.0/docs/swagger-ui-init.js HTTP/1.1" 200 6916 "-" "Mozilla/5.0 (Windows NT 10.0; Win64; x64) AppleWebKit/537.36 (KHTML, like Gecko) Chrome/99.0.4844.82 Safari/537.36"
2022-03-24 17:08:08 info: ::1 - - [24/Mar/2022:11:38:08 +0000] "GET /api/v1.0/docs/swagger-ui.css HTTP/1.1" 200 143976 "-" "Mozilla/5.0 (Windows NT 10.0; Win64; x64) AppleWebKit/537.36 (KHTML, like Gecko) Chrome/99.0.4844.82 Safari/537.36"
2022-03-24 17:08:08 info: ::1 - - [24/Mar/2022:11:38:08 +0000] "GET /api/v1.0/docs/swagger-ui-standalone-preset.js HTTP/1.1" 200 339500 "-" "Mozilla/5.0 (Windows NT 10.0; Win64; x64) AppleWebKit/537.36 (KHTML, like Gecko) Chrome/99.0.4844.82 Safari/537.36"
2022-03-24 17:08:08 info: ::1 - - [24/Mar/2022:11:38:08 +0000] "GET /api/v1.0/docs/swagger-ui-bundle.js HTTP/1.1" 200 1095107 "-" "Mozilla/5.0 (Windows NT 10.0; Win64; x64) AppleWebKit/537.36 (KHTML, like Gecko) Chrome/99.0.4844.82 Safari/537.36"
2022-03-24 17:08:09 info: ::1 - - [24/Mar/2022:11:38:09 +0000] "GET /api/v1.0/docs/favicon-32x32.png HTTP/1.1" 200 628 "-" "Mozilla/5.0 (Windows NT 10.0; Win64; x64) AppleWebKit/537.36 (KHTML, like Gecko) Chrome/99.0.4844.82 Safari/537.36"
2022-03-24 17:08:11 info: ::1 - - [24/Mar/2022:11:38:11 +0000] "GET /service-worker.js?pusherBeamsWebSDKVersion=1.1.0 HTTP/1.1" 404 156 "http://localhost:3000/service-worker.js?pusherBeamsWebSDKVersion=1.1.0" "Mozilla/5.0 (Windows NT 10.0; Win64; x64) AppleWebKit/537.36 (KHTML, like Gecko) Chrome/99.0.4844.82 Safari/537.36"
2022-03-24 17:27:39 info: Creating: TestController
2022-03-24 17:27:39 info: Creating: TestService
2022-03-24 17:27:39 info: Creating: TestRepository
2022-03-24 17:27:39 info: âš¡ï¸[server]: Server is running at http://localhost:3000
2022-03-24 17:27:39 info: âš¡ï¸[server]: API ROOT: http://localhost:3000/api/v1.0
2022-03-24 17:27:39 info: âš¡ï¸[server]: API DOCS: http://localhost:3000/api/v1.0/docs
2022-03-24 17:27:55 info: ::1 - - [24/Mar/2022:11:57:55 +0000] "GET /api/v1.0/docs/ HTTP/1.1" 304 - "-" "Mozilla/5.0 (Windows NT 10.0; Win64; x64) AppleWebKit/537.36 (KHTML, like Gecko) Chrome/99.0.4844.82 Safari/537.36"
2022-03-24 17:27:55 info: ::1 - - [24/Mar/2022:11:57:55 +0000] "GET /api/v1.0/docs/swagger-ui.css HTTP/1.1" 304 - "-" "Mozilla/5.0 (Windows NT 10.0; Win64; x64) AppleWebKit/537.36 (KHTML, like Gecko) Chrome/99.0.4844.82 Safari/537.36"
2022-03-24 17:27:55 info: ::1 - - [24/Mar/2022:11:57:55 +0000] "GET /api/v1.0/docs/swagger-ui-bundle.js HTTP/1.1" 304 - "-" "Mozilla/5.0 (Windows NT 10.0; Win64; x64) AppleWebKit/537.36 (KHTML, like Gecko) Chrome/99.0.4844.82 Safari/537.36"
2022-03-24 17:27:55 info: ::1 - - [24/Mar/2022:11:57:55 +0000] "GET /api/v1.0/docs/swagger-ui-standalone-preset.js HTTP/1.1" 304 - "-" "Mozilla/5.0 (Windows NT 10.0; Win64; x64) AppleWebKit/537.36 (KHTML, like Gecko) Chrome/99.0.4844.82 Safari/537.36"
2022-03-24 17:27:55 info: ::1 - - [24/Mar/2022:11:57:55 +0000] "GET /api/v1.0/docs/swagger-ui-init.js HTTP/1.1" 200 2576 "-" "Mozilla/5.0 (Windows NT 10.0; Win64; x64) AppleWebKit/537.36 (KHTML, like Gecko) Chrome/99.0.4844.82 Safari/537.36"
2022-03-24 17:27:57 info: ::1 - - [24/Mar/2022:11:57:57 +0000] "GET /service-worker.js?pusherBeamsWebSDKVersion=1.1.0 HTTP/1.1" 404 156 "http://localhost:3000/service-worker.js?pusherBeamsWebSDKVersion=1.1.0" "Mozilla/5.0 (Windows NT 10.0; Win64; x64) AppleWebKit/537.36 (KHTML, like Gecko) Chrome/99.0.4844.82 Safari/537.36"
2022-03-24 17:30:47 info: Creating: TestController
2022-03-24 17:30:47 info: Creating: TestService
2022-03-24 17:30:47 info: Creating: TestRepository
2022-03-24 17:30:48 info: âš¡ï¸[server]: Server is running at http://localhost:3000
2022-03-24 17:30:48 info: âš¡ï¸[server]: API ROOT: http://localhost:3000/api/v1.0
2022-03-24 17:30:48 info: âš¡ï¸[server]: API DOCS: http://localhost:3000/api/v1.0/docs
2022-03-24 17:30:50 info: ::1 - - [24/Mar/2022:12:00:50 +0000] "GET /api/v1.0/docs/ HTTP/1.1" 304 - "-" "Mozilla/5.0 (Windows NT 10.0; Win64; x64) AppleWebKit/537.36 (KHTML, like Gecko) Chrome/99.0.4844.82 Safari/537.36"
2022-03-24 17:30:50 info: ::1 - - [24/Mar/2022:12:00:50 +0000] "GET /api/v1.0/docs/swagger-ui.css HTTP/1.1" 304 - "-" "Mozilla/5.0 (Windows NT 10.0; Win64; x64) AppleWebKit/537.36 (KHTML, like Gecko) Chrome/99.0.4844.82 Safari/537.36"
2022-03-24 17:30:50 info: ::1 - - [24/Mar/2022:12:00:50 +0000] "GET /api/v1.0/docs/swagger-ui-init.js HTTP/1.1" 200 2569 "-" "Mozilla/5.0 (Windows NT 10.0; Win64; x64) AppleWebKit/537.36 (KHTML, like Gecko) Chrome/99.0.4844.82 Safari/537.36"
2022-03-24 17:30:50 info: ::1 - - [24/Mar/2022:12:00:50 +0000] "GET /api/v1.0/docs/swagger-ui-bundle.js HTTP/1.1" 304 - "-" "Mozilla/5.0 (Windows NT 10.0; Win64; x64) AppleWebKit/537.36 (KHTML, like Gecko) Chrome/99.0.4844.82 Safari/537.36"
2022-03-24 17:30:50 info: ::1 - - [24/Mar/2022:12:00:50 +0000] "GET /api/v1.0/docs/swagger-ui-standalone-preset.js HTTP/1.1" 304 - "-" "Mozilla/5.0 (Windows NT 10.0; Win64; x64) AppleWebKit/537.36 (KHTML, like Gecko) Chrome/99.0.4844.82 Safari/537.36"
2022-03-24 17:30:53 info: ::1 - - [24/Mar/2022:12:00:53 +0000] "GET /service-worker.js?pusherBeamsWebSDKVersion=1.1.0 HTTP/1.1" 404 156 "http://localhost:3000/service-worker.js?pusherBeamsWebSDKVersion=1.1.0" "Mozilla/5.0 (Windows NT 10.0; Win64; x64) AppleWebKit/537.36 (KHTML, like Gecko) Chrome/99.0.4844.82 Safari/537.36"
2022-03-24 17:31:00 info: ::1 - - [24/Mar/2022:12:01:00 +0000] "POST /api/v1.0/test HTTP/1.1" 200 94 "-" "Mozilla/5.0 (Windows NT 10.0; Win64; x64) AppleWebKit/537.36 (KHTML, like Gecko) Chrome/99.0.4844.82 Safari/537.36"
2022-03-24 17:34:24 info: Creating: TestController
2022-03-24 17:34:24 info: Creating: TestService
2022-03-24 17:34:24 info: Creating: TestRepository
2022-03-24 17:34:24 info: âš¡ï¸[server]: Server is running at http://localhost:3000
2022-03-24 17:34:24 info: âš¡ï¸[server]: API ROOT: http://localhost:3000/api/v1.0
2022-03-24 17:34:24 info: âš¡ï¸[server]: API DOCS: http://localhost:3000/api/v1.0/docs
2022-03-24 17:34:31 info: ::1 - - [24/Mar/2022:12:04:31 +0000] "GET /api/v1.0/docs/ HTTP/1.1" 304 - "-" "Mozilla/5.0 (Windows NT 10.0; Win64; x64) AppleWebKit/537.36 (KHTML, like Gecko) Chrome/99.0.4844.82 Safari/537.36"
2022-03-24 17:34:31 info: ::1 - - [24/Mar/2022:12:04:31 +0000] "GET /api/v1.0/docs/swagger-ui.css HTTP/1.1" 304 - "-" "Mozilla/5.0 (Windows NT 10.0; Win64; x64) AppleWebKit/537.36 (KHTML, like Gecko) Chrome/99.0.4844.82 Safari/537.36"
2022-03-24 17:34:31 info: ::1 - - [24/Mar/2022:12:04:31 +0000] "GET /api/v1.0/docs/swagger-ui-init.js HTTP/1.1" 200 2957 "-" "Mozilla/5.0 (Windows NT 10.0; Win64; x64) AppleWebKit/537.36 (KHTML, like Gecko) Chrome/99.0.4844.82 Safari/537.36"
2022-03-24 17:34:31 info: ::1 - - [24/Mar/2022:12:04:31 +0000] "GET /api/v1.0/docs/swagger-ui-bundle.js HTTP/1.1" 304 - "-" "Mozilla/5.0 (Windows NT 10.0; Win64; x64) AppleWebKit/537.36 (KHTML, like Gecko) Chrome/99.0.4844.82 Safari/537.36"
2022-03-24 17:34:31 info: ::1 - - [24/Mar/2022:12:04:31 +0000] "GET /api/v1.0/docs/swagger-ui-standalone-preset.js HTTP/1.1" 304 - "-" "Mozilla/5.0 (Windows NT 10.0; Win64; x64) AppleWebKit/537.36 (KHTML, like Gecko) Chrome/99.0.4844.82 Safari/537.36"
2022-03-24 17:34:32 info: ::1 - - [24/Mar/2022:12:04:32 +0000] "GET /api/v1.0/docs/favicon-32x32.png HTTP/1.1" 304 - "-" "Mozilla/5.0 (Windows NT 10.0; Win64; x64) AppleWebKit/537.36 (KHTML, like Gecko) Chrome/99.0.4844.82 Safari/537.36"
2022-03-24 17:34:34 info: ::1 - - [24/Mar/2022:12:04:34 +0000] "GET /service-worker.js?pusherBeamsWebSDKVersion=1.1.0 HTTP/1.1" 404 156 "http://localhost:3000/service-worker.js?pusherBeamsWebSDKVersion=1.1.0" "Mozilla/5.0 (Windows NT 10.0; Win64; x64) AppleWebKit/537.36 (KHTML, like Gecko) Chrome/99.0.4844.82 Safari/537.36"
2022-03-24 17:34:39 info: ::1 - - [24/Mar/2022:12:04:39 +0000] "GET /api/v1.0/docs/ HTTP/1.1" 304 - "-" "Mozilla/5.0 (Windows NT 10.0; Win64; x64) AppleWebKit/537.36 (KHTML, like Gecko) Chrome/99.0.4844.82 Safari/537.36"
2022-03-24 17:34:39 info: ::1 - - [24/Mar/2022:12:04:39 +0000] "GET /api/v1.0/docs/swagger-ui.css HTTP/1.1" 304 - "-" "Mozilla/5.0 (Windows NT 10.0; Win64; x64) AppleWebKit/537.36 (KHTML, like Gecko) Chrome/99.0.4844.82 Safari/537.36"
2022-03-24 17:34:40 info: ::1 - - [24/Mar/2022:12:04:40 +0000] "GET /api/v1.0/docs/swagger-ui-standalone-preset.js.map HTTP/1.1" 200 530196 "-" "Mozilla/5.0 (Windows NT 10.0; Win64; x64) AppleWebKit/537.36 (KHTML, like Gecko) Chrome/99.0.4844.82 Safari/537.36"
2022-03-24 17:34:40 info: ::1 - - [24/Mar/2022:12:04:40 +0000] "GET /api/v1.0/docs/swagger-ui-bundle.js.map HTTP/1.1" 200 1541198 "-" "Mozilla/5.0 (Windows NT 10.0; Win64; x64) AppleWebKit/537.36 (KHTML, like Gecko) Chrome/99.0.4844.82 Safari/537.36"
2022-03-24 17:34:41 info: ::1 - - [24/Mar/2022:12:04:41 +0000] "GET /api/v1.0/docs/swagger-ui.css.map HTTP/1.1" 200 276298 "-" "Mozilla/5.0 (Windows NT 10.0; Win64; x64) AppleWebKit/537.36 (KHTML, like Gecko) Chrome/99.0.4844.82 Safari/537.36"
2022-03-24 17:35:34 info: ::1 - - [24/Mar/2022:12:05:34 +0000] "GET /api/v1.0/docs/ HTTP/1.1" 304 - "-" "Mozilla/5.0 (Windows NT 10.0; Win64; x64) AppleWebKit/537.36 (KHTML, like Gecko) Chrome/99.0.4844.82 Safari/537.36"
2022-03-24 17:35:34 info: ::1 - - [24/Mar/2022:12:05:34 +0000] "GET /api/v1.0/docs/swagger-ui.css HTTP/1.1" 304 - "-" "Mozilla/5.0 (Windows NT 10.0; Win64; x64) AppleWebKit/537.36 (KHTML, like Gecko) Chrome/99.0.4844.82 Safari/537.36"
2022-03-24 17:35:34 info: ::1 - - [24/Mar/2022:12:05:34 +0000] "GET /api/v1.0/docs/swagger-ui-bundle.js HTTP/1.1" 304 - "-" "Mozilla/5.0 (Windows NT 10.0; Win64; x64) AppleWebKit/537.36 (KHTML, like Gecko) Chrome/99.0.4844.82 Safari/537.36"
2022-03-24 17:35:34 info: ::1 - - [24/Mar/2022:12:05:34 +0000] "GET /api/v1.0/docs/swagger-ui-init.js HTTP/1.1" 304 - "-" "Mozilla/5.0 (Windows NT 10.0; Win64; x64) AppleWebKit/537.36 (KHTML, like Gecko) Chrome/99.0.4844.82 Safari/537.36"
2022-03-24 17:35:34 info: ::1 - - [24/Mar/2022:12:05:34 +0000] "GET /api/v1.0/docs/swagger-ui-standalone-preset.js HTTP/1.1" 304 - "-" "Mozilla/5.0 (Windows NT 10.0; Win64; x64) AppleWebKit/537.36 (KHTML, like Gecko) Chrome/99.0.4844.82 Safari/537.36"
2022-03-24 17:35:34 info: ::1 - - [24/Mar/2022:12:05:34 +0000] "GET /api/v1.0/docs/swagger-ui.css.map HTTP/1.1" 200 276298 "-" "Mozilla/5.0 (Windows NT 10.0; Win64; x64) AppleWebKit/537.36 (KHTML, like Gecko) Chrome/99.0.4844.82 Safari/537.36"
2022-03-24 17:35:34 info: ::1 - - [24/Mar/2022:12:05:34 +0000] "GET /api/v1.0/docs/swagger-ui-bundle.js.map HTTP/1.1" 200 1541198 "-" "Mozilla/5.0 (Windows NT 10.0; Win64; x64) AppleWebKit/537.36 (KHTML, like Gecko) Chrome/99.0.4844.82 Safari/537.36"
2022-03-24 17:35:34 info: ::1 - - [24/Mar/2022:12:05:34 +0000] "GET /api/v1.0/docs/swagger-ui-standalone-preset.js.map HTTP/1.1" 200 530196 "-" "Mozilla/5.0 (Windows NT 10.0; Win64; x64) AppleWebKit/537.36 (KHTML, like Gecko) Chrome/99.0.4844.82 Safari/537.36"
2022-03-24 17:35:35 info: ::1 - - [24/Mar/2022:12:05:35 +0000] "GET /api/v1.0/docs/favicon-32x32.png HTTP/1.1" 304 - "-" "Mozilla/5.0 (Windows NT 10.0; Win64; x64) AppleWebKit/537.36 (KHTML, like Gecko) Chrome/99.0.4844.82 Safari/537.36"
2022-03-24 17:35:37 info: ::1 - - [24/Mar/2022:12:05:37 +0000] "GET /service-worker.js?pusherBeamsWebSDKVersion=1.1.0 HTTP/1.1" 404 156 "http://localhost:3000/service-worker.js?pusherBeamsWebSDKVersion=1.1.0" "Mozilla/5.0 (Windows NT 10.0; Win64; x64) AppleWebKit/537.36 (KHTML, like Gecko) Chrome/99.0.4844.82 Safari/537.36"
2022-03-24 17:36:18 info: ::1 - - [24/Mar/2022:12:06:18 +0000] "GET /api/v1.0/docs/ HTTP/1.1" 304 - "-" "Mozilla/5.0 (Windows NT 10.0; Win64; x64) AppleWebKit/537.36 (KHTML, like Gecko) Chrome/99.0.4844.82 Safari/537.36"
2022-03-24 17:36:18 info: ::1 - - [24/Mar/2022:12:06:18 +0000] "GET /api/v1.0/docs/swagger-ui.css HTTP/1.1" 304 - "-" "Mozilla/5.0 (Windows NT 10.0; Win64; x64) AppleWebKit/537.36 (KHTML, like Gecko) Chrome/99.0.4844.82 Safari/537.36"
2022-03-24 17:36:18 info: ::1 - - [24/Mar/2022:12:06:18 +0000] "GET /api/v1.0/docs/swagger-ui-bundle.js HTTP/1.1" 304 - "-" "Mozilla/5.0 (Windows NT 10.0; Win64; x64) AppleWebKit/537.36 (KHTML, like Gecko) Chrome/99.0.4844.82 Safari/537.36"
2022-03-24 17:36:18 info: ::1 - - [24/Mar/2022:12:06:18 +0000] "GET /api/v1.0/docs/swagger-ui-init.js HTTP/1.1" 304 - "-" "Mozilla/5.0 (Windows NT 10.0; Win64; x64) AppleWebKit/537.36 (KHTML, like Gecko) Chrome/99.0.4844.82 Safari/537.36"
2022-03-24 17:36:18 info: ::1 - - [24/Mar/2022:12:06:18 +0000] "GET /api/v1.0/docs/swagger-ui-standalone-preset.js HTTP/1.1" 304 - "-" "Mozilla/5.0 (Windows NT 10.0; Win64; x64) AppleWebKit/537.36 (KHTML, like Gecko) Chrome/99.0.4844.82 Safari/537.36"
2022-03-24 17:36:18 info: ::1 - - [24/Mar/2022:12:06:18 +0000] "GET /api/v1.0/docs/swagger-ui.css.map HTTP/1.1" 200 276298 "-" "Mozilla/5.0 (Windows NT 10.0; Win64; x64) AppleWebKit/537.36 (KHTML, like Gecko) Chrome/99.0.4844.82 Safari/537.36"
2022-03-24 17:36:19 info: ::1 - - [24/Mar/2022:12:06:19 +0000] "GET /api/v1.0/docs/swagger-ui-bundle.js.map HTTP/1.1" 200 1541198 "-" "Mozilla/5.0 (Windows NT 10.0; Win64; x64) AppleWebKit/537.36 (KHTML, like Gecko) Chrome/99.0.4844.82 Safari/537.36"
2022-03-24 17:36:19 info: ::1 - - [24/Mar/2022:12:06:19 +0000] "GET /api/v1.0/docs/swagger-ui-standalone-preset.js.map HTTP/1.1" 200 530196 "-" "Mozilla/5.0 (Windows NT 10.0; Win64; x64) AppleWebKit/537.36 (KHTML, like Gecko) Chrome/99.0.4844.82 Safari/537.36"
2022-03-24 17:36:19 info: ::1 - - [24/Mar/2022:12:06:19 +0000] "GET /api/v1.0/docs/favicon-32x32.png HTTP/1.1" 304 - "-" "Mozilla/5.0 (Windows NT 10.0; Win64; x64) AppleWebKit/537.36 (KHTML, like Gecko) Chrome/99.0.4844.82 Safari/537.36"
2022-03-24 17:36:21 info: ::1 - - [24/Mar/2022:12:06:21 +0000] "GET /service-worker.js?pusherBeamsWebSDKVersion=1.1.0 HTTP/1.1" 404 156 "http://localhost:3000/service-worker.js?pusherBeamsWebSDKVersion=1.1.0" "Mozilla/5.0 (Windows NT 10.0; Win64; x64) AppleWebKit/537.36 (KHTML, like Gecko) Chrome/99.0.4844.82 Safari/537.36"
2022-03-24 17:36:31 info: ::1 - - [24/Mar/2022:12:06:31 +0000] "POST /api/v1.0/test HTTP/1.1" 200 97 "-" "Mozilla/5.0 (Windows NT 10.0; Win64; x64) AppleWebKit/537.36 (KHTML, like Gecko) Chrome/99.0.4844.82 Safari/537.36"
2022-03-24 17:37:08 info: ::1 - - [24/Mar/2022:12:07:08 +0000] "GET /api/v1.0/docs/ HTTP/1.1" 304 - "-" "Mozilla/5.0 (Windows NT 10.0; Win64; x64) AppleWebKit/537.36 (KHTML, like Gecko) Chrome/99.0.4844.82 Safari/537.36"
2022-03-24 17:37:08 info: ::1 - - [24/Mar/2022:12:07:08 +0000] "GET /api/v1.0/docs/swagger-ui-init.js HTTP/1.1" 304 - "-" "Mozilla/5.0 (Windows NT 10.0; Win64; x64) AppleWebKit/537.36 (KHTML, like Gecko) Chrome/99.0.4844.82 Safari/537.36"
2022-03-24 17:37:08 info: ::1 - - [24/Mar/2022:12:07:08 +0000] "GET /api/v1.0/docs/swagger-ui.css HTTP/1.1" 304 - "-" "Mozilla/5.0 (Windows NT 10.0; Win64; x64) AppleWebKit/537.36 (KHTML, like Gecko) Chrome/99.0.4844.82 Safari/537.36"
2022-03-24 17:37:08 info: ::1 - - [24/Mar/2022:12:07:08 +0000] "GET /api/v1.0/docs/swagger-ui-bundle.js HTTP/1.1" 304 - "-" "Mozilla/5.0 (Windows NT 10.0; Win64; x64) AppleWebKit/537.36 (KHTML, like Gecko) Chrome/99.0.4844.82 Safari/537.36"
2022-03-24 17:37:08 info: ::1 - - [24/Mar/2022:12:07:08 +0000] "GET /api/v1.0/docs/swagger-ui-standalone-preset.js HTTP/1.1" 304 - "-" "Mozilla/5.0 (Windows NT 10.0; Win64; x64) AppleWebKit/537.36 (KHTML, like Gecko) Chrome/99.0.4844.82 Safari/537.36"
2022-03-24 17:37:09 info: ::1 - - [24/Mar/2022:12:07:09 +0000] "GET /api/v1.0/docs/favicon-32x32.png HTTP/1.1" 304 - "-" "Mozilla/5.0 (Windows NT 10.0; Win64; x64) AppleWebKit/537.36 (KHTML, like Gecko) Chrome/99.0.4844.82 Safari/537.36"
2022-03-24 17:37:11 info: ::1 - - [24/Mar/2022:12:07:11 +0000] "GET /service-worker.js?pusherBeamsWebSDKVersion=1.1.0 HTTP/1.1" 404 156 "http://localhost:3000/service-worker.js?pusherBeamsWebSDKVersion=1.1.0" "Mozilla/5.0 (Windows NT 10.0; Win64; x64) AppleWebKit/537.36 (KHTML, like Gecko) Chrome/99.0.4844.82 Safari/537.36"
2022-03-24 17:38:22 info: ::1 - - [24/Mar/2022:12:08:22 +0000] "GET /api/v1.0/docs/ HTTP/1.1" 304 - "-" "Mozilla/5.0 (Windows NT 10.0; Win64; x64) AppleWebKit/537.36 (KHTML, like Gecko) Chrome/99.0.4844.82 Safari/537.36"
2022-03-24 17:38:22 info: ::1 - - [24/Mar/2022:12:08:22 +0000] "GET /api/v1.0/docs/swagger-ui.css HTTP/1.1" 304 - "-" "Mozilla/5.0 (Windows NT 10.0; Win64; x64) AppleWebKit/537.36 (KHTML, like Gecko) Chrome/99.0.4844.82 Safari/537.36"
2022-03-24 17:38:22 info: ::1 - - [24/Mar/2022:12:08:22 +0000] "GET /api/v1.0/docs/swagger-ui-init.js HTTP/1.1" 304 - "-" "Mozilla/5.0 (Windows NT 10.0; Win64; x64) AppleWebKit/537.36 (KHTML, like Gecko) Chrome/99.0.4844.82 Safari/537.36"
2022-03-24 17:38:22 info: ::1 - - [24/Mar/2022:12:08:22 +0000] "GET /api/v1.0/docs/swagger-ui-bundle.js HTTP/1.1" 304 - "-" "Mozilla/5.0 (Windows NT 10.0; Win64; x64) AppleWebKit/537.36 (KHTML, like Gecko) Chrome/99.0.4844.82 Safari/537.36"
2022-03-24 17:38:22 info: ::1 - - [24/Mar/2022:12:08:22 +0000] "GET /api/v1.0/docs/swagger-ui-standalone-preset.js HTTP/1.1" 304 - "-" "Mozilla/5.0 (Windows NT 10.0; Win64; x64) AppleWebKit/537.36 (KHTML, like Gecko) Chrome/99.0.4844.82 Safari/537.36"
2022-03-24 17:38:23 info: ::1 - - [24/Mar/2022:12:08:23 +0000] "GET /api/v1.0/docs/favicon-32x32.png HTTP/1.1" 304 - "-" "Mozilla/5.0 (Windows NT 10.0; Win64; x64) AppleWebKit/537.36 (KHTML, like Gecko) Chrome/99.0.4844.82 Safari/537.36"
2022-03-24 17:38:25 info: ::1 - - [24/Mar/2022:12:08:25 +0000] "GET /service-worker.js?pusherBeamsWebSDKVersion=1.1.0 HTTP/1.1" 404 156 "http://localhost:3000/service-worker.js?pusherBeamsWebSDKVersion=1.1.0" "Mozilla/5.0 (Windows NT 10.0; Win64; x64) AppleWebKit/537.36 (KHTML, like Gecko) Chrome/99.0.4844.82 Safari/537.36"
2022-03-24 17:38:54 info: ::1 - - [24/Mar/2022:12:08:54 +0000] "GET /api/v1.0/docs/ HTTP/1.1" 304 - "-" "Mozilla/5.0 (Windows NT 10.0; Win64; x64) AppleWebKit/537.36 (KHTML, like Gecko) Chrome/99.0.4844.82 Safari/537.36"
2022-03-24 17:38:54 info: ::1 - - [24/Mar/2022:12:08:54 +0000] "GET /api/v1.0/docs/swagger-ui.css HTTP/1.1" 304 - "-" "Mozilla/5.0 (Windows NT 10.0; Win64; x64) AppleWebKit/537.36 (KHTML, like Gecko) Chrome/99.0.4844.82 Safari/537.36"
2022-03-24 17:38:54 info: ::1 - - [24/Mar/2022:12:08:54 +0000] "GET /api/v1.0/docs/swagger-ui-bundle.js HTTP/1.1" 304 - "-" "Mozilla/5.0 (Windows NT 10.0; Win64; x64) AppleWebKit/537.36 (KHTML, like Gecko) Chrome/99.0.4844.82 Safari/537.36"
2022-03-24 17:38:54 info: ::1 - - [24/Mar/2022:12:08:54 +0000] "GET /api/v1.0/docs/swagger-ui-standalone-preset.js HTTP/1.1" 304 - "-" "Mozilla/5.0 (Windows NT 10.0; Win64; x64) AppleWebKit/537.36 (KHTML, like Gecko) Chrome/99.0.4844.82 Safari/537.36"
2022-03-24 17:38:54 info: ::1 - - [24/Mar/2022:12:08:54 +0000] "GET /api/v1.0/docs/swagger-ui-init.js HTTP/1.1" 304 - "-" "Mozilla/5.0 (Windows NT 10.0; Win64; x64) AppleWebKit/537.36 (KHTML, like Gecko) Chrome/99.0.4844.82 Safari/537.36"
2022-03-24 17:38:54 info: ::1 - - [24/Mar/2022:12:08:54 +0000] "GET /api/v1.0/docs/favicon-32x32.png HTTP/1.1" 304 - "-" "Mozilla/5.0 (Windows NT 10.0; Win64; x64) AppleWebKit/537.36 (KHTML, like Gecko) Chrome/99.0.4844.82 Safari/537.36"
2022-03-24 17:38:56 info: ::1 - - [24/Mar/2022:12:08:56 +0000] "GET /service-worker.js?pusherBeamsWebSDKVersion=1.1.0 HTTP/1.1" 404 156 "http://localhost:3000/service-worker.js?pusherBeamsWebSDKVersion=1.1.0" "Mozilla/5.0 (Windows NT 10.0; Win64; x64) AppleWebKit/537.36 (KHTML, like Gecko) Chrome/99.0.4844.82 Safari/537.36"
2022-03-24 17:42:55 info: ::1 - - [24/Mar/2022:12:12:55 +0000] "GET /api/v1.0/docs/ HTTP/1.1" 304 - "-" "Mozilla/5.0 (Windows NT 10.0; Win64; x64) AppleWebKit/537.36 (KHTML, like Gecko) Chrome/99.0.4844.82 Safari/537.36"
2022-03-24 17:42:55 info: ::1 - - [24/Mar/2022:12:12:55 +0000] "GET /api/v1.0/docs/swagger-ui.css HTTP/1.1" 304 - "-" "Mozilla/5.0 (Windows NT 10.0; Win64; x64) AppleWebKit/537.36 (KHTML, like Gecko) Chrome/99.0.4844.82 Safari/537.36"
2022-03-24 17:42:55 info: ::1 - - [24/Mar/2022:12:12:55 +0000] "GET /api/v1.0/docs/swagger-ui-standalone-preset.js HTTP/1.1" 304 - "-" "Mozilla/5.0 (Windows NT 10.0; Win64; x64) AppleWebKit/537.36 (KHTML, like Gecko) Chrome/99.0.4844.82 Safari/537.36"
2022-03-24 17:42:55 info: ::1 - - [24/Mar/2022:12:12:55 +0000] "GET /api/v1.0/docs/swagger-ui-init.js HTTP/1.1" 304 - "-" "Mozilla/5.0 (Windows NT 10.0; Win64; x64) AppleWebKit/537.36 (KHTML, like Gecko) Chrome/99.0.4844.82 Safari/537.36"
2022-03-24 17:42:55 info: ::1 - - [24/Mar/2022:12:12:55 +0000] "GET /api/v1.0/docs/swagger-ui-bundle.js HTTP/1.1" 304 - "-" "Mozilla/5.0 (Windows NT 10.0; Win64; x64) AppleWebKit/537.36 (KHTML, like Gecko) Chrome/99.0.4844.82 Safari/537.36"
2022-03-24 17:42:55 info: ::1 - - [24/Mar/2022:12:12:55 +0000] "GET /api/v1.0/docs/favicon-32x32.png HTTP/1.1" 304 - "-" "Mozilla/5.0 (Windows NT 10.0; Win64; x64) AppleWebKit/537.36 (KHTML, like Gecko) Chrome/99.0.4844.82 Safari/537.36"
2022-03-24 17:42:57 info: ::1 - - [24/Mar/2022:12:12:57 +0000] "GET /service-worker.js?pusherBeamsWebSDKVersion=1.1.0 HTTP/1.1" 404 156 "http://localhost:3000/service-worker.js?pusherBeamsWebSDKVersion=1.1.0" "Mozilla/5.0 (Windows NT 10.0; Win64; x64) AppleWebKit/537.36 (KHTML, like Gecko) Chrome/99.0.4844.82 Safari/537.36"
2022-03-24 17:43:14 info: Creating: TestController
2022-03-24 17:43:14 info: Creating: TestService
2022-03-24 17:43:14 info: Creating: TestRepository
2022-03-24 17:43:14 info: âš¡ï¸[server]: Server is running at http://localhost:3000
2022-03-24 17:43:14 info: âš¡ï¸[server]: API ROOT: http://localhost:3000/api/v1.0
2022-03-24 17:43:14 info: âš¡ï¸[server]: API DOCS: http://localhost:3000/api/v1.0/docs
2022-03-24 17:43:15 info: ::1 - - [24/Mar/2022:12:13:15 +0000] "GET /api/v1.0/docs/ HTTP/1.1" 304 - "-" "Mozilla/5.0 (Windows NT 10.0; Win64; x64) AppleWebKit/537.36 (KHTML, like Gecko) Chrome/99.0.4844.82 Safari/537.36"
2022-03-24 17:43:15 info: ::1 - - [24/Mar/2022:12:13:15 +0000] "GET /api/v1.0/docs/swagger-ui-init.js HTTP/1.1" 200 2697 "-" "Mozilla/5.0 (Windows NT 10.0; Win64; x64) AppleWebKit/537.36 (KHTML, like Gecko) Chrome/99.0.4844.82 Safari/537.36"
2022-03-24 17:43:15 info: ::1 - - [24/Mar/2022:12:13:15 +0000] "GET /api/v1.0/docs/swagger-ui.css HTTP/1.1" 304 - "-" "Mozilla/5.0 (Windows NT 10.0; Win64; x64) AppleWebKit/537.36 (KHTML, like Gecko) Chrome/99.0.4844.82 Safari/537.36"
2022-03-24 17:43:15 info: ::1 - - [24/Mar/2022:12:13:15 +0000] "GET /api/v1.0/docs/swagger-ui-bundle.js HTTP/1.1" 304 - "-" "Mozilla/5.0 (Windows NT 10.0; Win64; x64) AppleWebKit/537.36 (KHTML, like Gecko) Chrome/99.0.4844.82 Safari/537.36"
2022-03-24 17:43:15 info: ::1 - - [24/Mar/2022:12:13:15 +0000] "GET /api/v1.0/docs/swagger-ui-standalone-preset.js HTTP/1.1" 304 - "-" "Mozilla/5.0 (Windows NT 10.0; Win64; x64) AppleWebKit/537.36 (KHTML, like Gecko) Chrome/99.0.4844.82 Safari/537.36"
2022-03-24 17:43:17 info: ::1 - - [24/Mar/2022:12:13:17 +0000] "GET /service-worker.js?pusherBeamsWebSDKVersion=1.1.0 HTTP/1.1" 404 156 "http://localhost:3000/service-worker.js?pusherBeamsWebSDKVersion=1.1.0" "Mozilla/5.0 (Windows NT 10.0; Win64; x64) AppleWebKit/537.36 (KHTML, like Gecko) Chrome/99.0.4844.82 Safari/537.36"
2022-03-24 17:44:02 info: ::1 - - [24/Mar/2022:12:14:02 +0000] "POST /api/v1.0/test HTTP/1.1" 200 97 "-" "Mozilla/5.0 (Windows NT 10.0; Win64; x64) AppleWebKit/537.36 (KHTML, like Gecko) Chrome/99.0.4844.82 Safari/537.36"
2022-03-24 17:44:14 info: ::1 - - [24/Mar/2022:12:14:14 +0000] "GET /api/v1.0/docs/ HTTP/1.1" 304 - "-" "Mozilla/5.0 (Windows NT 10.0; Win64; x64) AppleWebKit/537.36 (KHTML, like Gecko) Chrome/99.0.4844.82 Safari/537.36"
2022-03-24 17:44:14 info: ::1 - - [24/Mar/2022:12:14:14 +0000] "GET /api/v1.0/docs/swagger-ui.css HTTP/1.1" 304 - "-" "Mozilla/5.0 (Windows NT 10.0; Win64; x64) AppleWebKit/537.36 (KHTML, like Gecko) Chrome/99.0.4844.82 Safari/537.36"
2022-03-24 17:44:14 info: ::1 - - [24/Mar/2022:12:14:14 +0000] "GET /api/v1.0/docs/swagger-ui-bundle.js HTTP/1.1" 304 - "-" "Mozilla/5.0 (Windows NT 10.0; Win64; x64) AppleWebKit/537.36 (KHTML, like Gecko) Chrome/99.0.4844.82 Safari/537.36"
2022-03-24 17:44:14 info: ::1 - - [24/Mar/2022:12:14:14 +0000] "GET /api/v1.0/docs/swagger-ui-init.js HTTP/1.1" 304 - "-" "Mozilla/5.0 (Windows NT 10.0; Win64; x64) AppleWebKit/537.36 (KHTML, like Gecko) Chrome/99.0.4844.82 Safari/537.36"
2022-03-24 17:44:14 info: ::1 - - [24/Mar/2022:12:14:14 +0000] "GET /api/v1.0/docs/swagger-ui-standalone-preset.js HTTP/1.1" 304 - "-" "Mozilla/5.0 (Windows NT 10.0; Win64; x64) AppleWebKit/537.36 (KHTML, like Gecko) Chrome/99.0.4844.82 Safari/537.36"
2022-03-24 17:44:15 info: ::1 - - [24/Mar/2022:12:14:15 +0000] "GET /api/v1.0/docs/favicon-32x32.png HTTP/1.1" 304 - "-" "Mozilla/5.0 (Windows NT 10.0; Win64; x64) AppleWebKit/537.36 (KHTML, like Gecko) Chrome/99.0.4844.82 Safari/537.36"
2022-03-24 17:44:16 info: ::1 - - [24/Mar/2022:12:14:16 +0000] "GET /service-worker.js?pusherBeamsWebSDKVersion=1.1.0 HTTP/1.1" 404 156 "http://localhost:3000/service-worker.js?pusherBeamsWebSDKVersion=1.1.0" "Mozilla/5.0 (Windows NT 10.0; Win64; x64) AppleWebKit/537.36 (KHTML, like Gecko) Chrome/99.0.4844.82 Safari/537.36"
2022-03-24 17:46:10 info: Creating: TestController
2022-03-24 17:46:10 info: Creating: TestService
2022-03-24 17:46:10 info: Creating: TestRepository
2022-03-24 17:46:10 info: âš¡ï¸[server]: Server is running at http://localhost:3000
2022-03-24 17:46:10 info: âš¡ï¸[server]: API ROOT: http://localhost:3000/api/v1.0
2022-03-24 17:46:10 info: âš¡ï¸[server]: API DOCS: http://localhost:3000/api/v1.0/docs
2022-03-24 17:46:17 info: ::1 - - [24/Mar/2022:12:16:17 +0000] "GET /api/v1.0/docs/ HTTP/1.1" 304 - "-" "Mozilla/5.0 (Windows NT 10.0; Win64; x64) AppleWebKit/537.36 (KHTML, like Gecko) Chrome/99.0.4844.82 Safari/537.36"
2022-03-24 17:46:17 info: ::1 - - [24/Mar/2022:12:16:17 +0000] "GET /api/v1.0/docs/swagger-ui.css HTTP/1.1" 304 - "-" "Mozilla/5.0 (Windows NT 10.0; Win64; x64) AppleWebKit/537.36 (KHTML, like Gecko) Chrome/99.0.4844.82 Safari/537.36"
2022-03-24 17:46:17 info: ::1 - - [24/Mar/2022:12:16:17 +0000] "GET /api/v1.0/docs/swagger-ui-bundle.js HTTP/1.1" 304 - "-" "Mozilla/5.0 (Windows NT 10.0; Win64; x64) AppleWebKit/537.36 (KHTML, like Gecko) Chrome/99.0.4844.82 Safari/537.36"
2022-03-24 17:46:17 info: ::1 - - [24/Mar/2022:12:16:17 +0000] "GET /api/v1.0/docs/swagger-ui-standalone-preset.js HTTP/1.1" 304 - "-" "Mozilla/5.0 (Windows NT 10.0; Win64; x64) AppleWebKit/537.36 (KHTML, like Gecko) Chrome/99.0.4844.82 Safari/537.36"
2022-03-24 17:46:17 info: ::1 - - [24/Mar/2022:12:16:17 +0000] "GET /api/v1.0/docs/swagger-ui-init.js HTTP/1.1" 200 2843 "-" "Mozilla/5.0 (Windows NT 10.0; Win64; x64) AppleWebKit/537.36 (KHTML, like Gecko) Chrome/99.0.4844.82 Safari/537.36"
2022-03-24 17:46:17 info: ::1 - - [24/Mar/2022:12:16:17 +0000] "GET /api/v1.0/docs/favicon-32x32.png HTTP/1.1" 304 - "-" "Mozilla/5.0 (Windows NT 10.0; Win64; x64) AppleWebKit/537.36 (KHTML, like Gecko) Chrome/99.0.4844.82 Safari/537.36"
2022-03-24 17:46:19 info: ::1 - - [24/Mar/2022:12:16:19 +0000] "GET /service-worker.js?pusherBeamsWebSDKVersion=1.1.0 HTTP/1.1" 404 156 "http://localhost:3000/service-worker.js?pusherBeamsWebSDKVersion=1.1.0" "Mozilla/5.0 (Windows NT 10.0; Win64; x64) AppleWebKit/537.36 (KHTML, like Gecko) Chrome/99.0.4844.82 Safari/537.36"
2022-03-24 17:46:31 info: ::1 - - [24/Mar/2022:12:16:31 +0000] "GET /api/v1.0/docs/ HTTP/1.1" 304 - "-" "Mozilla/5.0 (Windows NT 10.0; Win64; x64) AppleWebKit/537.36 (KHTML, like Gecko) Chrome/99.0.4844.82 Safari/537.36"
2022-03-24 17:46:31 info: ::1 - - [24/Mar/2022:12:16:31 +0000] "GET /api/v1.0/docs/swagger-ui.css HTTP/1.1" 304 - "-" "Mozilla/5.0 (Windows NT 10.0; Win64; x64) AppleWebKit/537.36 (KHTML, like Gecko) Chrome/99.0.4844.82 Safari/537.36"
2022-03-24 17:46:31 info: ::1 - - [24/Mar/2022:12:16:31 +0000] "GET /api/v1.0/docs/swagger-ui-init.js HTTP/1.1" 304 - "-" "Mozilla/5.0 (Windows NT 10.0; Win64; x64) AppleWebKit/537.36 (KHTML, like Gecko) Chrome/99.0.4844.82 Safari/537.36"
2022-03-24 17:46:31 info: ::1 - - [24/Mar/2022:12:16:31 +0000] "GET /api/v1.0/docs/swagger-ui-bundle.js HTTP/1.1" 304 - "-" "Mozilla/5.0 (Windows NT 10.0; Win64; x64) AppleWebKit/537.36 (KHTML, like Gecko) Chrome/99.0.4844.82 Safari/537.36"
2022-03-24 17:46:31 info: ::1 - - [24/Mar/2022:12:16:31 +0000] "GET /api/v1.0/docs/swagger-ui-standalone-preset.js HTTP/1.1" 304 - "-" "Mozilla/5.0 (Windows NT 10.0; Win64; x64) AppleWebKit/537.36 (KHTML, like Gecko) Chrome/99.0.4844.82 Safari/537.36"
2022-03-24 17:46:33 info: ::1 - - [24/Mar/2022:12:16:33 +0000] "GET /service-worker.js?pusherBeamsWebSDKVersion=1.1.0 HTTP/1.1" 404 156 "http://localhost:3000/service-worker.js?pusherBeamsWebSDKVersion=1.1.0" "Mozilla/5.0 (Windows NT 10.0; Win64; x64) AppleWebKit/537.36 (KHTML, like Gecko) Chrome/99.0.4844.82 Safari/537.36"
2022-03-24 17:48:32 info: Creating: TestController
2022-03-24 17:48:32 info: Creating: TestService
2022-03-24 17:48:32 info: Creating: TestRepository
2022-03-24 17:48:32 info: âš¡ï¸[server]: Server is running at http://localhost:3000
2022-03-24 17:48:32 info: âš¡ï¸[server]: API ROOT: http://localhost:3000/api/v1.0
2022-03-24 17:48:32 info: âš¡ï¸[server]: API DOCS: http://localhost:3000/api/v1.0/docs
2022-03-24 17:49:32 info: Creating: TestController
2022-03-24 17:49:32 info: Creating: TestService
2022-03-24 17:49:32 info: Creating: TestRepository
2022-03-24 17:49:32 info: âš¡ï¸[server]: Server is running at http://localhost:3000
2022-03-24 17:49:32 info: âš¡ï¸[server]: API ROOT: http://localhost:3000/api/v1.0
2022-03-24 17:49:32 info: âš¡ï¸[server]: API DOCS: http://localhost:3000/api/v1.0/docs
2022-03-24 17:51:35 info: ::1 - - [24/Mar/2022:12:21:35 +0000] "GET /api/v1.0/docs/ HTTP/1.1" 304 - "-" "Mozilla/5.0 (Windows NT 10.0; Win64; x64) AppleWebKit/537.36 (KHTML, like Gecko) Chrome/99.0.4844.82 Safari/537.36"
2022-03-24 17:51:35 info: ::1 - - [24/Mar/2022:12:21:35 +0000] "GET /api/v1.0/docs/swagger-ui.css HTTP/1.1" 304 - "-" "Mozilla/5.0 (Windows NT 10.0; Win64; x64) AppleWebKit/537.36 (KHTML, like Gecko) Chrome/99.0.4844.82 Safari/537.36"
2022-03-24 17:51:35 info: ::1 - - [24/Mar/2022:12:21:35 +0000] "GET /api/v1.0/docs/swagger-ui-bundle.js HTTP/1.1" 304 - "-" "Mozilla/5.0 (Windows NT 10.0; Win64; x64) AppleWebKit/537.36 (KHTML, like Gecko) Chrome/99.0.4844.82 Safari/537.36"
2022-03-24 17:51:35 info: ::1 - - [24/Mar/2022:12:21:35 +0000] "GET /api/v1.0/docs/swagger-ui-init.js HTTP/1.1" 200 2786 "-" "Mozilla/5.0 (Windows NT 10.0; Win64; x64) AppleWebKit/537.36 (KHTML, like Gecko) Chrome/99.0.4844.82 Safari/537.36"
2022-03-24 17:51:35 info: ::1 - - [24/Mar/2022:12:21:35 +0000] "GET /api/v1.0/docs/swagger-ui-standalone-preset.js HTTP/1.1" 304 - "-" "Mozilla/5.0 (Windows NT 10.0; Win64; x64) AppleWebKit/537.36 (KHTML, like Gecko) Chrome/99.0.4844.82 Safari/537.36"
2022-03-24 17:51:37 info: ::1 - - [24/Mar/2022:12:21:37 +0000] "GET /service-worker.js?pusherBeamsWebSDKVersion=1.1.0 HTTP/1.1" 404 156 "http://localhost:3000/service-worker.js?pusherBeamsWebSDKVersion=1.1.0" "Mozilla/5.0 (Windows NT 10.0; Win64; x64) AppleWebKit/537.36 (KHTML, like Gecko) Chrome/99.0.4844.82 Safari/537.36"
2022-03-24 17:56:43 info: Creating: TestController
2022-03-24 17:56:43 info: Creating: TestService
2022-03-24 17:56:43 info: Creating: TestRepository
2022-03-24 17:56:43 info: âš¡ï¸[server]: Server is running at http://localhost:3000
2022-03-24 17:56:43 info: âš¡ï¸[server]: API ROOT: http://localhost:3000/api/v1.0
2022-03-24 17:56:43 info: âš¡ï¸[server]: API DOCS: http://localhost:3000/api/v1.0/docs
2022-03-24 18:02:01 info: ::1 - - [24/Mar/2022:12:32:01 +0000] "GET /api/v1.0/docs/ HTTP/1.1" 304 - "-" "Mozilla/5.0 (Windows NT 10.0; Win64; x64) AppleWebKit/537.36 (KHTML, like Gecko) Chrome/99.0.4844.82 Safari/537.36"
2022-03-24 18:02:01 info: ::1 - - [24/Mar/2022:12:32:01 +0000] "GET /api/v1.0/docs/swagger-ui.css HTTP/1.1" 304 - "-" "Mozilla/5.0 (Windows NT 10.0; Win64; x64) AppleWebKit/537.36 (KHTML, like Gecko) Chrome/99.0.4844.82 Safari/537.36"
2022-03-24 18:02:01 info: ::1 - - [24/Mar/2022:12:32:01 +0000] "GET /api/v1.0/docs/swagger-ui-bundle.js HTTP/1.1" 304 - "-" "Mozilla/5.0 (Windows NT 10.0; Win64; x64) AppleWebKit/537.36 (KHTML, like Gecko) Chrome/99.0.4844.82 Safari/537.36"
2022-03-24 18:02:01 info: ::1 - - [24/Mar/2022:12:32:01 +0000] "GET /api/v1.0/docs/swagger-ui-init.js HTTP/1.1" 200 2981 "-" "Mozilla/5.0 (Windows NT 10.0; Win64; x64) AppleWebKit/537.36 (KHTML, like Gecko) Chrome/99.0.4844.82 Safari/537.36"
2022-03-24 18:02:01 info: ::1 - - [24/Mar/2022:12:32:01 +0000] "GET /api/v1.0/docs/swagger-ui-standalone-preset.js HTTP/1.1" 304 - "-" "Mozilla/5.0 (Windows NT 10.0; Win64; x64) AppleWebKit/537.36 (KHTML, like Gecko) Chrome/99.0.4844.82 Safari/537.36"
2022-03-24 18:02:04 info: ::1 - - [24/Mar/2022:12:32:04 +0000] "GET /service-worker.js?pusherBeamsWebSDKVersion=1.1.0 HTTP/1.1" 404 156 "http://localhost:3000/service-worker.js?pusherBeamsWebSDKVersion=1.1.0" "Mozilla/5.0 (Windows NT 10.0; Win64; x64) AppleWebKit/537.36 (KHTML, like Gecko) Chrome/99.0.4844.82 Safari/537.36"
2022-03-24 18:04:05 info: Creating: TestController
2022-03-24 18:04:05 info: Creating: TestService
2022-03-24 18:04:05 info: Creating: TestRepository
2022-03-24 18:04:05 info: âš¡ï¸[server]: Server is running at http://localhost:3000
2022-03-24 18:04:05 info: âš¡ï¸[server]: API ROOT: http://localhost:3000/api/v1.0
2022-03-24 18:04:05 info: âš¡ï¸[server]: API DOCS: http://localhost:3000/api/v1.0/docs
2022-03-24 18:04:43 info: ::1 - - [24/Mar/2022:12:34:43 +0000] "GET /api/v1.0/docs/ HTTP/1.1" 304 - "-" "Mozilla/5.0 (Windows NT 10.0; Win64; x64) AppleWebKit/537.36 (KHTML, like Gecko) Chrome/99.0.4844.82 Safari/537.36"
2022-03-24 18:04:43 info: ::1 - - [24/Mar/2022:12:34:43 +0000] "GET /api/v1.0/docs/swagger-ui.css HTTP/1.1" 304 - "-" "Mozilla/5.0 (Windows NT 10.0; Win64; x64) AppleWebKit/537.36 (KHTML, like Gecko) Chrome/99.0.4844.82 Safari/537.36"
2022-03-24 18:04:43 info: ::1 - - [24/Mar/2022:12:34:43 +0000] "GET /api/v1.0/docs/swagger-ui-bundle.js HTTP/1.1" 304 - "-" "Mozilla/5.0 (Windows NT 10.0; Win64; x64) AppleWebKit/537.36 (KHTML, like Gecko) Chrome/99.0.4844.82 Safari/537.36"
2022-03-24 18:04:43 info: ::1 - - [24/Mar/2022:12:34:43 +0000] "GET /api/v1.0/docs/swagger-ui-init.js HTTP/1.1" 200 2970 "-" "Mozilla/5.0 (Windows NT 10.0; Win64; x64) AppleWebKit/537.36 (KHTML, like Gecko) Chrome/99.0.4844.82 Safari/537.36"
2022-03-24 18:04:43 info: ::1 - - [24/Mar/2022:12:34:43 +0000] "GET /api/v1.0/docs/swagger-ui-standalone-preset.js HTTP/1.1" 304 - "-" "Mozilla/5.0 (Windows NT 10.0; Win64; x64) AppleWebKit/537.36 (KHTML, like Gecko) Chrome/99.0.4844.82 Safari/537.36"
2022-03-24 18:04:46 info: ::1 - - [24/Mar/2022:12:34:46 +0000] "GET /service-worker.js?pusherBeamsWebSDKVersion=1.1.0 HTTP/1.1" 404 156 "http://localhost:3000/service-worker.js?pusherBeamsWebSDKVersion=1.1.0" "Mozilla/5.0 (Windows NT 10.0; Win64; x64) AppleWebKit/537.36 (KHTML, like Gecko) Chrome/99.0.4844.82 Safari/537.36"
2022-03-24 18:05:27 info: Creating: TestController
2022-03-24 18:05:27 info: Creating: TestService
2022-03-24 18:05:27 info: Creating: TestRepository
2022-03-24 18:05:27 info: âš¡ï¸[server]: Server is running at http://localhost:3000
2022-03-24 18:05:27 info: âš¡ï¸[server]: API ROOT: http://localhost:3000/api/v1.0
2022-03-24 18:05:27 info: âš¡ï¸[server]: API DOCS: http://localhost:3000/api/v1.0/docs
2022-03-24 18:05:54 info: ::1 - - [24/Mar/2022:12:35:54 +0000] "GET /api/v1.0/docs/ HTTP/1.1" 304 - "-" "Mozilla/5.0 (Windows NT 10.0; Win64; x64) AppleWebKit/537.36 (KHTML, like Gecko) Chrome/99.0.4844.82 Safari/537.36"
2022-03-24 18:05:54 info: ::1 - - [24/Mar/2022:12:35:54 +0000] "GET /api/v1.0/docs/swagger-ui.css HTTP/1.1" 304 - "-" "Mozilla/5.0 (Windows NT 10.0; Win64; x64) AppleWebKit/537.36 (KHTML, like Gecko) Chrome/99.0.4844.82 Safari/537.36"
2022-03-24 18:05:54 info: ::1 - - [24/Mar/2022:12:35:54 +0000] "GET /api/v1.0/docs/swagger-ui-bundle.js HTTP/1.1" 304 - "-" "Mozilla/5.0 (Windows NT 10.0; Win64; x64) AppleWebKit/537.36 (KHTML, like Gecko) Chrome/99.0.4844.82 Safari/537.36"
2022-03-24 18:05:54 info: ::1 - - [24/Mar/2022:12:35:54 +0000] "GET /api/v1.0/docs/swagger-ui-init.js HTTP/1.1" 200 2964 "-" "Mozilla/5.0 (Windows NT 10.0; Win64; x64) AppleWebKit/537.36 (KHTML, like Gecko) Chrome/99.0.4844.82 Safari/537.36"
2022-03-24 18:05:54 info: ::1 - - [24/Mar/2022:12:35:54 +0000] "GET /api/v1.0/docs/swagger-ui-standalone-preset.js HTTP/1.1" 304 - "-" "Mozilla/5.0 (Windows NT 10.0; Win64; x64) AppleWebKit/537.36 (KHTML, like Gecko) Chrome/99.0.4844.82 Safari/537.36"
2022-03-24 18:05:57 info: ::1 - - [24/Mar/2022:12:35:57 +0000] "GET /service-worker.js?pusherBeamsWebSDKVersion=1.1.0 HTTP/1.1" 404 156 "http://localhost:3000/service-worker.js?pusherBeamsWebSDKVersion=1.1.0" "Mozilla/5.0 (Windows NT 10.0; Win64; x64) AppleWebKit/537.36 (KHTML, like Gecko) Chrome/99.0.4844.82 Safari/537.36"
2022-03-24 19:19:50 info: Creating: TestController
2022-03-24 19:19:50 info: Creating: TestService
2022-03-24 19:19:50 info: Creating: TestRepository
2022-03-24 19:19:50 info: âš¡ï¸[server]: Server is running at http://localhost:3000
2022-03-24 19:19:50 info: âš¡ï¸[server]: API ROOT: http://localhost:3000/api/v1.0
2022-03-24 19:19:50 info: âš¡ï¸[server]: API DOCS: http://localhost:3000/api/v1.0/docs
